#
# There is insufficient memory for the Java Runtime Environment to continue.
# Native memory allocation (malloc) failed to allocate 32744 bytes for ChunkPool::allocate
# Possible reasons:
#   The system is out of physical RAM or swap space
#   The process is running with CompressedOops enabled, and the Java Heap may be blocking the growth of the native heap
# Possible solutions:
#   Reduce memory load on the system
#   Increase physical memory or swap space
#   Check if swap backing store is full
#   Decrease Java heap size (-Xmx/-Xms)
#   Decrease number of Java threads
#   Decrease Java thread stack sizes (-Xss)
#   Set larger code cache with -XX:ReservedCodeCacheSize=
#   JVM is running with Unscaled Compressed Oops mode in which the Java heap is
#     placed in the first 4GB address space. The Java Heap base address is the
#     maximum limit for the native heap growth. Please use -XX:HeapBaseMinAddress
#     to set the Java Heap base and to place the Java Heap above 4GB virtual address.
# This output file may be truncated or incomplete.
#
#  Out of Memory Error (allocation.cpp:272), pid=12824, tid=0x0000000000003124
#
# JRE version: OpenJDK Runtime Environment (8.0_202-b03) (build 1.8.0_202-release-1483-b03)
# Java VM: OpenJDK 64-Bit Server VM (25.202-b03 mixed mode windows-amd64 compressed oops)
# Failed to write core dump. Minidumps are not enabled by default on client versions of Windows
#

---------------  T H R E A D  ---------------

Current thread (0x00000000169ea800):  JavaThread "C2 CompilerThread1" daemon [_thread_in_native, id=12580, stack(0x0000000018130000,0x0000000018230000)]

Stack: [0x0000000018130000,0x0000000018230000]
[error occurred during error reporting (printing stack bounds), id 0xc0000005]

Native frames: (J=compiled Java code, j=interpreted, Vv=VM code, C=native code)


Current CompileTask:
C2:  56201 5256   !   4       java.net.URLClassLoader$1::run (63 bytes)


---------------  P R O C E S S  ---------------

Java Threads: ( => current thread )
  0x000000001e3ae800 JavaThread "Cache worker for file content cache (C:\Users\slevi\AndroidStudioProjects\LosTrack\.gradle\5.4.1\fileContent)" [_thread_blocked, id=16240, stack(0x0000000022810000,0x0000000022910000)]
  0x000000001e3a3000 JavaThread "Cache worker for file content cache (C:\Users\slevi\.gradle\caches\5.4.1\fileContent)" [_thread_blocked, id=16236, stack(0x0000000022710000,0x0000000022810000)]
  0x000000001e3aa000 JavaThread "Memory manager" [_thread_blocked, id=16232, stack(0x00000000221f0000,0x00000000222f0000)]
  0x000000001e3a4000 JavaThread "Cache worker for Build Output Cleanup Cache (C:\Users\slevi\AndroidStudioProjects\LosTrack\.gradle\buildOutputCleanup)" [_thread_blocked, id=15816, stack(0x0000000021af0000,0x0000000021bf0000)]
  0x000000001e3a9000 JavaThread "pool-1-thread-1" [_thread_blocked, id=15720, stack(0x00000000215f0000,0x00000000216f0000)]
  0x000000001e3a2800 JavaThread "Build operations Thread 4" [_thread_blocked, id=15636, stack(0x00000000210f0000,0x00000000211f0000)]
  0x000000001e3a7000 JavaThread "Build operations Thread 3" [_thread_blocked, id=15632, stack(0x0000000020ff0000,0x00000000210f0000)]
  0x000000001e3a8800 JavaThread "Build operations Thread 2" [_thread_blocked, id=15628, stack(0x0000000020ef0000,0x0000000020ff0000)]
  0x000000001e3a6000 JavaThread "Build operations" [_thread_blocked, id=15624, stack(0x0000000020df0000,0x0000000020ef0000)]
  0x000000001e3a1800 JavaThread "Cache worker for execution history cache (C:\Users\slevi\.gradle\caches\5.4.1\executionHistory)" [_thread_blocked, id=15568, stack(0x00000000208a0000,0x00000000209a0000)]
  0x000000001e3a4800 JavaThread "Cache worker for cache directory md-rule (C:\Users\slevi\.gradle\caches\5.4.1\md-rule)" [_thread_blocked, id=15556, stack(0x00000000207a0000,0x00000000208a0000)]
  0x000000001e3a5800 JavaThread "Cache worker for cache directory md-supplier (C:\Users\slevi\.gradle\caches\5.4.1\md-supplier)" [_thread_blocked, id=15548, stack(0x000000001eff0000,0x000000001f0f0000)]
  0x0000000019c30800 JavaThread "Cache worker for file hash cache (C:\Users\slevi\AndroidStudioProjects\LosTrack\.gradle\5.4.1\fileHashes)" [_thread_blocked, id=13908, stack(0x000000001eaf0000,0x000000001ebf0000)]
  0x0000000019c2f800 JavaThread "Cache worker for journal cache (C:\Users\slevi\.gradle\caches\journal-1)" [_thread_blocked, id=14128, stack(0x000000001b580000,0x000000001b680000)]
  0x0000000019c31000 JavaThread "File lock request listener" [_thread_in_native, id=2432, stack(0x000000001b480000,0x000000001b580000)]
  0x0000000019c2f000 JavaThread "Cache worker for file hash cache (C:\Users\slevi\.gradle\caches\5.4.1\fileHashes)" [_thread_blocked, id=13096, stack(0x000000001b380000,0x000000001b480000)]
  0x00000000199a5000 JavaThread "Thread-9" [_thread_blocked, id=12852, stack(0x000000001b280000,0x000000001b380000)]
  0x00000000199a2800 JavaThread "Stdin handler" [_thread_blocked, id=10408, stack(0x000000001b180000,0x000000001b280000)]
  0x00000000199b9000 JavaThread "Asynchronous log dispatcher for DefaultDaemonConnection: socket connection from /127.0.0.1:65275 to /127.0.0.1:65277" [_thread_blocked, id=12364, stack(0x000000001b080000,0x000000001b180000)]
  0x00000000199b8000 JavaThread "Daemon worker" [_thread_in_Java, id=11164, stack(0x000000001af80000,0x000000001b080000)]
  0x00000000199a1000 JavaThread "Cancel handler" [_thread_blocked, id=9428, stack(0x000000001ae80000,0x000000001af80000)]
  0x0000000019871800 JavaThread "Handler for socket connection from /127.0.0.1:65275 to /127.0.0.1:65277" [_thread_in_native, id=12264, stack(0x000000001ab80000,0x000000001ac80000)]
  0x0000000019873000 JavaThread "Daemon" [_thread_blocked, id=11644, stack(0x000000001aa80000,0x000000001ab80000)]
  0x0000000019980800 JavaThread "Daemon periodic checks" [_thread_blocked, id=7436, stack(0x000000001a980000,0x000000001aa80000)]
  0x000000001994d800 JavaThread "Incoming local TCP Connector on port 65275" [_thread_in_native, id=15268, stack(0x000000001a740000,0x000000001a840000)]
  0x000000001977b800 JavaThread "Daemon health stats" [_thread_blocked, id=15304, stack(0x000000001a100000,0x000000001a200000)]
  0x0000000018360800 JavaThread "Service Thread" daemon [_thread_blocked, id=5332, stack(0x0000000018730000,0x0000000018830000)]
  0x00000000169ed800 JavaThread "C1 CompilerThread2" daemon [_thread_blocked, id=2860, stack(0x0000000018230000,0x0000000018330000)]
=>0x00000000169ea800 JavaThread "C2 CompilerThread1" daemon [_thread_in_native, id=12580, stack(0x0000000018130000,0x0000000018230000)]
  0x00000000169e7000 JavaThread "C2 CompilerThread0" daemon [_thread_in_native, id=12724, stack(0x0000000018030000,0x0000000018130000)]
  0x00000000169e4800 JavaThread "Attach Listener" daemon [_thread_blocked, id=12624, stack(0x0000000017f30000,0x0000000018030000)]
  0x00000000169e3800 JavaThread "Signal Dispatcher" daemon [_thread_blocked, id=15300, stack(0x0000000017e30000,0x0000000017f30000)]
  0x000000000306b000 JavaThread "Finalizer" daemon [_thread_blocked, id=11364, stack(0x0000000017c30000,0x0000000017d30000)]
  0x0000000003062000 JavaThread "Reference Handler" daemon [_thread_blocked, id=10968, stack(0x0000000017b30000,0x0000000017c30000)]
  0x0000000002e6e800 JavaThread "main" [_thread_blocked, id=5880, stack(0x0000000002e70000,0x0000000002f70000)]

Other Threads:
  0x00000000169a5800 VMThread [stack: 0x0000000017a30000,0x0000000017b30000] [id=11588]
  0x0000000016a3d800 WatcherThread [stack: 0x0000000018830000,0x0000000018930000] [id=8204]

VM state:not at safepoint (normal execution)

VM Mutex/Monitor currently owned by a thread: None

heap address: 0x00000000a0000000, size: 1536 MB, Compressed Oops mode: 32-bit
Narrow klass base: 0x0000000000000000, Narrow klass shift: 3
Compressed class space size: 1073741824 Address: 0x0000000100000000

Heap:
 PSYoungGen      total 107520K, used 86447K [0x00000000e0000000, 0x00000000e7400000, 0x0000000100000000)
  eden space 96768K, 78% used [0x00000000e0000000,0x00000000e49ed910,0x00000000e5e80000)
  from space 10752K, 99% used [0x00000000e5f00000,0x00000000e697e460,0x00000000e6980000)
  to   space 9216K, 0% used [0x00000000e6b00000,0x00000000e6b00000,0x00000000e7400000)
 ParOldGen       total 53248K, used 24240K [0x00000000a0000000, 0x00000000a3400000, 0x00000000e0000000)
  object space 53248K, 45% used [0x00000000a0000000,0x00000000a17ac170,0x00000000a3400000)
 Metaspace       used 56774K, capacity 58224K, committed 58368K, reserved 1099776K
  class space    used 7700K, capacity 8081K, committed 8192K, reserved 1048576K

Card table byte_map: [0x0000000012430000,0x0000000012740000] byte_map_base: 0x0000000011f30000

Marking Bits: (ParMarkBitMap*) 0x0000000077f79f30
 Begin Bits: [0x0000000012d40000, 0x0000000014540000)
 End Bits:   [0x0000000014540000, 0x0000000015d40000)

Polling page: 0x0000000001180000

CodeCache: size=245760Kb used=16750Kb max_used=16757Kb free=229009Kb
 bounds [0x0000000003070000, 0x00000000040e0000, 0x0000000012070000]
 total_blobs=5669 nmethods=4867 adapters=714
 compilation: enabled

Compilation events (10 events):
Event: 55.744 Thread 0x00000000169ed800 nmethod 5253 0x00000000040d4990 code [0x00000000040d4b00, 0x00000000040d4da8]
Event: 55.744 Thread 0x00000000169ed800 5246       3       org.gradle.internal.component.external.model.maven.DefaultMavenModuleResolveMetadata::createConfiguration (52 bytes)
Event: 55.744 Thread 0x00000000169ed800 nmethod 5246 0x00000000040d4ed0 code [0x00000000040d5080, 0x00000000040d5708]
Event: 55.744 Thread 0x00000000169ed800 5245       3       org.gradle.internal.component.external.model.AbstractLazyModuleComponentResolveMetadata::constructHierarchy (39 bytes)
Event: 55.745 Thread 0x00000000169ed800 nmethod 5245 0x00000000040d5a50 code [0x00000000040d5c60, 0x00000000040d66e8]
Event: 55.748 Thread 0x00000000169ea800 5255       4       java.lang.reflect.Constructor::getParameterTypes (11 bytes)
Event: 55.749 Thread 0x00000000169ea800 nmethod 5255 0x00000000040d9a50 code [0x00000000040d9ba0, 0x00000000040d9cd8]
Event: 55.751 Thread 0x00000000169ea800 5256   !   4       java.net.URLClassLoader$1::run (63 bytes)
Event: 55.912 Thread 0x00000000169ed800 5258       1       org.gradle.api.internal.artifacts.ivyservice.ivyresolve.strategy.AbstractVersionSelector::getSelector (5 bytes)
Event: 55.912 Thread 0x00000000169ed800 nmethod 5258 0x00000000040d9790 code [0x00000000040d98e0, 0x00000000040d99f0]

GC Heap History (10 events):
Event: 28.476 GC heap before
{Heap before GC invocations=11 (full 1):
 PSYoungGen      total 63488K, used 62594K [0x00000000e0000000, 0x00000000e5b80000, 0x0000000100000000)
  eden space 55296K, 100% used [0x00000000e0000000,0x00000000e3600000,0x00000000e3600000)
  from space 8192K, 89% used [0x00000000e3600000,0x00000000e3d208c0,0x00000000e3e00000)
  to   space 8704K, 0% used [0x00000000e5300000,0x00000000e5300000,0x00000000e5b80000)
 ParOldGen       total 35840K, used 11507K [0x00000000a0000000, 0x00000000a2300000, 0x00000000e0000000)
  object space 35840K, 32% used [0x00000000a0000000,0x00000000a0b3cfe0,0x00000000a2300000)
 Metaspace       used 31457K, capacity 31994K, committed 32128K, reserved 1077248K
  class space    used 4289K, capacity 4464K, committed 4480K, reserved 1048576K
Event: 28.512 GC heap after
Heap after GC invocations=11 (full 1):
 PSYoungGen      total 83968K, used 7763K [0x00000000e0000000, 0x00000000e5b80000, 0x0000000100000000)
  eden space 75264K, 0% used [0x00000000e0000000,0x00000000e0000000,0x00000000e4980000)
  from space 8704K, 89% used [0x00000000e5300000,0x00000000e5a94ce8,0x00000000e5b80000)
  to   space 9216K, 0% used [0x00000000e4980000,0x00000000e4980000,0x00000000e5280000)
 ParOldGen       total 35840K, used 11515K [0x00000000a0000000, 0x00000000a2300000, 0x00000000e0000000)
  object space 35840K, 32% used [0x00000000a0000000,0x00000000a0b3efe0,0x00000000a2300000)
 Metaspace       used 31457K, capacity 31994K, committed 32128K, reserved 1077248K
  class space    used 4289K, capacity 4464K, committed 4480K, reserved 1048576K
}
Event: 34.242 GC heap before
{Heap before GC invocations=12 (full 1):
 PSYoungGen      total 83968K, used 71959K [0x00000000e0000000, 0x00000000e5b80000, 0x0000000100000000)
  eden space 75264K, 85% used [0x00000000e0000000,0x00000000e3eb1088,0x00000000e4980000)
  from space 8704K, 89% used [0x00000000e5300000,0x00000000e5a94ce8,0x00000000e5b80000)
  to   space 9216K, 0% used [0x00000000e4980000,0x00000000e4980000,0x00000000e5280000)
 ParOldGen       total 35840K, used 11515K [0x00000000a0000000, 0x00000000a2300000, 0x00000000e0000000)
  object space 35840K, 32% used [0x00000000a0000000,0x00000000a0b3efe0,0x00000000a2300000)
 Metaspace       used 34665K, capacity 35344K, committed 35456K, reserved 1079296K
  class space    used 4751K, capacity 4949K, committed 4992K, reserved 1048576K
Event: 34.281 GC heap after
Heap after GC invocations=12 (full 1):
 PSYoungGen      total 84480K, used 5681K [0x00000000e0000000, 0x00000000e7400000, 0x0000000100000000)
  eden space 75264K, 0% used [0x00000000e0000000,0x00000000e0000000,0x00000000e4980000)
  from space 9216K, 61% used [0x00000000e4980000,0x00000000e4f0c440,0x00000000e5280000)
  to   space 9216K, 0% used [0x00000000e6b00000,0x00000000e6b00000,0x00000000e7400000)
 ParOldGen       total 35840K, used 16281K [0x00000000a0000000, 0x00000000a2300000, 0x00000000e0000000)
  object space 35840K, 45% used [0x00000000a0000000,0x00000000a0fe6740,0x00000000a2300000)
 Metaspace       used 34665K, capacity 35344K, committed 35456K, reserved 1079296K
  class space    used 4751K, capacity 4949K, committed 4992K, reserved 1048576K
}
Event: 34.281 GC heap before
{Heap before GC invocations=13 (full 2):
 PSYoungGen      total 84480K, used 5681K [0x00000000e0000000, 0x00000000e7400000, 0x0000000100000000)
  eden space 75264K, 0% used [0x00000000e0000000,0x00000000e0000000,0x00000000e4980000)
  from space 9216K, 61% used [0x00000000e4980000,0x00000000e4f0c440,0x00000000e5280000)
  to   space 9216K, 0% used [0x00000000e6b00000,0x00000000e6b00000,0x00000000e7400000)
 ParOldGen       total 35840K, used 16281K [0x00000000a0000000, 0x00000000a2300000, 0x00000000e0000000)
  object space 35840K, 45% used [0x00000000a0000000,0x00000000a0fe6740,0x00000000a2300000)
 Metaspace       used 34665K, capacity 35344K, committed 35456K, reserved 1079296K
  class space    used 4751K, capacity 4949K, committed 4992K, reserved 1048576K
Event: 34.507 GC heap after
Heap after GC invocations=13 (full 2):
 PSYoungGen      total 84480K, used 0K [0x00000000e0000000, 0x00000000e7400000, 0x0000000100000000)
  eden space 75264K, 0% used [0x00000000e0000000,0x00000000e0000000,0x00000000e4980000)
  from space 9216K, 0% used [0x00000000e4980000,0x00000000e4980000,0x00000000e5280000)
  to   space 9216K, 0% used [0x00000000e6b00000,0x00000000e6b00000,0x00000000e7400000)
 ParOldGen       total 53248K, used 17182K [0x00000000a0000000, 0x00000000a3400000, 0x00000000e0000000)
  object space 53248K, 32% used [0x00000000a0000000,0x00000000a10c7920,0x00000000a3400000)
 Metaspace       used 34665K, capacity 35344K, committed 35456K, reserved 1079296K
  class space    used 4751K, capacity 4949K, committed 4992K, reserved 1048576K
}
Event: 42.859 GC heap before
{Heap before GC invocations=14 (full 2):
 PSYoungGen      total 84480K, used 75264K [0x00000000e0000000, 0x00000000e7400000, 0x0000000100000000)
  eden space 75264K, 100% used [0x00000000e0000000,0x00000000e4980000,0x00000000e4980000)
  from space 9216K, 0% used [0x00000000e4980000,0x00000000e4980000,0x00000000e5280000)
  to   space 9216K, 0% used [0x00000000e6b00000,0x00000000e6b00000,0x00000000e7400000)
 ParOldGen       total 53248K, used 17182K [0x00000000a0000000, 0x00000000a3400000, 0x00000000e0000000)
  object space 53248K, 32% used [0x00000000a0000000,0x00000000a10c7920,0x00000000a3400000)
 Metaspace       used 43015K, capacity 43870K, committed 44032K, reserved 1087488K
  class space    used 5803K, capacity 6029K, committed 6144K, reserved 1048576K
Event: 42.909 GC heap after
Heap after GC invocations=14 (full 2):
 PSYoungGen      total 105984K, used 9192K [0x00000000e0000000, 0x00000000e7400000, 0x0000000100000000)
  eden space 96768K, 0% used [0x00000000e0000000,0x00000000e0000000,0x00000000e5e80000)
  from space 9216K, 99% used [0x00000000e6b00000,0x00000000e73fa168,0x00000000e7400000)
  to   space 10752K, 0% used [0x00000000e5f00000,0x00000000e5f00000,0x00000000e6980000)
 ParOldGen       total 53248K, used 18529K [0x00000000a0000000, 0x00000000a3400000, 0x00000000e0000000)
  object space 53248K, 34% used [0x00000000a0000000,0x00000000a1218650,0x00000000a3400000)
 Metaspace       used 43015K, capacity 43870K, committed 44032K, reserved 1087488K
  class space    used 5803K, capacity 6029K, committed 6144K, reserved 1048576K
}
Event: 49.506 GC heap before
{Heap before GC invocations=15 (full 2):
 PSYoungGen      total 105984K, used 105960K [0x00000000e0000000, 0x00000000e7400000, 0x0000000100000000)
  eden space 96768K, 100% used [0x00000000e0000000,0x00000000e5e80000,0x00000000e5e80000)
  from space 9216K, 99% used [0x00000000e6b00000,0x00000000e73fa168,0x00000000e7400000)
  to   space 10752K, 0% used [0x00000000e5f00000,0x00000000e5f00000,0x00000000e6980000)
 ParOldGen       total 53248K, used 18529K [0x00000000a0000000, 0x00000000a3400000, 0x00000000e0000000)
  object space 53248K, 34% used [0x00000000a0000000,0x00000000a1218650,0x00000000a3400000)
 Metaspace       used 50448K, capacity 51726K, committed 51968K, reserved 1093632K
  class space    used 6779K, capacity 7136K, committed 7168K, reserved 1048576K
Event: 49.568 GC heap after
Heap after GC invocations=15 (full 2):
 PSYoungGen      total 107520K, used 10745K [0x00000000e0000000, 0x00000000e7400000, 0x0000000100000000)
  eden space 96768K, 0% used [0x00000000e0000000,0x00000000e0000000,0x00000000e5e80000)
  from space 10752K, 99% used [0x00000000e5f00000,0x00000000e697e460,0x00000000e6980000)
  to   space 9216K, 0% used [0x00000000e6b00000,0x00000000e6b00000,0x00000000e7400000)
 ParOldGen       total 53248K, used 24240K [0x00000000a0000000, 0x00000000a3400000, 0x00000000e0000000)
  object space 53248K, 45% used [0x00000000a0000000,0x00000000a17ac170,0x00000000a3400000)
 Metaspace       used 50448K, capacity 51726K, committed 51968K, reserved 1093632K
  class space    used 6779K, capacity 7136K, committed 7168K, reserved 1048576K
}

Deoptimization events (10 events):
Event: 44.911 Thread 0x00000000199b8000 Uncommon trap: reason=unstable_if action=reinterpret pc=0x0000000003284020 method=org.gradle.internal.reflect.PropertyAccessorType.of(Ljava/lang/reflect/Method;)Lorg/gradle/internal/reflect/PropertyAccessorType; @ 56
Event: 47.558 Thread 0x00000000199b8000 Uncommon trap: reason=unstable_if action=reinterpret pc=0x0000000003bf6d58 method=org.gradle.internal.instantiation.AbstractClassGenerator$InjectionAnnotationValidator.validateMethod(Ljava/lang/reflect/Method;Lorg/gradle/internal/reflect/PropertyAccessorT
Event: 48.421 Thread 0x00000000199b8000 Uncommon trap: reason=unstable_if action=reinterpret pc=0x0000000003365824 method=java.lang.String.lastIndexOf([CII[CIII)I @ 17
Event: 49.013 Thread 0x00000000199b8000 Uncommon trap: reason=unstable_if action=reinterpret pc=0x0000000003e53388 method=kotlin.reflect.jvm.internal.impl.protobuf.CodedInputStream.readRawVarint32()I @ 10
Event: 50.469 Thread 0x00000000199b8000 Uncommon trap: reason=unstable_if action=reinterpret pc=0x0000000003979e24 method=java.io.WinNTFileSystem.normalize(Ljava/lang/String;)Ljava/lang/String; @ 74
Event: 51.950 Thread 0x00000000199b8000 Uncommon trap: reason=unstable_if action=reinterpret pc=0x0000000003fe8d48 method=com.sun.org.apache.xerces.internal.util.SymbolTable.addSymbol([CII)Ljava/lang/String; @ 38
Event: 51.950 Thread 0x00000000199b8000 Uncommon trap: reason=unstable_if action=reinterpret pc=0x0000000003fe8518 method=com.sun.org.apache.xerces.internal.impl.XMLEntityScanner.skipSpaces()Z @ 72
Event: 54.254 Thread 0x00000000199b8000 Uncommon trap: reason=unstable_if action=reinterpret pc=0x0000000003603530 method=java.io.DataInputStream.readUTF(Ljava/io/DataInput;)Ljava/lang/String; @ 31
Event: 55.330 Thread 0x00000000199b8000 Uncommon trap: reason=unstable_if action=reinterpret pc=0x00000000038b58e0 method=java.util.regex.Pattern$BmpCharProperty.match(Ljava/util/regex/Matcher;ILjava/lang/CharSequence;)Z @ 34
Event: 55.411 Thread 0x00000000199b8000 Uncommon trap: reason=unstable_if action=reinterpret pc=0x0000000003fc1a70 method=com.sun.org.apache.xerces.internal.impl.XMLEntityScanner.scanLiteral(ILcom/sun/org/apache/xerces/internal/xni/XMLString;Z)I @ 660

Classes redefined (0 events):
No events

Internal exceptions (10 events):
Event: 50.301 Thread 0x00000000199b8000 Exception <a 'java/lang/ClassNotFoundException': com/android/build/gradle/internal/api/BaseVariantOutputImplCustomizer> (0x00000000e1057a90) thrown at [D:\src\AOSP-openjdk-cygwin\jdk8u\hotspot\src\share\vm\classfile\systemDictionary.cpp, line 210]
Event: 50.308 Thread 0x00000000199b8000 Exception <a 'java/lang/ClassNotFoundException': com/android/build/gradle/internal/api/ApkVariantOutputImplCustomizer> (0x00000000e108d4f8) thrown at [D:\src\AOSP-openjdk-cygwin\jdk8u\hotspot\src\share\vm\classfile\systemDictionary.cpp, line 210]
Event: 50.313 Thread 0x00000000199b8000 Exception <a 'java/lang/ClassNotFoundException': com/android/build/gradle/internal/api/ApkVariantOutputImpl_DecoratedCustomizer> (0x00000000e10be050) thrown at [D:\src\AOSP-openjdk-cygwin\jdk8u\hotspot\src\share\vm\classfile\systemDictionary.cpp, line 210
Event: 51.529 Thread 0x00000000199b8000 Exception <a 'java/lang/NoSuchMethodError': java.lang.Object.lambda$static$0(Ljava/util/Set;Ljava/util/Set;)Z> (0x00000000e1e6a850) thrown at [D:\src\AOSP-openjdk-cygwin\jdk8u\hotspot\src\share\vm\interpreter\linkResolver.cpp, line 620]
Event: 51.530 Thread 0x00000000199b8000 Exception <a 'java/lang/NoSuchMethodError': java.lang.Object.lambda$static$1(Ljava/util/Set;Ljava/util/Set;)Z> (0x00000000e1e6d7c0) thrown at [D:\src\AOSP-openjdk-cygwin\jdk8u\hotspot\src\share\vm\interpreter\linkResolver.cpp, line 620]
Event: 51.530 Thread 0x00000000199b8000 Exception <a 'java/lang/NoSuchMethodError': java.lang.Object.lambda$static$2(Ljava/util/Set;Ljava/util/Set;)Z> (0x00000000e1e70300) thrown at [D:\src\AOSP-openjdk-cygwin\jdk8u\hotspot\src\share\vm\interpreter\linkResolver.cpp, line 620]
Event: 51.530 Thread 0x00000000199b8000 Exception <a 'java/lang/NoSuchMethodError': java.lang.Object.lambda$static$3(Ljava/util/Set;Ljava/util/Set;)Z> (0x00000000e1e72e40) thrown at [D:\src\AOSP-openjdk-cygwin\jdk8u\hotspot\src\share\vm\interpreter\linkResolver.cpp, line 620]
Event: 51.531 Thread 0x00000000199b8000 Exception <a 'java/lang/NoSuchMethodError': java.lang.Object.lambda$static$4(Ljava/util/Set;Ljava/util/Set;)Z> (0x00000000e1e75980) thrown at [D:\src\AOSP-openjdk-cygwin\jdk8u\hotspot\src\share\vm\interpreter\linkResolver.cpp, line 620]
Event: 52.186 Thread 0x00000000199b8000 Exception <a 'java/lang/ClassNotFoundException': com/sun/org/glassfish/hk2/osgiresourcelocator/ServiceLoader> (0x00000000e2685738) thrown at [D:\src\AOSP-openjdk-cygwin\jdk8u\hotspot\src\share\vm\classfile\systemDictionary.cpp, line 210]
Event: 52.437 Thread 0x00000000199b8000 Exception <a 'java/lang/NullPointerException'> (0x00000000e2b519f0) thrown at [D:\src\AOSP-openjdk-cygwin\jdk8u\hotspot\src\share\vm\interpreter\linkResolver.cpp, line 1287]

Events (10 events):
Event: 55.746 loading class org/gradle/api/internal/artifacts/repositories/resolver/AbstractDependenciesMetadataAdapter
Event: 55.746 loading class org/gradle/api/internal/artifacts/repositories/resolver/AbstractDependenciesMetadataAdapter done
Event: 55.751 loading class org/gradle/api/artifacts/DirectDependenciesMetadata
Event: 55.751 loading class org/gradle/api/artifacts/DirectDependenciesMetadata done
Event: 55.752 loading class org/gradle/api/internal/artifacts/repositories/resolver/DirectDependencyMetadataAdapter
Event: 55.752 loading class org/gradle/api/internal/artifacts/repositories/resolver/DirectDependencyMetadataAdapter done
Event: 55.754 loading class org/gradle/api/internal/artifacts/repositories/resolver/AbstractDependencyMetadataAdapter
Event: 55.754 loading class org/gradle/api/internal/artifacts/repositories/resolver/AbstractDependencyMetadataAdapter done
Event: 55.910 loading class org/gradle/api/artifacts/DirectDependencyMetadata
Event: 55.910 loading class org/gradle/api/artifacts/DirectDependencyMetadata done


Dynamic libraries:
0x00007ff7b0a40000 - 0x00007ff7b0a71000 	C:\Program Files\Android\Android Studio\jre\bin\java.exe
0x00007ff82f280000 - 0x00007ff82f470000 	C:\WINDOWS\SYSTEM32\ntdll.dll
0x00007ff82f170000 - 0x00007ff82f222000 	C:\WINDOWS\System32\KERNEL32.DLL
0x00007ff82c500000 - 0x00007ff82c7a3000 	C:\WINDOWS\System32\KERNELBASE.dll
0x00007ff82d460000 - 0x00007ff82d503000 	C:\WINDOWS\System32\ADVAPI32.dll
0x00007ff82ec50000 - 0x00007ff82ecee000 	C:\WINDOWS\System32\msvcrt.dll
0x00007ff82d3c0000 - 0x00007ff82d457000 	C:\WINDOWS\System32\sechost.dll
0x00007ff82e2c0000 - 0x00007ff82e3e0000 	C:\WINDOWS\System32\RPCRT4.dll
0x00007ff82ed90000 - 0x00007ff82ef24000 	C:\WINDOWS\System32\USER32.dll
0x00007ff82c7b0000 - 0x00007ff82c7d1000 	C:\WINDOWS\System32\win32u.dll
0x00007ff82e500000 - 0x00007ff82e526000 	C:\WINDOWS\System32\GDI32.dll
0x00007ff82c270000 - 0x00007ff82c404000 	C:\WINDOWS\System32\gdi32full.dll
0x00007ff82c410000 - 0x00007ff82c4ae000 	C:\WINDOWS\System32\msvcp_win.dll
0x00007ff82d1e0000 - 0x00007ff82d2da000 	C:\WINDOWS\System32\ucrtbase.dll
0x00007ff82b8f0000 - 0x00007ff82bb75000 	C:\WINDOWS\WinSxS\amd64_microsoft.windows.common-controls_6595b64144ccf1df_6.0.18362.476_none_e6c4b11b130f2595\COMCTL32.dll
0x00007ff82de50000 - 0x00007ff82e186000 	C:\WINDOWS\System32\combase.dll
0x00007ff82c9e0000 - 0x00007ff82ca60000 	C:\WINDOWS\System32\bcryptPrimitives.dll
0x00007ff82d390000 - 0x00007ff82d3be000 	C:\WINDOWS\System32\IMM32.DLL
0x0000000052030000 - 0x0000000052102000 	C:\Program Files\Android\Android Studio\jre\jre\bin\msvcr100.dll
0x00000000777b0000 - 0x0000000077ff6000 	C:\Program Files\Android\Android Studio\jre\jre\bin\server\jvm.dll
0x00007ff82f160000 - 0x00007ff82f168000 	C:\WINDOWS\System32\PSAPI.DLL
0x00007ffff1c20000 - 0x00007ffff1c29000 	C:\WINDOWS\SYSTEM32\WSOCK32.dll
0x00007ff82ea70000 - 0x00007ff82eadf000 	C:\WINDOWS\System32\WS2_32.dll
0x00007ff8278a0000 - 0x00007ff8278c4000 	C:\WINDOWS\SYSTEM32\WINMM.dll
0x00007ff829e40000 - 0x00007ff829e4a000 	C:\WINDOWS\SYSTEM32\VERSION.dll
0x00007ff827850000 - 0x00007ff82787d000 	C:\WINDOWS\SYSTEM32\WINMMBASE.dll
0x00007ff82d2e0000 - 0x00007ff82d32a000 	C:\WINDOWS\System32\cfgmgr32.dll
0x00007ff82bbf0000 - 0x00007ff82bbff000 	C:\Program Files\Android\Android Studio\jre\jre\bin\verify.dll
0x00007ff829db0000 - 0x00007ff829dd9000 	C:\Program Files\Android\Android Studio\jre\jre\bin\java.dll
0x00007ff80a110000 - 0x00007ff80a126000 	C:\Program Files\Android\Android Studio\jre\jre\bin\zip.dll
0x00007ff82d6b0000 - 0x00007ff82dd95000 	C:\WINDOWS\System32\SHELL32.dll
0x00007ff82dda0000 - 0x00007ff82de49000 	C:\WINDOWS\System32\shcore.dll
0x00007ff82ca60000 - 0x00007ff82d1de000 	C:\WINDOWS\System32\windows.storage.dll
0x00007ff82c1f0000 - 0x00007ff82c20f000 	C:\WINDOWS\System32\profapi.dll
0x00007ff82c180000 - 0x00007ff82c1ca000 	C:\WINDOWS\System32\powrprof.dll
0x00007ff82c150000 - 0x00007ff82c160000 	C:\WINDOWS\System32\UMPDC.dll
0x00007ff82d330000 - 0x00007ff82d382000 	C:\WINDOWS\System32\shlwapi.dll
0x00007ff82c1d0000 - 0x00007ff82c1e1000 	C:\WINDOWS\System32\kernel.appcore.dll
0x00007ff82c4b0000 - 0x00007ff82c4c7000 	C:\WINDOWS\System32\cryptsp.dll
0x00007ff808a40000 - 0x00007ff808a5a000 	C:\Program Files\Android\Android Studio\jre\jre\bin\net.dll
0x00007ff82b340000 - 0x00007ff82b3a7000 	C:\WINDOWS\system32\mswsock.dll
0x00007ff829e00000 - 0x00007ff829e11000 	C:\Program Files\Android\Android Studio\jre\jre\bin\nio.dll
0x00007ff8047b0000 - 0x00007ff8047d6000 	C:\Users\slevi\.gradle\native\29\windows-amd64\native-platform.dll
0x00007ff82bbe0000 - 0x00007ff82bbed000 	C:\Program Files\Android\Android Studio\jre\jre\bin\management.dll
0x00007ff82aeb0000 - 0x00007ff82aee3000 	C:\WINDOWS\system32\rsaenh.dll
0x00007ff82c4d0000 - 0x00007ff82c4f6000 	C:\WINDOWS\System32\bcrypt.dll
0x00007ff82c070000 - 0x00007ff82c095000 	C:\WINDOWS\SYSTEM32\USERENV.dll
0x00007ff82b510000 - 0x00007ff82b51c000 	C:\WINDOWS\SYSTEM32\CRYPTBASE.dll
0x00007ff82b050000 - 0x00007ff82b08a000 	C:\WINDOWS\SYSTEM32\IPHLPAPI.DLL
0x00007ff82f230000 - 0x00007ff82f238000 	C:\WINDOWS\System32\NSI.dll
0x00007ff81fae0000 - 0x00007ff81faf6000 	C:\WINDOWS\SYSTEM32\dhcpcsvc6.DLL
0x00007ff8221f0000 - 0x00007ff82220c000 	C:\WINDOWS\SYSTEM32\dhcpcsvc.DLL
0x00007ff82b090000 - 0x00007ff82b15a000 	C:\WINDOWS\SYSTEM32\DNSAPI.dll

VM Arguments:
jvm_args: -Xmx1536m -Dfile.encoding=windows-1251 -Duser.country=UA -Duser.language=uk -Duser.variant 
java_command: org.gradle.launcher.daemon.bootstrap.GradleDaemon 5.4.1
java_class_path (initial): C:\Users\slevi\.gradle\wrapper\dists\gradle-5.4.1-all\3221gyojl5jsh0helicew7rwx\gradle-5.4.1\lib\gradle-launcher-5.4.1.jar
Launcher Type: SUN_STANDARD

Environment Variables:
JAVA_HOME=C:\Program Files\Java\jdk-11.0.2
PATH=C:\Program Files (x86)\NVIDIA Corporation\PhysX\Common;C:\Program Files (x86)\Common Files\Oracle\Java\javapath;C:\WINDOWS\system32;C:\WINDOWS;C:\WINDOWS\System32\Wbem;C:\WINDOWS\System32\WindowsPowerShell\v1.0\;C:\WINDOWS\System32\OpenSSH\;C:\Users\slevi\apache-maven-3.6.1\bin;C:\Program Files\Java\jdk-11.0.2\bin;C:\Users\slevi\apache-tomcat-9.0.17\bin;C:\Program Files\nodejs\;C:\Program Files\Common Files\Autodesk Shared\;C:\Program Files\Microsoft SQL Server\120\Tools\Binn\;C:\Program Files\Microsoft SQL Server\Client SDK\ODBC\110\Tools\Binn\;C:\Program Files (x86)\Microsoft SQL Server\120\Tools\Binn\;C:\Program Files\Microsoft SQL Server\120\DTS\Binn\;C:\Program Files (x86)\Windows Kits\8.1\Windows Performance Toolkit\;C:\Program Files\Git\cmd;C:\Users\slevi\AppData\Local\Microsoft\WindowsApps;C:\Users\slevi\AppData\Roaming\npm;C:\Users\slevi\AppData\Local\Programs\Microsoft VS Code\bin;
USERNAME=slevi
OS=Windows_NT
PROCESSOR_IDENTIFIER=Intel64 Family 6 Model 142 Stepping 9, GenuineIntel



---------------  S Y S T E M  ---------------

OS: Windows 10.0 , 64 bit Build 18362 (10.0.18362.329)

CPU:total 4 (initial active 4) (2 cores per cpu, 2 threads per core) family 6 model 142 stepping 9, cmov, cx8, fxsr, mmx, sse, sse2, sse3, ssse3, sse4.1, sse4.2, popcnt, avx, avx2, aes, clmul, erms, 3dnowpref, lzcnt, ht, tsc, tscinvbit, bmi1, bmi2, adx

Memory: 4k page, physical 4059364k(60704k free), swap 12447972k(3128k free)

vm_info: OpenJDK 64-Bit Server VM (25.202-b03) for windows-amd64 JRE (1.8.0_202-release-1483-b03), built by "builder" with MS VC++ 10.0 (VS2010)

time: Mon Nov 25 20:13:32 2019
timezone: Фінляндія (зима)
elapsed time: 56 seconds (0d 0h 0m 56s)

