#
# There is insufficient memory for the Java Runtime Environment to continue.
# Native memory allocation (malloc) failed to allocate 1317456 bytes for Chunk::new
# Possible reasons:
#   The system is out of physical RAM or swap space
#   The process is running with CompressedOops enabled, and the Java Heap may be blocking the growth of the native heap
# Possible solutions:
#   Reduce memory load on the system
#   Increase physical memory or swap space
#   Check if swap backing store is full
#   Decrease Java heap size (-Xmx/-Xms)
#   Decrease number of Java threads
#   Decrease Java thread stack sizes (-Xss)
#   Set larger code cache with -XX:ReservedCodeCacheSize=
#   JVM is running with Unscaled Compressed Oops mode in which the Java heap is
#     placed in the first 4GB address space. The Java Heap base address is the
#     maximum limit for the native heap growth. Please use -XX:HeapBaseMinAddress
#     to set the Java Heap base and to place the Java Heap above 4GB virtual address.
# This output file may be truncated or incomplete.
#
#  Out of Memory Error (allocation.cpp:389), pid=14824, tid=0x000000000000148c
#
# JRE version: OpenJDK Runtime Environment (8.0_202-b03) (build 1.8.0_202-release-1483-b03)
# Java VM: OpenJDK 64-Bit Server VM (25.202-b03 mixed mode windows-amd64 compressed oops)
# Failed to write core dump. Minidumps are not enabled by default on client versions of Windows
#

---------------  T H R E A D  ---------------

Current thread (0x0000000016839000):  JavaThread "C2 CompilerThread0" daemon [_thread_in_native, id=5260, stack(0x0000000017ec0000,0x0000000017fc0000)]

Stack: [0x0000000017ec0000,0x0000000017fc0000]
[error occurred during error reporting (printing stack bounds), id 0xc0000005]

Native frames: (J=compiled Java code, j=interpreted, Vv=VM code, C=native code)


Current CompileTask:
C2:  14316 1431       4       java.net.URLClassLoader$1::run (5 bytes)


---------------  P R O C E S S  ---------------

Java Threads: ( => current thread )
  0x0000000019b68800 JavaThread "Cache worker for journal cache (C:\Users\slevi\.gradle\caches\journal-1)" [_thread_blocked, id=15208, stack(0x000000001b630000,0x000000001b730000)]
  0x0000000019b67800 JavaThread "File lock request listener" [_thread_in_native, id=15040, stack(0x000000001b330000,0x000000001b430000)]
  0x0000000019b64000 JavaThread "Cache worker for file hash cache (C:\Users\slevi\.gradle\caches\5.4.1\fileHashes)" [_thread_blocked, id=10988, stack(0x000000001b230000,0x000000001b330000)]
  0x00000000182c2000 JavaThread "Thread-9" [_thread_blocked, id=9496, stack(0x000000001b130000,0x000000001b230000)]
  0x0000000018320000 JavaThread "Stdin handler" [_thread_blocked, id=13660, stack(0x000000001b030000,0x000000001b130000)]
  0x000000001831f000 JavaThread "Asynchronous log dispatcher for DefaultDaemonConnection: socket connection from /127.0.0.1:65459 to /127.0.0.1:65460" [_thread_blocked, id=14680, stack(0x000000001af30000,0x000000001b030000)]
  0x000000001831d800 JavaThread "Daemon worker" [_thread_in_native, id=9332, stack(0x000000001ae30000,0x000000001af30000)]
  0x000000001831b000 JavaThread "Cancel handler" [_thread_blocked, id=14568, stack(0x000000001ad30000,0x000000001ae30000)]
  0x0000000018d96000 JavaThread "Handler for socket connection from /127.0.0.1:65459 to /127.0.0.1:65460" [_thread_in_native, id=15140, stack(0x000000001aa30000,0x000000001ab30000)]
  0x0000000018d93800 JavaThread "Daemon" [_thread_blocked, id=15112, stack(0x000000001a930000,0x000000001aa30000)]
  0x000000001992a000 JavaThread "Daemon periodic checks" [_thread_blocked, id=15012, stack(0x000000001a830000,0x000000001a930000)]
  0x00000000194c5000 JavaThread "Incoming local TCP Connector on port 65459" [_thread_in_native, id=8944, stack(0x000000001a5f0000,0x000000001a6f0000)]
  0x0000000019254000 JavaThread "Daemon health stats" [_thread_blocked, id=16352, stack(0x0000000019f90000,0x000000001a090000)]
  0x00000000180e9800 JavaThread "Service Thread" daemon [_thread_blocked, id=4772, stack(0x00000000185c0000,0x00000000186c0000)]
  0x00000000180c8800 JavaThread "C1 CompilerThread2" daemon [_thread_blocked, id=9732, stack(0x00000000184c0000,0x00000000185c0000)]
  0x000000001683d000 JavaThread "C2 CompilerThread1" daemon [_thread_in_native, id=2408, stack(0x0000000017fc0000,0x00000000180c0000)]
=>0x0000000016839000 JavaThread "C2 CompilerThread0" daemon [_thread_in_native, id=5260, stack(0x0000000017ec0000,0x0000000017fc0000)]
  0x0000000016836800 JavaThread "Attach Listener" daemon [_thread_blocked, id=6960, stack(0x0000000017dc0000,0x0000000017ec0000)]
  0x0000000016835800 JavaThread "Signal Dispatcher" daemon [_thread_blocked, id=13612, stack(0x0000000017cc0000,0x0000000017dc0000)]
  0x0000000002e9b000 JavaThread "Finalizer" daemon [_thread_blocked, id=12616, stack(0x0000000017ab0000,0x0000000017bb0000)]
  0x0000000016819000 JavaThread "Reference Handler" daemon [_thread_blocked, id=16200, stack(0x00000000179b0000,0x0000000017ab0000)]
  0x00000000014ce800 JavaThread "main" [_thread_blocked, id=8692, stack(0x0000000002ca0000,0x0000000002da0000)]

Other Threads:
  0x00000000167f6800 VMThread [stack: 0x00000000178b0000,0x00000000179b0000] [id=13452]
  0x00000000180ea000 WatcherThread [stack: 0x00000000186c0000,0x00000000187c0000] [id=8316]

VM state:not at safepoint (normal execution)

VM Mutex/Monitor currently owned by a thread: None

heap address: 0x00000000a0000000, size: 1536 MB, Compressed Oops mode: 32-bit
Narrow klass base: 0x0000000000000000, Narrow klass shift: 3
Compressed class space size: 1073741824 Address: 0x0000000100000000

Heap:
 PSYoungGen      total 34304K, used 16850K [0x00000000e0000000, 0x00000000e2400000, 0x0000000100000000)
  eden space 31744K, 45% used [0x00000000e0000000,0x00000000e0df89d0,0x00000000e1f00000)
  from space 2560K, 99% used [0x00000000e1f00000,0x00000000e217c050,0x00000000e2180000)
  to   space 2560K, 0% used [0x00000000e2180000,0x00000000e2180000,0x00000000e2400000)
 ParOldGen       total 42496K, used 5678K [0x00000000a0000000, 0x00000000a2980000, 0x00000000e0000000)
  object space 42496K, 13% used [0x00000000a0000000,0x00000000a058bb28,0x00000000a2980000)
 Metaspace       used 14286K, capacity 14662K, committed 14976K, reserved 1062912K
  class space    used 1994K, capacity 2099K, committed 2176K, reserved 1048576K

Card table byte_map: [0x0000000012260000,0x0000000012570000] byte_map_base: 0x0000000011d60000

Marking Bits: (ParMarkBitMap*) 0x0000000077f79f30
 Begin Bits: [0x0000000012b70000, 0x0000000014370000)
 End Bits:   [0x0000000014370000, 0x0000000015b70000)

Polling page: 0x00000000014a0000

CodeCache: size=245760Kb used=4390Kb max_used=4555Kb free=241369Kb
 bounds [0x0000000002ea0000, 0x0000000003320000, 0x0000000011ea0000]
 total_blobs=1676 nmethods=1294 adapters=295
 compilation: enabled

Compilation events (10 events):
Event: 14.081 Thread 0x000000001683d000 nmethod 1430 0x0000000002fe8310 code [0x0000000002fe84a0, 0x0000000002fe8698]
Event: 14.081 Thread 0x000000001683d000 1432   !   4       java.net.URLClassLoader$1::run (63 bytes)
Event: 14.218 Thread 0x00000000180c8800 1435       3       java.lang.invoke.MethodTypeForm::canonicalizeAll (66 bytes)
Event: 14.219 Thread 0x00000000180c8800 nmethod 1435 0x00000000030164d0 code [0x0000000003016680, 0x0000000003016cb8]
Event: 14.219 Thread 0x00000000180c8800 1436       3       java.lang.invoke.MemberName::flagsMods (72 bytes)
Event: 14.219 Thread 0x00000000180c8800 nmethod 1436 0x00000000031ad650 code [0x00000000031ad7a0, 0x00000000031ad910]
Event: 14.219 Thread 0x00000000180c8800 1437       3       java.lang.invoke.MemberName::init (66 bytes)
Event: 14.219 Thread 0x00000000180c8800 nmethod 1437 0x0000000003016090 code [0x00000000030161e0, 0x0000000003016390]
Event: 14.219 Thread 0x00000000180c8800 1439       3       java.lang.invoke.LambdaForm$BasicType::basicTypeChar (8 bytes)
Event: 14.220 Thread 0x00000000180c8800 nmethod 1439 0x00000000030806d0 code [0x0000000003080860, 0x0000000003080c68]

GC Heap History (10 events):
Event: 5.106 GC heap before
{Heap before GC invocations=1 (full 0):
 PSYoungGen      total 18432K, used 15872K [0x00000000e0000000, 0x00000000e1480000, 0x0000000100000000)
  eden space 15872K, 100% used [0x00000000e0000000,0x00000000e0f80000,0x00000000e0f80000)
  from space 2560K, 0% used [0x00000000e1200000,0x00000000e1200000,0x00000000e1480000)
  to   space 2560K, 0% used [0x00000000e0f80000,0x00000000e0f80000,0x00000000e1200000)
 ParOldGen       total 42496K, used 0K [0x00000000a0000000, 0x00000000a2980000, 0x00000000e0000000)
  object space 42496K, 0% used [0x00000000a0000000,0x00000000a0000000,0x00000000a2980000)
 Metaspace       used 6173K, capacity 6386K, committed 6528K, reserved 1056768K
  class space    used 757K, capacity 814K, committed 896K, reserved 1048576K
Event: 5.127 GC heap after
Heap after GC invocations=1 (full 0):
 PSYoungGen      total 18432K, used 2534K [0x00000000e0000000, 0x00000000e1480000, 0x0000000100000000)
  eden space 15872K, 0% used [0x00000000e0000000,0x00000000e0000000,0x00000000e0f80000)
  from space 2560K, 99% used [0x00000000e0f80000,0x00000000e11f9ba8,0x00000000e1200000)
  to   space 2560K, 0% used [0x00000000e1200000,0x00000000e1200000,0x00000000e1480000)
 ParOldGen       total 42496K, used 150K [0x00000000a0000000, 0x00000000a2980000, 0x00000000e0000000)
  object space 42496K, 0% used [0x00000000a0000000,0x00000000a0025958,0x00000000a2980000)
 Metaspace       used 6173K, capacity 6386K, committed 6528K, reserved 1056768K
  class space    used 757K, capacity 814K, committed 896K, reserved 1048576K
}
Event: 6.493 GC heap before
{Heap before GC invocations=2 (full 0):
 PSYoungGen      total 18432K, used 18406K [0x00000000e0000000, 0x00000000e1480000, 0x0000000100000000)
  eden space 15872K, 100% used [0x00000000e0000000,0x00000000e0f80000,0x00000000e0f80000)
  from space 2560K, 99% used [0x00000000e0f80000,0x00000000e11f9ba8,0x00000000e1200000)
  to   space 2560K, 0% used [0x00000000e1200000,0x00000000e1200000,0x00000000e1480000)
 ParOldGen       total 42496K, used 150K [0x00000000a0000000, 0x00000000a2980000, 0x00000000e0000000)
  object space 42496K, 0% used [0x00000000a0000000,0x00000000a0025958,0x00000000a2980000)
 Metaspace       used 6971K, capacity 7186K, committed 7424K, reserved 1056768K
  class space    used 851K, capacity 910K, committed 1024K, reserved 1048576K
Event: 6.522 GC heap after
Heap after GC invocations=2 (full 0):
 PSYoungGen      total 18432K, used 2532K [0x00000000e0000000, 0x00000000e2400000, 0x0000000100000000)
  eden space 15872K, 0% used [0x00000000e0000000,0x00000000e0000000,0x00000000e0f80000)
  from space 2560K, 98% used [0x00000000e1200000,0x00000000e1479190,0x00000000e1480000)
  to   space 2560K, 0% used [0x00000000e0f80000,0x00000000e0f80000,0x00000000e1200000)
 ParOldGen       total 42496K, used 553K [0x00000000a0000000, 0x00000000a2980000, 0x00000000e0000000)
  object space 42496K, 1% used [0x00000000a0000000,0x00000000a008a448,0x00000000a2980000)
 Metaspace       used 6971K, capacity 7186K, committed 7424K, reserved 1056768K
  class space    used 851K, capacity 910K, committed 1024K, reserved 1048576K
}
Event: 7.844 GC heap before
{Heap before GC invocations=3 (full 0):
 PSYoungGen      total 18432K, used 18404K [0x00000000e0000000, 0x00000000e2400000, 0x0000000100000000)
  eden space 15872K, 100% used [0x00000000e0000000,0x00000000e0f80000,0x00000000e0f80000)
  from space 2560K, 98% used [0x00000000e1200000,0x00000000e1479190,0x00000000e1480000)
  to   space 2560K, 0% used [0x00000000e0f80000,0x00000000e0f80000,0x00000000e1200000)
 ParOldGen       total 42496K, used 553K [0x00000000a0000000, 0x00000000a2980000, 0x00000000e0000000)
  object space 42496K, 1% used [0x00000000a0000000,0x00000000a008a448,0x00000000a2980000)
 Metaspace       used 7166K, capacity 7402K, committed 7680K, reserved 1056768K
  class space    used 874K, capacity 982K, committed 1024K, reserved 1048576K
Event: 7.856 GC heap after
Heap after GC invocations=3 (full 0):
 PSYoungGen      total 18432K, used 2528K [0x00000000e0000000, 0x00000000e2400000, 0x0000000100000000)
  eden space 15872K, 0% used [0x00000000e0000000,0x00000000e0000000,0x00000000e0f80000)
  from space 2560K, 98% used [0x00000000e0f80000,0x00000000e11f8020,0x00000000e1200000)
  to   space 2560K, 0% used [0x00000000e2180000,0x00000000e2180000,0x00000000e2400000)
 ParOldGen       total 42496K, used 853K [0x00000000a0000000, 0x00000000a2980000, 0x00000000e0000000)
  object space 42496K, 2% used [0x00000000a0000000,0x00000000a00d5598,0x00000000a2980000)
 Metaspace       used 7166K, capacity 7402K, committed 7680K, reserved 1056768K
  class space    used 874K, capacity 982K, committed 1024K, reserved 1048576K
}
Event: 8.311 GC heap before
{Heap before GC invocations=4 (full 0):
 PSYoungGen      total 18432K, used 18400K [0x00000000e0000000, 0x00000000e2400000, 0x0000000100000000)
  eden space 15872K, 100% used [0x00000000e0000000,0x00000000e0f80000,0x00000000e0f80000)
  from space 2560K, 98% used [0x00000000e0f80000,0x00000000e11f8020,0x00000000e1200000)
  to   space 2560K, 0% used [0x00000000e2180000,0x00000000e2180000,0x00000000e2400000)
 ParOldGen       total 42496K, used 853K [0x00000000a0000000, 0x00000000a2980000, 0x00000000e0000000)
  object space 42496K, 2% used [0x00000000a0000000,0x00000000a00d5598,0x00000000a2980000)
 Metaspace       used 8590K, capacity 8814K, committed 8960K, reserved 1056768K
  class space    used 1103K, capacity 1177K, committed 1280K, reserved 1048576K
Event: 8.339 GC heap after
Heap after GC invocations=4 (full 0):
 PSYoungGen      total 34304K, used 2544K [0x00000000e0000000, 0x00000000e2400000, 0x0000000100000000)
  eden space 31744K, 0% used [0x00000000e0000000,0x00000000e0000000,0x00000000e1f00000)
  from space 2560K, 99% used [0x00000000e2180000,0x00000000e23fc010,0x00000000e2400000)
  to   space 2560K, 0% used [0x00000000e1f00000,0x00000000e1f00000,0x00000000e2180000)
 ParOldGen       total 42496K, used 2065K [0x00000000a0000000, 0x00000000a2980000, 0x00000000e0000000)
  object space 42496K, 4% used [0x00000000a0000000,0x00000000a0204660,0x00000000a2980000)
 Metaspace       used 8590K, capacity 8814K, committed 8960K, reserved 1056768K
  class space    used 1103K, capacity 1177K, committed 1280K, reserved 1048576K
}
Event: 13.766 GC heap before
{Heap before GC invocations=5 (full 0):
 PSYoungGen      total 34304K, used 34288K [0x00000000e0000000, 0x00000000e2400000, 0x0000000100000000)
  eden space 31744K, 100% used [0x00000000e0000000,0x00000000e1f00000,0x00000000e1f00000)
  from space 2560K, 99% used [0x00000000e2180000,0x00000000e23fc010,0x00000000e2400000)
  to   space 2560K, 0% used [0x00000000e1f00000,0x00000000e1f00000,0x00000000e2180000)
 ParOldGen       total 42496K, used 2065K [0x00000000a0000000, 0x00000000a2980000, 0x00000000e0000000)
  object space 42496K, 4% used [0x00000000a0000000,0x00000000a0204660,0x00000000a2980000)
 Metaspace       used 12957K, capacity 13406K, committed 13568K, reserved 1060864K
  class space    used 1781K, capacity 1935K, committed 2048K, reserved 1048576K
Event: 13.778 GC heap after
Heap after GC invocations=5 (full 0):
 PSYoungGen      total 34304K, used 2544K [0x00000000e0000000, 0x00000000e2400000, 0x0000000100000000)
  eden space 31744K, 0% used [0x00000000e0000000,0x00000000e0000000,0x00000000e1f00000)
  from space 2560K, 99% used [0x00000000e1f00000,0x00000000e217c050,0x00000000e2180000)
  to   space 2560K, 0% used [0x00000000e2180000,0x00000000e2180000,0x00000000e2400000)
 ParOldGen       total 42496K, used 5678K [0x00000000a0000000, 0x00000000a2980000, 0x00000000e0000000)
  object space 42496K, 13% used [0x00000000a0000000,0x00000000a058bb28,0x00000000a2980000)
 Metaspace       used 12957K, capacity 13406K, committed 13568K, reserved 1060864K
  class space    used 1781K, capacity 1935K, committed 2048K, reserved 1048576K
}

Deoptimization events (10 events):
Event: 10.558 Thread 0x00000000014ce800 Uncommon trap: reason=unstable_if action=reinterpret pc=0x0000000003166c4c method=java.io.WinNTFileSystem.normalize(Ljava/lang/String;)Ljava/lang/String; @ 128
Event: 10.558 Thread 0x00000000014ce800 Uncommon trap: reason=unstable_if action=reinterpret pc=0x00000000031d1c1c method=java.io.WinNTFileSystem.normalize(Ljava/lang/String;II)Ljava/lang/String; @ 90
Event: 13.060 Thread 0x0000000018d96000 Uncommon trap: reason=unstable_if action=reinterpret pc=0x000000000326fc30 method=java.util.concurrent.ConcurrentHashMap.putVal(Ljava/lang/Object;Ljava/lang/Object;Z)Ljava/lang/Object; @ 206
Event: 13.237 Thread 0x000000001831d800 Uncommon trap: reason=bimorphic action=maybe_recompile pc=0x00000000031240cc method=java.util.HashMap.putVal(ILjava/lang/Object;Ljava/lang/Object;ZZ)Ljava/lang/Object; @ 253
Event: 13.237 Thread 0x000000001831d800 Uncommon trap: reason=bimorphic action=maybe_recompile pc=0x00000000031240cc method=java.util.HashMap.putVal(ILjava/lang/Object;Ljava/lang/Object;ZZ)Ljava/lang/Object; @ 253
Event: 13.238 Thread 0x000000001831d800 Uncommon trap: reason=bimorphic action=maybe_recompile pc=0x00000000031240cc method=java.util.HashMap.putVal(ILjava/lang/Object;Ljava/lang/Object;ZZ)Ljava/lang/Object; @ 253
Event: 13.894 Thread 0x000000001831d800 Uncommon trap: reason=class_check action=maybe_recompile pc=0x0000000003183c44 method=java.util.regex.Matcher.match(II)Z @ 86
Event: 13.930 Thread 0x000000001831d800 Uncommon trap: reason=class_check action=maybe_recompile pc=0x0000000003183c44 method=java.util.regex.Matcher.match(II)Z @ 86
Event: 13.932 Thread 0x000000001831d800 Uncommon trap: reason=class_check action=maybe_recompile pc=0x0000000003183c44 method=java.util.regex.Matcher.match(II)Z @ 86
Event: 13.933 Thread 0x000000001831d800 Uncommon trap: reason=class_check action=maybe_recompile pc=0x0000000003140e5c method=java.util.regex.Matcher.match(II)Z @ 86

Classes redefined (0 events):
No events

Internal exceptions (10 events):
Event: 13.068 Thread 0x0000000018d96000 Exception <a 'java/lang/NoSuchMethodError': <clinit>> (0x00000000e0c15da8) thrown at [D:\src\AOSP-openjdk-cygwin\jdk8u\hotspot\src\share\vm\prims\jni.cpp, line 1614]
Event: 13.075 Thread 0x0000000018d96000 Exception <a 'java/lang/NoSuchMethodError': <clinit>> (0x00000000e0c28f90) thrown at [D:\src\AOSP-openjdk-cygwin\jdk8u\hotspot\src\share\vm\prims\jni.cpp, line 1614]
Event: 13.082 Thread 0x0000000018d96000 Exception <a 'java/lang/NoSuchMethodError': <clinit>> (0x00000000e0c50380) thrown at [D:\src\AOSP-openjdk-cygwin\jdk8u\hotspot\src\share\vm\prims\jni.cpp, line 1614]
Event: 13.088 Thread 0x0000000018d96000 Exception <a 'java/lang/NoSuchMethodError': <clinit>> (0x00000000e0c683f8) thrown at [D:\src\AOSP-openjdk-cygwin\jdk8u\hotspot\src\share\vm\prims\jni.cpp, line 1614]
Event: 13.089 Thread 0x0000000018d96000 Exception <a 'java/lang/NoSuchMethodError': <clinit>> (0x00000000e0c710f0) thrown at [D:\src\AOSP-openjdk-cygwin\jdk8u\hotspot\src\share\vm\prims\jni.cpp, line 1614]
Event: 13.095 Thread 0x0000000018d96000 Exception <a 'java/lang/NoSuchMethodError': <clinit>> (0x00000000e0c876c0) thrown at [D:\src\AOSP-openjdk-cygwin\jdk8u\hotspot\src\share\vm\prims\jni.cpp, line 1614]
Event: 13.115 Thread 0x0000000018d96000 Exception <a 'java/lang/NoSuchMethodError': <clinit>> (0x00000000e0ce4ec8) thrown at [D:\src\AOSP-openjdk-cygwin\jdk8u\hotspot\src\share\vm\prims\jni.cpp, line 1614]
Event: 13.139 Thread 0x0000000018d96000 Exception <a 'java/lang/NoSuchMethodError': <clinit>> (0x00000000e0d11d60) thrown at [D:\src\AOSP-openjdk-cygwin\jdk8u\hotspot\src\share\vm\prims\jni.cpp, line 1614]
Event: 13.161 Thread 0x0000000018d96000 Exception <a 'java/lang/NoSuchMethodError': <clinit>> (0x00000000e0d3fc48) thrown at [D:\src\AOSP-openjdk-cygwin\jdk8u\hotspot\src\share\vm\prims\jni.cpp, line 1614]
Event: 13.163 Thread 0x0000000018d96000 Exception <a 'java/lang/NoSuchMethodError': <clinit>> (0x00000000e0d4b050) thrown at [D:\src\AOSP-openjdk-cygwin\jdk8u\hotspot\src\share\vm\prims\jni.cpp, line 1614]

Events (10 events):
Event: 14.275 loading class org/gradle/api/internal/artifacts/repositories/metadata/MutableModuleMetadataFactory
Event: 14.275 loading class org/gradle/api/internal/artifacts/repositories/metadata/MutableModuleMetadataFactory done
Event: 14.276 loading class org/gradle/api/internal/artifacts/repositories/metadata/IvyMutableModuleMetadataFactory
Event: 14.276 loading class org/gradle/api/internal/artifacts/repositories/metadata/IvyMutableModuleMetadataFactory done
Event: 14.277 loading class org/gradle/api/internal/artifacts/ivyservice/modulecache/ModuleComponentResolveMetadataSerializer
Event: 14.277 loading class org/gradle/api/internal/artifacts/ivyservice/modulecache/ModuleComponentResolveMetadataSerializer done
Event: 14.278 loading class org/gradle/api/internal/artifacts/ivyservice/modulecache/ModuleRepositoryCacheProvider
Event: 14.278 loading class org/gradle/api/internal/artifacts/ivyservice/modulecache/ModuleRepositoryCacheProvider done
Event: 14.308 loading class org/gradle/internal/resolve/caching/ComponentMetadataSupplierRuleExecutor
Event: 14.308 loading class org/gradle/internal/resolve/caching/ComponentMetadataSupplierRuleExecutor done


Dynamic libraries:
0x00007ff6fd6d0000 - 0x00007ff6fd701000 	C:\Program Files\Android\Android Studio\jre\bin\java.exe
0x00007ff82f280000 - 0x00007ff82f470000 	C:\WINDOWS\SYSTEM32\ntdll.dll
0x00007ff82f170000 - 0x00007ff82f222000 	C:\WINDOWS\System32\KERNEL32.DLL
0x00007ff82c500000 - 0x00007ff82c7a3000 	C:\WINDOWS\System32\KERNELBASE.dll
0x00007ff82d460000 - 0x00007ff82d503000 	C:\WINDOWS\System32\ADVAPI32.dll
0x00007ff82ec50000 - 0x00007ff82ecee000 	C:\WINDOWS\System32\msvcrt.dll
0x00007ff82d3c0000 - 0x00007ff82d457000 	C:\WINDOWS\System32\sechost.dll
0x00007ff82e2c0000 - 0x00007ff82e3e0000 	C:\WINDOWS\System32\RPCRT4.dll
0x00007ff82ed90000 - 0x00007ff82ef24000 	C:\WINDOWS\System32\USER32.dll
0x00007ff82c7b0000 - 0x00007ff82c7d1000 	C:\WINDOWS\System32\win32u.dll
0x00007ff82e500000 - 0x00007ff82e526000 	C:\WINDOWS\System32\GDI32.dll
0x00007ff82c270000 - 0x00007ff82c404000 	C:\WINDOWS\System32\gdi32full.dll
0x00007ff82c410000 - 0x00007ff82c4ae000 	C:\WINDOWS\System32\msvcp_win.dll
0x00007ff82d1e0000 - 0x00007ff82d2da000 	C:\WINDOWS\System32\ucrtbase.dll
0x00007ff82b8f0000 - 0x00007ff82bb75000 	C:\WINDOWS\WinSxS\amd64_microsoft.windows.common-controls_6595b64144ccf1df_6.0.18362.476_none_e6c4b11b130f2595\COMCTL32.dll
0x00007ff82de50000 - 0x00007ff82e186000 	C:\WINDOWS\System32\combase.dll
0x00007ff82c9e0000 - 0x00007ff82ca60000 	C:\WINDOWS\System32\bcryptPrimitives.dll
0x00007ff82d390000 - 0x00007ff82d3be000 	C:\WINDOWS\System32\IMM32.DLL
0x0000000052030000 - 0x0000000052102000 	C:\Program Files\Android\Android Studio\jre\jre\bin\msvcr100.dll
0x00000000777b0000 - 0x0000000077ff6000 	C:\Program Files\Android\Android Studio\jre\jre\bin\server\jvm.dll
0x00007ff82f160000 - 0x00007ff82f168000 	C:\WINDOWS\System32\PSAPI.DLL
0x00007ffff1c20000 - 0x00007ffff1c29000 	C:\WINDOWS\SYSTEM32\WSOCK32.dll
0x00007ff82ea70000 - 0x00007ff82eadf000 	C:\WINDOWS\System32\WS2_32.dll
0x00007ff8278a0000 - 0x00007ff8278c4000 	C:\WINDOWS\SYSTEM32\WINMM.dll
0x00007ff829e40000 - 0x00007ff829e4a000 	C:\WINDOWS\SYSTEM32\VERSION.dll
0x00007ff827850000 - 0x00007ff82787d000 	C:\WINDOWS\SYSTEM32\WINMMBASE.dll
0x00007ff82d2e0000 - 0x00007ff82d32a000 	C:\WINDOWS\System32\cfgmgr32.dll
0x00007ff82bbf0000 - 0x00007ff82bbff000 	C:\Program Files\Android\Android Studio\jre\jre\bin\verify.dll
0x00007ff829db0000 - 0x00007ff829dd9000 	C:\Program Files\Android\Android Studio\jre\jre\bin\java.dll
0x00007ff80a110000 - 0x00007ff80a126000 	C:\Program Files\Android\Android Studio\jre\jre\bin\zip.dll
0x00007ff82d6b0000 - 0x00007ff82dd95000 	C:\WINDOWS\System32\SHELL32.dll
0x00007ff82dda0000 - 0x00007ff82de49000 	C:\WINDOWS\System32\shcore.dll
0x00007ff82ca60000 - 0x00007ff82d1de000 	C:\WINDOWS\System32\windows.storage.dll
0x00007ff82c1f0000 - 0x00007ff82c20f000 	C:\WINDOWS\System32\profapi.dll
0x00007ff82c180000 - 0x00007ff82c1ca000 	C:\WINDOWS\System32\powrprof.dll
0x00007ff82c150000 - 0x00007ff82c160000 	C:\WINDOWS\System32\UMPDC.dll
0x00007ff82d330000 - 0x00007ff82d382000 	C:\WINDOWS\System32\shlwapi.dll
0x00007ff82c1d0000 - 0x00007ff82c1e1000 	C:\WINDOWS\System32\kernel.appcore.dll
0x00007ff82c4b0000 - 0x00007ff82c4c7000 	C:\WINDOWS\System32\cryptsp.dll
0x00007ff808a40000 - 0x00007ff808a5a000 	C:\Program Files\Android\Android Studio\jre\jre\bin\net.dll
0x00007ff82b340000 - 0x00007ff82b3a7000 	C:\WINDOWS\system32\mswsock.dll
0x00007ff829e00000 - 0x00007ff829e11000 	C:\Program Files\Android\Android Studio\jre\jre\bin\nio.dll
0x00007ff8047b0000 - 0x00007ff8047d6000 	C:\Users\slevi\.gradle\native\29\windows-amd64\native-platform.dll
0x00007ff82bbe0000 - 0x00007ff82bbed000 	C:\Program Files\Android\Android Studio\jre\jre\bin\management.dll
0x00007ff82aeb0000 - 0x00007ff82aee3000 	C:\WINDOWS\system32\rsaenh.dll
0x00007ff82c4d0000 - 0x00007ff82c4f6000 	C:\WINDOWS\System32\bcrypt.dll
0x00007ff82c070000 - 0x00007ff82c095000 	C:\WINDOWS\SYSTEM32\USERENV.dll
0x00007ff82b510000 - 0x00007ff82b51c000 	C:\WINDOWS\SYSTEM32\CRYPTBASE.dll
0x00007ff82b050000 - 0x00007ff82b08a000 	C:\WINDOWS\SYSTEM32\IPHLPAPI.DLL
0x00007ff82f230000 - 0x00007ff82f238000 	C:\WINDOWS\System32\NSI.dll
0x00007ff81fae0000 - 0x00007ff81faf6000 	C:\WINDOWS\SYSTEM32\dhcpcsvc6.DLL
0x00007ff8221f0000 - 0x00007ff82220c000 	C:\WINDOWS\SYSTEM32\dhcpcsvc.DLL
0x00007ff82b090000 - 0x00007ff82b15a000 	C:\WINDOWS\SYSTEM32\DNSAPI.dll

VM Arguments:
jvm_args: -Xmx1536m -Dfile.encoding=windows-1251 -Duser.country=UA -Duser.language=uk -Duser.variant 
java_command: org.gradle.launcher.daemon.bootstrap.GradleDaemon 5.4.1
java_class_path (initial): C:\Users\slevi\.gradle\wrapper\dists\gradle-5.4.1-all\3221gyojl5jsh0helicew7rwx\gradle-5.4.1\lib\gradle-launcher-5.4.1.jar
Launcher Type: SUN_STANDARD

Environment Variables:
JAVA_HOME=C:\Program Files\Java\jdk-11.0.2
PATH=C:\Program Files (x86)\NVIDIA Corporation\PhysX\Common;C:\Program Files (x86)\Common Files\Oracle\Java\javapath;C:\WINDOWS\system32;C:\WINDOWS;C:\WINDOWS\System32\Wbem;C:\WINDOWS\System32\WindowsPowerShell\v1.0\;C:\WINDOWS\System32\OpenSSH\;C:\Users\slevi\apache-maven-3.6.1\bin;C:\Program Files\Java\jdk-11.0.2\bin;C:\Users\slevi\apache-tomcat-9.0.17\bin;C:\Program Files\nodejs\;C:\Program Files\Common Files\Autodesk Shared\;C:\Program Files\Microsoft SQL Server\120\Tools\Binn\;C:\Program Files\Microsoft SQL Server\Client SDK\ODBC\110\Tools\Binn\;C:\Program Files (x86)\Microsoft SQL Server\120\Tools\Binn\;C:\Program Files\Microsoft SQL Server\120\DTS\Binn\;C:\Program Files (x86)\Windows Kits\8.1\Windows Performance Toolkit\;C:\Program Files\Git\cmd;C:\Users\slevi\AppData\Local\Microsoft\WindowsApps;C:\Users\slevi\AppData\Roaming\npm;C:\Users\slevi\AppData\Local\Programs\Microsoft VS Code\bin;
USERNAME=slevi
OS=Windows_NT
PROCESSOR_IDENTIFIER=Intel64 Family 6 Model 142 Stepping 9, GenuineIntel



---------------  S Y S T E M  ---------------

OS: Windows 10.0 , 64 bit Build 18362 (10.0.18362.329)

CPU:total 4 (initial active 4) (2 cores per cpu, 2 threads per core) family 6 model 142 stepping 9, cmov, cx8, fxsr, mmx, sse, sse2, sse3, ssse3, sse4.1, sse4.2, popcnt, avx, avx2, aes, clmul, erms, 3dnowpref, lzcnt, ht, tsc, tscinvbit, bmi1, bmi2, adx

Memory: 4k page, physical 4059364k(115952k free), swap 12447972k(2228k free)

vm_info: OpenJDK 64-Bit Server VM (25.202-b03) for windows-amd64 JRE (1.8.0_202-release-1483-b03), built by "builder" with MS VC++ 10.0 (VS2010)

time: Mon Nov 25 20:22:25 2019
timezone: Фінляндія (зима)
elapsed time: 14 seconds (0d 0h 0m 14s)

