#
# There is insufficient memory for the Java Runtime Environment to continue.
# Native memory allocation (malloc) failed to allocate 930896 bytes for Chunk::new
# Possible reasons:
#   The system is out of physical RAM or swap space
#   The process is running with CompressedOops enabled, and the Java Heap may be blocking the growth of the native heap
# Possible solutions:
#   Reduce memory load on the system
#   Increase physical memory or swap space
#   Check if swap backing store is full
#   Decrease Java heap size (-Xmx/-Xms)
#   Decrease number of Java threads
#   Decrease Java thread stack sizes (-Xss)
#   Set larger code cache with -XX:ReservedCodeCacheSize=
#   JVM is running with Unscaled Compressed Oops mode in which the Java heap is
#     placed in the first 4GB address space. The Java Heap base address is the
#     maximum limit for the native heap growth. Please use -XX:HeapBaseMinAddress
#     to set the Java Heap base and to place the Java Heap above 4GB virtual address.
# This output file may be truncated or incomplete.
#
#  Out of Memory Error (allocation.cpp:389), pid=13044, tid=0x0000000000002284
#
# JRE version: OpenJDK Runtime Environment (8.0_202-b03) (build 1.8.0_202-release-1483-b03)
# Java VM: OpenJDK 64-Bit Server VM (25.202-b03 mixed mode windows-amd64 compressed oops)
# Failed to write core dump. Minidumps are not enabled by default on client versions of Windows
#

---------------  T H R E A D  ---------------

Current thread (0x0000000016658000):  JavaThread "C2 CompilerThread0" daemon [_thread_in_native, id=8836, stack(0x0000000017cd0000,0x0000000017dd0000)]

Stack: [0x0000000017cd0000,0x0000000017dd0000]
[error occurred during error reporting (printing stack bounds), id 0xc0000005]

Native frames: (J=compiled Java code, j=interpreted, Vv=VM code, C=native code)


Current CompileTask:
C2: 207094 15256       4       com.android.tools.r8.dex.DexParser::f (631 bytes)


---------------  P R O C E S S  ---------------

Java Threads: ( => current thread )
  0x000000001f08a000 JavaThread "ForkJoinPool-7-worker-0" daemon [_thread_in_Java, id=11356, stack(0x0000000027bd0000,0x0000000027cd0000)]
  0x000000001f085800 JavaThread "ForkJoinPool-7-worker-3" daemon [_thread_in_Java, id=3824, stack(0x0000000027ad0000,0x0000000027bd0000)]
  0x000000001f082000 JavaThread "ForkJoinPool-7-worker-2" daemon [_thread_in_Java, id=9752, stack(0x00000000279d0000,0x0000000027ad0000)]
  0x000000001f085000 JavaThread "ForkJoinPool-7-worker-1" daemon [_thread_in_Java, id=1640, stack(0x00000000278d0000,0x00000000279d0000)]
  0x000000001f088800 JavaThread "ForkJoinPool-9-worker-0" daemon [_thread_blocked, id=5440, stack(0x00000000275d0000,0x00000000276d0000)]
  0x000000001f081000 JavaThread "ForkJoinPool-9-worker-3" daemon [_thread_in_Java, id=3876, stack(0x00000000274d0000,0x00000000275d0000)]
  0x000000001f088000 JavaThread "ForkJoinPool-9-worker-2" daemon [_thread_blocked, id=7952, stack(0x00000000273d0000,0x00000000274d0000)]
  0x000000001f087000 JavaThread "ForkJoinPool-9-worker-1" daemon [_thread_blocked, id=3420, stack(0x00000000272d0000,0x00000000273d0000)]
  0x000000001f084000 JavaThread "WorkerExecutor Queue Thread 6" [_thread_blocked, id=9768, stack(0x00000000264d0000,0x00000000265d0000)]
  0x00000000197f4800 JavaThread "Cache worker for Java compile cache (C:\Users\slevi\AndroidStudioProjects\LosTrack\.gradle\5.4.1\javaCompile)" [_thread_blocked, id=12224, stack(0x00000000267d0000,0x00000000268d0000)]
  0x000000001e057000 JavaThread "Cache worker for Java compile cache (C:\Users\slevi\.gradle\caches\5.4.1\javaCompile)" [_thread_blocked, id=6956, stack(0x0000000025d50000,0x0000000025e50000)]
  0x000000001e064800 JavaThread "stdout" [_thread_in_native, id=6172, stack(0x00000000263d0000,0x00000000264d0000)]
  0x000000001e063000 JavaThread "stderr" [_thread_in_native, id=3004, stack(0x00000000262d0000,0x00000000263d0000)]
  0x000000001e05f000 JavaThread "stdout" [_thread_in_native, id=6108, stack(0x00000000261d0000,0x00000000262d0000)]
  0x000000001e061800 JavaThread "stderr" [_thread_in_native, id=14420, stack(0x00000000260d0000,0x00000000261d0000)]
  0x000000001e059000 JavaThread "stdout" [_thread_in_native, id=2332, stack(0x0000000025fd0000,0x00000000260d0000)]
  0x000000001e05b800 JavaThread "stderr" [_thread_in_native, id=6016, stack(0x0000000025ed0000,0x0000000025fd0000)]
  0x000000001e05a800 JavaThread "stdout" [_thread_in_native, id=5748, stack(0x0000000025c50000,0x0000000025d50000)]
  0x000000001e057800 JavaThread "stderr" [_thread_in_native, id=2920, stack(0x00000000259b0000,0x0000000025ab0000)]
  0x000000001e05e800 JavaThread "pool-7-thread-1" [_thread_blocked, id=11776, stack(0x00000000258b0000,0x00000000259b0000)]
  0x000000001e05d800 JavaThread "WorkerExecutor Queue Thread 3" [_thread_blocked, id=3708, stack(0x0000000025b50000,0x0000000025c50000)]
  0x000000001e05a000 JavaThread "WorkerExecutor Queue Thread 2" [_thread_blocked, id=13284, stack(0x00000000257b0000,0x00000000258b0000)]
  0x000000001e05c000 JavaThread "WorkerExecutor Queue" [_thread_blocked, id=14412, stack(0x00000000256b0000,0x00000000257b0000)]
  0x000000001db8c800 JavaThread "Cache worker for execution history cache (C:\Users\slevi\AndroidStudioProjects\LosTrack\.gradle\5.4.1\executionHistory)" [_thread_blocked, id=6012, stack(0x00000000255b0000,0x00000000256b0000)]
  0x000000001db8b800 JavaThread "Execution worker for ':' Thread 3" [_thread_blocked, id=5336, stack(0x00000000254b0000,0x00000000255b0000)]
  0x000000001db8b000 JavaThread "Execution worker for ':' Thread 2" [_thread_blocked, id=13892, stack(0x00000000253b0000,0x00000000254b0000)]
  0x000000001db8a000 JavaThread "Execution worker for ':'" [_thread_blocked, id=224, stack(0x00000000252b0000,0x00000000253b0000)]
  0x000000001db89800 JavaThread "Cache worker for file content cache (C:\Users\slevi\AndroidStudioProjects\LosTrack\.gradle\5.4.1\fileContent)" [_thread_blocked, id=4928, stack(0x0000000023d00000,0x0000000023e00000)]
  0x000000001db88800 JavaThread "Cache worker for Build Output Cleanup Cache (C:\Users\slevi\AndroidStudioProjects\LosTrack\.gradle\buildOutputCleanup)" [_thread_blocked, id=2852, stack(0x0000000023c00000,0x0000000023d00000)]
  0x000000001db81000 JavaThread "pool-6-thread-1" [_thread_blocked, id=9204, stack(0x0000000023b00000,0x0000000023c00000)]
  0x000000001db88000 JavaThread "Build operations Thread 4" [_thread_blocked, id=11988, stack(0x0000000023400000,0x0000000023500000)]
  0x000000001db80800 JavaThread "Build operations Thread 3" [_thread_blocked, id=1540, stack(0x0000000020ef0000,0x0000000020ff0000)]
  0x000000001db84000 JavaThread "Build operations Thread 2" [_thread_blocked, id=9840, stack(0x0000000020a90000,0x0000000020b90000)]
  0x000000001db86800 JavaThread "Build operations" [_thread_blocked, id=12884, stack(0x0000000020990000,0x0000000020a90000)]
  0x000000001db87000 JavaThread "Cache worker for cache directory md-rule (C:\Users\slevi\.gradle\caches\5.4.1\md-rule)" [_thread_blocked, id=14356, stack(0x0000000020890000,0x0000000020990000)]
  0x000000001db85000 JavaThread "Cache worker for cache directory md-supplier (C:\Users\slevi\.gradle\caches\5.4.1\md-supplier)" [_thread_blocked, id=13744, stack(0x0000000020590000,0x0000000020690000)]
  0x000000001db82000 JavaThread "Cache worker for file hash cache (C:\Users\slevi\AndroidStudioProjects\LosTrack\.gradle\5.4.1\fileHashes)" [_thread_blocked, id=11020, stack(0x000000001ec90000,0x000000001ed90000)]
  0x000000001db85800 JavaThread "Thread-100" [_thread_blocked, id=4532, stack(0x000000001e790000,0x000000001e890000)]
  0x000000001db83800 JavaThread "Stdin handler" [_thread_blocked, id=5792, stack(0x000000001af20000,0x000000001b020000)]
  0x000000001db7f800 JavaThread "Asynchronous log dispatcher for DefaultDaemonConnection: socket connection from /127.0.0.1:58780 to /127.0.0.1:58815" [_thread_blocked, id=11416, stack(0x000000001ab20000,0x000000001ac20000)]
  0x000000001db7d800 JavaThread "Cancel handler" [_thread_blocked, id=7484, stack(0x0000000002980000,0x0000000002a80000)]
  0x000000001db7e000 JavaThread "Handler for socket connection from /127.0.0.1:58780 to /127.0.0.1:58815" [_thread_in_native, id=2456, stack(0x0000000000f60000,0x0000000001060000)]
  0x000000001e062000 JavaThread "Cache worker for file content cache (C:\Users\slevi\.gradle\caches\5.4.1\fileContent)" [_thread_blocked, id=4400, stack(0x0000000023300000,0x0000000023400000)]
  0x000000001e056000 JavaThread "Memory manager" [_thread_blocked, id=5776, stack(0x0000000022280000,0x0000000022380000)]
  0x000000001e055800 JavaThread "Cache worker for execution history cache (C:\Users\slevi\.gradle\caches\5.4.1\executionHistory)" [_thread_blocked, id=13008, stack(0x0000000020df0000,0x0000000020ef0000)]
  0x00000000197f2000 JavaThread "Cache worker for journal cache (C:\Users\slevi\.gradle\caches\journal-1)" [_thread_blocked, id=5216, stack(0x000000001b420000,0x000000001b520000)]
  0x00000000197f1800 JavaThread "File lock request listener" [_thread_in_native, id=14024, stack(0x000000001b120000,0x000000001b220000)]
  0x00000000197f7800 JavaThread "Cache worker for file hash cache (C:\Users\slevi\.gradle\caches\5.4.1\fileHashes)" [_thread_blocked, id=5740, stack(0x000000001b020000,0x000000001b120000)]
  0x0000000019837000 JavaThread "Daemon worker" [_thread_blocked, id=1308, stack(0x000000001ac20000,0x000000001ad20000)]
  0x000000001976d800 JavaThread "Daemon" [_thread_blocked, id=5880, stack(0x000000001a720000,0x000000001a820000)]
  0x0000000019700800 JavaThread "Daemon periodic checks" [_thread_blocked, id=10316, stack(0x000000001a620000,0x000000001a720000)]
  0x00000000196f6800 JavaThread "Incoming local TCP Connector on port 58780" [_thread_in_native, id=2644, stack(0x000000001a3e0000,0x000000001a4e0000)]
  0x0000000019575000 JavaThread "Daemon health stats" [_thread_blocked, id=9644, stack(0x0000000019da0000,0x0000000019ea0000)]
  0x00000000166ad000 JavaThread "Service Thread" daemon [_thread_blocked, id=7000, stack(0x00000000183d0000,0x00000000184d0000)]
  0x000000001666b000 JavaThread "C1 CompilerThread2" daemon [_thread_in_native, id=7680, stack(0x0000000017ed0000,0x0000000017fd0000)]
  0x000000001665c000 JavaThread "C2 CompilerThread1" daemon [_thread_in_native, id=11408, stack(0x0000000017dd0000,0x0000000017ed0000)]
=>0x0000000016658000 JavaThread "C2 CompilerThread0" daemon [_thread_in_native, id=8836, stack(0x0000000017cd0000,0x0000000017dd0000)]
  0x0000000016655800 JavaThread "Attach Listener" daemon [_thread_blocked, id=11856, stack(0x0000000017bd0000,0x0000000017cd0000)]
  0x0000000016654800 JavaThread "Signal Dispatcher" daemon [_thread_blocked, id=11360, stack(0x0000000017ad0000,0x0000000017bd0000)]
  0x0000000002cdb000 JavaThread "Finalizer" daemon [_thread_blocked, id=12276, stack(0x00000000178d0000,0x00000000179d0000)]
  0x0000000016639000 JavaThread "Reference Handler" daemon [_thread_blocked, id=2436, stack(0x00000000177d0000,0x00000000178d0000)]
  0x0000000000d6e800 JavaThread "main" [_thread_blocked, id=6864, stack(0x0000000002ae0000,0x0000000002be0000)]

Other Threads:
  0x0000000016616800 VMThread [stack: 0x00000000176d0000,0x00000000177d0000] [id=10568]
  0x00000000166ad800 WatcherThread [stack: 0x00000000184d0000,0x00000000185d0000] [id=11088]

VM state:not at safepoint (normal execution)

VM Mutex/Monitor currently owned by a thread: None

heap address: 0x00000000a0000000, size: 1536 MB, Compressed Oops mode: 32-bit
Narrow klass base: 0x0000000000000000, Narrow klass shift: 3
Compressed class space size: 1073741824 Address: 0x0000000100000000

Heap:
 PSYoungGen      total 188928K, used 74053K [0x00000000e0000000, 0x00000000ee200000, 0x0000000100000000)
  eden space 163840K, 29% used [0x00000000e0000000,0x00000000e2fd5110,0x00000000ea000000)
  from space 25088K, 99% used [0x00000000ebd00000,0x00000000ed57c470,0x00000000ed580000)
  to   space 29696K, 0% used [0x00000000ea000000,0x00000000ea000000,0x00000000ebd00000)
 ParOldGen       total 82432K, used 49229K [0x00000000a0000000, 0x00000000a5080000, 0x00000000e0000000)
  object space 82432K, 59% used [0x00000000a0000000,0x00000000a30136c8,0x00000000a5080000)
 Metaspace       used 82394K, capacity 85592K, committed 85848K, reserved 1124352K
  class space    used 10612K, capacity 11289K, committed 11392K, reserved 1048576K

Card table byte_map: [0x00000000120a0000,0x00000000123b0000] byte_map_base: 0x0000000011ba0000

Marking Bits: (ParMarkBitMap*) 0x0000000075129f30
 Begin Bits: [0x00000000129b0000, 0x00000000141b0000)
 End Bits:   [0x00000000141b0000, 0x00000000159b0000)

Polling page: 0x00000000011a0000

CodeCache: size=245760Kb used=43160Kb max_used=43160Kb free=202599Kb
 bounds [0x0000000002ce0000, 0x0000000005740000, 0x0000000011ce0000]
 total_blobs=13739 nmethods=12890 adapters=760
 compilation: enabled

Compilation events (10 events):
Event: 207.071 Thread 0x000000001666b000 nmethod 15341 0x0000000005736b50 code [0x0000000005736cc0, 0x0000000005736f88]
Event: 207.071 Thread 0x000000001666b000 15348       2       com.android.tools.r8.graph.ClassAccessFlags::<init> (7 bytes)
Event: 207.071 Thread 0x000000001666b000 nmethod 15348 0x00000000057370d0 code [0x0000000005737220, 0x0000000005737370]
Event: 207.071 Thread 0x000000001666b000 15349       2       com.android.tools.r8.graph.ClassAccessFlags::a (88 bytes)
Event: 207.072 Thread 0x000000001666b000 nmethod 15349 0x0000000005737410 code [0x0000000005737560, 0x0000000005737890]
Event: 207.078 Thread 0x000000001666b000 15358       2       com.android.tools.r8.graph.DexEncodedAnnotation::equals (55 bytes)
Event: 207.078 Thread 0x000000001666b000 nmethod 15358 0x0000000005737910 code [0x0000000005737aa0, 0x0000000005737df8]
Event: 207.079 Thread 0x000000001666b000 15359       2       com.android.tools.r8.graph.DexAnnotationElement::equals (55 bytes)
Event: 207.080 Thread 0x000000001666b000 nmethod 15359 0x0000000005737fd0 code [0x0000000005738140, 0x00000000057383f8]
Event: 207.081 Thread 0x000000001666b000 15360       3       com.android.tools.r8.dex.DexParser::a (1326 bytes)

GC Heap History (10 events):
Event: 80.546 GC heap before
{Heap before GC invocations=23 (full 3):
 PSYoungGen      total 148480K, used 143203K [0x00000000e0000000, 0x00000000ea880000, 0x0000000100000000)
  eden space 135168K, 100% used [0x00000000e0000000,0x00000000e8400000,0x00000000e8400000)
  from space 13312K, 60% used [0x00000000e8400000,0x00000000e8bd8f10,0x00000000e9100000)
  to   space 13312K, 0% used [0x00000000e9b80000,0x00000000e9b80000,0x00000000ea880000)
 ParOldGen       total 82432K, used 32153K [0x00000000a0000000, 0x00000000a5080000, 0x00000000e0000000)
  object space 82432K, 39% used [0x00000000a0000000,0x00000000a1f66770,0x00000000a5080000)
 Metaspace       used 66280K, capacity 68472K, committed 68696K, reserved 1110016K
  class space    used 8595K, capacity 9053K, committed 9088K, reserved 1048576K
Event: 80.623 GC heap after
Heap after GC invocations=23 (full 3):
 PSYoungGen      total 158720K, used 9136K [0x00000000e0000000, 0x00000000eac80000, 0x0000000100000000)
  eden space 145408K, 0% used [0x00000000e0000000,0x00000000e0000000,0x00000000e8e00000)
  from space 13312K, 68% used [0x00000000e9b80000,0x00000000ea46c050,0x00000000ea880000)
  to   space 13824K, 0% used [0x00000000e8e00000,0x00000000e8e00000,0x00000000e9b80000)
 ParOldGen       total 82432K, used 32161K [0x00000000a0000000, 0x00000000a5080000, 0x00000000e0000000)
  object space 82432K, 39% used [0x00000000a0000000,0x00000000a1f68770,0x00000000a5080000)
 Metaspace       used 66280K, capacity 68472K, committed 68696K, reserved 1110016K
  class space    used 8595K, capacity 9053K, committed 9088K, reserved 1048576K
}
Event: 113.041 GC heap before
{Heap before GC invocations=24 (full 3):
 PSYoungGen      total 158720K, used 154544K [0x00000000e0000000, 0x00000000eac80000, 0x0000000100000000)
  eden space 145408K, 100% used [0x00000000e0000000,0x00000000e8e00000,0x00000000e8e00000)
  from space 13312K, 68% used [0x00000000e9b80000,0x00000000ea46c050,0x00000000ea880000)
  to   space 13824K, 0% used [0x00000000e8e00000,0x00000000e8e00000,0x00000000e9b80000)
 ParOldGen       total 82432K, used 32161K [0x00000000a0000000, 0x00000000a5080000, 0x00000000e0000000)
  object space 82432K, 39% used [0x00000000a0000000,0x00000000a1f68770,0x00000000a5080000)
 Metaspace       used 66605K, capacity 68788K, committed 68952K, reserved 1110016K
  class space    used 8600K, capacity 9059K, committed 9088K, reserved 1048576K
Event: 113.273 GC heap after
Heap after GC invocations=24 (full 3):
 PSYoungGen      total 159232K, used 10816K [0x00000000e0000000, 0x00000000eb800000, 0x0000000100000000)
  eden space 145408K, 0% used [0x00000000e0000000,0x00000000e0000000,0x00000000e8e00000)
  from space 13824K, 78% used [0x00000000e8e00000,0x00000000e98902f8,0x00000000e9b80000)
  to   space 14848K, 0% used [0x00000000ea980000,0x00000000ea980000,0x00000000eb800000)
 ParOldGen       total 82432K, used 32169K [0x00000000a0000000, 0x00000000a5080000, 0x00000000e0000000)
  object space 82432K, 39% used [0x00000000a0000000,0x00000000a1f6a770,0x00000000a5080000)
 Metaspace       used 66605K, capacity 68788K, committed 68952K, reserved 1110016K
  class space    used 8600K, capacity 9059K, committed 9088K, reserved 1048576K
}
Event: 176.445 GC heap before
{Heap before GC invocations=25 (full 3):
 PSYoungGen      total 159232K, used 156193K [0x00000000e0000000, 0x00000000eb800000, 0x0000000100000000)
  eden space 145408K, 99% used [0x00000000e0000000,0x00000000e8df8410,0x00000000e8e00000)
  from space 13824K, 78% used [0x00000000e8e00000,0x00000000e98902f8,0x00000000e9b80000)
  to   space 14848K, 0% used [0x00000000ea980000,0x00000000ea980000,0x00000000eb800000)
 ParOldGen       total 82432K, used 32169K [0x00000000a0000000, 0x00000000a5080000, 0x00000000e0000000)
  object space 82432K, 39% used [0x00000000a0000000,0x00000000a1f6a770,0x00000000a5080000)
 Metaspace       used 67095K, capacity 69426K, committed 69592K, reserved 1110016K
  class space    used 8644K, capacity 9164K, committed 9216K, reserved 1048576K
Event: 176.742 GC heap after
Heap after GC invocations=25 (full 3):
 PSYoungGen      total 169984K, used 14816K [0x00000000e0000000, 0x00000000ebd00000, 0x0000000100000000)
  eden space 155136K, 0% used [0x00000000e0000000,0x00000000e0000000,0x00000000e9780000)
  from space 14848K, 99% used [0x00000000ea980000,0x00000000eb7f8370,0x00000000eb800000)
  to   space 18432K, 0% used [0x00000000e9780000,0x00000000e9780000,0x00000000ea980000)
 ParOldGen       total 82432K, used 36137K [0x00000000a0000000, 0x00000000a5080000, 0x00000000e0000000)
  object space 82432K, 43% used [0x00000000a0000000,0x00000000a234a7e0,0x00000000a5080000)
 Metaspace       used 67095K, capacity 69426K, committed 69592K, reserved 1110016K
  class space    used 8644K, capacity 9164K, committed 9216K, reserved 1048576K
}
Event: 192.819 GC heap before
{Heap before GC invocations=26 (full 3):
 PSYoungGen      total 169984K, used 169952K [0x00000000e0000000, 0x00000000ebd00000, 0x0000000100000000)
  eden space 155136K, 100% used [0x00000000e0000000,0x00000000e9780000,0x00000000e9780000)
  from space 14848K, 99% used [0x00000000ea980000,0x00000000eb7f8370,0x00000000eb800000)
  to   space 18432K, 0% used [0x00000000e9780000,0x00000000e9780000,0x00000000ea980000)
 ParOldGen       total 82432K, used 36137K [0x00000000a0000000, 0x00000000a5080000, 0x00000000e0000000)
  object space 82432K, 43% used [0x00000000a0000000,0x00000000a234a7e0,0x00000000a5080000)
 Metaspace       used 73006K, capacity 75464K, committed 75736K, reserved 1116160K
  class space    used 9356K, capacity 9923K, committed 9984K, reserved 1048576K
Event: 193.095 GC heap after
Heap after GC invocations=26 (full 3):
 PSYoungGen      total 173568K, used 18420K [0x00000000e0000000, 0x00000000ed580000, 0x0000000100000000)
  eden space 155136K, 0% used [0x00000000e0000000,0x00000000e0000000,0x00000000e9780000)
  from space 18432K, 99% used [0x00000000e9780000,0x00000000ea97d348,0x00000000ea980000)
  to   space 25088K, 0% used [0x00000000ebd00000,0x00000000ebd00000,0x00000000ed580000)
 ParOldGen       total 82432K, used 46689K [0x00000000a0000000, 0x00000000a5080000, 0x00000000e0000000)
  object space 82432K, 56% used [0x00000000a0000000,0x00000000a2d986d0,0x00000000a5080000)
 Metaspace       used 73006K, capacity 75464K, committed 75736K, reserved 1116160K
  class space    used 9356K, capacity 9923K, committed 9984K, reserved 1048576K
}
Event: 204.803 GC heap before
{Heap before GC invocations=27 (full 3):
 PSYoungGen      total 173568K, used 173556K [0x00000000e0000000, 0x00000000ed580000, 0x0000000100000000)
  eden space 155136K, 100% used [0x00000000e0000000,0x00000000e9780000,0x00000000e9780000)
  from space 18432K, 99% used [0x00000000e9780000,0x00000000ea97d348,0x00000000ea980000)
  to   space 25088K, 0% used [0x00000000ebd00000,0x00000000ebd00000,0x00000000ed580000)
 ParOldGen       total 82432K, used 46689K [0x00000000a0000000, 0x00000000a5080000, 0x00000000e0000000)
  object space 82432K, 56% used [0x00000000a0000000,0x00000000a2d986d0,0x00000000a5080000)
 Metaspace       used 81473K, capacity 84644K, committed 84824K, reserved 1122304K
  class space    used 10456K, capacity 11129K, committed 11136K, reserved 1048576K
Event: 205.218 GC heap after
Heap after GC invocations=27 (full 3):
 PSYoungGen      total 188928K, used 25073K [0x00000000e0000000, 0x00000000ee200000, 0x0000000100000000)
  eden space 163840K, 0% used [0x00000000e0000000,0x00000000e0000000,0x00000000ea000000)
  from space 25088K, 99% used [0x00000000ebd00000,0x00000000ed57c470,0x00000000ed580000)
  to   space 29696K, 0% used [0x00000000ea000000,0x00000000ea000000,0x00000000ebd00000)
 ParOldGen       total 82432K, used 49229K [0x00000000a0000000, 0x00000000a5080000, 0x00000000e0000000)
  object space 82432K, 59% used [0x00000000a0000000,0x00000000a30136c8,0x00000000a5080000)
 Metaspace       used 81473K, capacity 84644K, committed 84824K, reserved 1122304K
  class space    used 10456K, capacity 11129K, committed 11136K, reserved 1048576K
}

Deoptimization events (10 events):
Event: 206.332 Thread 0x000000001e05d800 Uncommon trap: reason=unstable_if action=reinterpret pc=0x00000000056c1288 method=com.android.tools.r8.dex.DexParser.g(I)Lcom/android/tools/r8/dex/DexSection; @ 12
Event: 206.651 Thread 0x000000001f085000 Uncommon trap: reason=unstable_if action=reinterpret pc=0x00000000041ba970 method=java.util.Arrays.hashCode([Ljava/lang/Object;)I @ 1
Event: 206.718 Thread 0x000000001f087000 Uncommon trap: reason=unstable_if action=reinterpret pc=0x00000000056e2acc method=com.android.tools.r8.dex.DexParser.a(ILjava/util/function/Supplier;)Ljava/lang/Object; @ 1
Event: 206.736 Thread 0x000000001f088800 Uncommon trap: reason=unstable_if action=reinterpret pc=0x00000000053cf200 method=com.android.tools.r8.graph.DexString.slowCompareTo(Lcom/android/tools/r8/graph/DexString;)I @ 141
Event: 206.771 Thread 0x000000001e05c000 Uncommon trap: reason=unstable_if action=reinterpret pc=0x0000000004e384ac method=java.util.TimSort.countRunAndMakeAscending([Ljava/lang/Object;IILjava/util/Comparator;)I @ 27
Event: 207.004 Thread 0x000000001e05c000 Uncommon trap: reason=unstable_if action=reinterpret pc=0x0000000004e4eb40 method=com.android.tools.r8.dex.VirtualFile$g.a(Lcom/android/tools/r8/graph/DexItem;Ljava/util/Set;Ljava/util/Set;)Z @ 7
Event: 207.004 Thread 0x000000001e05c000 Uncommon trap: reason=unstable_if action=reinterpret pc=0x0000000004eedb2c method=com.android.tools.r8.dex.VirtualFile$g.a(Lcom/android/tools/r8/graph/DexItem;Ljava/util/Set;Ljava/util/Set;)Z @ 7
Event: 207.004 Thread 0x000000001e05c000 Uncommon trap: reason=unstable_if action=reinterpret pc=0x0000000004df8a1c method=com.android.tools.r8.dex.VirtualFile$g.a(Lcom/android/tools/r8/graph/DexItem;Ljava/util/Set;Ljava/util/Set;)Z @ 7
Event: 207.035 Thread 0x000000001f081000 Uncommon trap: reason=unstable_if action=reinterpret pc=0x00000000056f924c method=java.util.TimSort.mergeLo(IIII)V @ 474
Event: 207.035 Thread 0x000000001f081000 Uncommon trap: reason=unstable_if action=reinterpret pc=0x00000000056e50ec method=java.util.TimSort.mergeHi(IIII)V @ 426

Classes redefined (0 events):
No events

Internal exceptions (10 events):
Event: 204.190 Thread 0x000000001e05a000 Exception <a 'sun/nio/fs/WindowsException'> (0x00000000e8cbfa28) thrown at [D:\src\AOSP-openjdk-cygwin\jdk8u\hotspot\src\share\vm\prims\jni.cpp, line 710]
Event: 204.196 Thread 0x000000001e05a000 Exception <a 'sun/nio/fs/WindowsException'> (0x00000000e8d07378) thrown at [D:\src\AOSP-openjdk-cygwin\jdk8u\hotspot\src\share\vm\prims\jni.cpp, line 710]
Event: 204.201 Thread 0x000000001e05a000 Exception <a 'sun/nio/fs/WindowsException'> (0x00000000e8d0ebd0) thrown at [D:\src\AOSP-openjdk-cygwin\jdk8u\hotspot\src\share\vm\prims\jni.cpp, line 710]
Event: 204.213 Thread 0x000000001e05a000 Exception <a 'sun/nio/fs/WindowsException'> (0x00000000e8dd4d28) thrown at [D:\src\AOSP-openjdk-cygwin\jdk8u\hotspot\src\share\vm\prims\jni.cpp, line 710]
Event: 204.217 Thread 0x000000001e05a000 Exception <a 'sun/nio/fs/WindowsException'> (0x00000000e8ddc738) thrown at [D:\src\AOSP-openjdk-cygwin\jdk8u\hotspot\src\share\vm\prims\jni.cpp, line 710]
Event: 204.221 Thread 0x000000001e05a000 Exception <a 'sun/nio/fs/WindowsException'> (0x00000000e8de2e88) thrown at [D:\src\AOSP-openjdk-cygwin\jdk8u\hotspot\src\share\vm\prims\jni.cpp, line 710]
Event: 204.660 Thread 0x000000001db8b000 Exception <a 'java/lang/NoSuchMethodError': <clinit>> (0x00000000e9255fa0) thrown at [D:\src\AOSP-openjdk-cygwin\jdk8u\hotspot\src\share\vm\prims\jni.cpp, line 1614]
Event: 205.744 Thread 0x000000001e05d800 Exception <a 'sun/nio/fs/WindowsException'> (0x00000000e0afd1d0) thrown at [D:\src\AOSP-openjdk-cygwin\jdk8u\hotspot\src\share\vm\prims\jni.cpp, line 710]
Event: 206.444 Thread 0x000000001e05c000 Exception <a 'sun/nio/fs/WindowsException'> (0x00000000e1656a88) thrown at [D:\src\AOSP-openjdk-cygwin\jdk8u\hotspot\src\share\vm\prims\jni.cpp, line 710]
Event: 206.651 Thread 0x000000001f085000 Implicit null exception at 0x00000000041ba86f to 0x00000000041ba961

Events (10 events):
Event: 207.028 loading class java/util/concurrent/ForkJoinTask$AdaptedCallable
Event: 207.029 loading class java/util/concurrent/ForkJoinTask$AdaptedCallable done
Event: 207.035 Thread 0x000000001f081000 Uncommon trap: trap_request=0xffffff65 fr.pc=0x00000000056f924c
Event: 207.035 Thread 0x000000001f081000 DEOPT PACKING pc=0x00000000056f924c sp=0x00000000275cea20
Event: 207.035 Thread 0x000000001f081000 DEOPT UNPACKING pc=0x0000000002d2557b sp=0x00000000275cea10 mode 2
Event: 207.035 Thread 0x000000001f081000 Uncommon trap: trap_request=0xffffff65 fr.pc=0x00000000056e50ec
Event: 207.035 Thread 0x000000001f081000 DEOPT PACKING pc=0x00000000056e50ec sp=0x00000000275cea10
Event: 207.035 Thread 0x000000001f081000 DEOPT UNPACKING pc=0x0000000002d2557b sp=0x00000000275cea08 mode 2
Event: 207.036 Thread 0x000000001f081000 DEOPT PACKING pc=0x0000000004eb4726 sp=0x00000000275cecb0
Event: 207.036 Thread 0x000000001f081000 DEOPT UNPACKING pc=0x0000000002d275d0 sp=0x00000000275ce9f0 mode 0


Dynamic libraries:
0x00007ff604420000 - 0x00007ff604451000 	C:\Program Files\Android\Android Studio\jre\bin\java.exe
0x00007ffb3a1c0000 - 0x00007ffb3a3b0000 	C:\WINDOWS\SYSTEM32\ntdll.dll
0x00007ffb3a030000 - 0x00007ffb3a0e2000 	C:\WINDOWS\System32\KERNEL32.DLL
0x00007ffb37f70000 - 0x00007ffb38213000 	C:\WINDOWS\System32\KERNELBASE.dll
0x00007ffb39640000 - 0x00007ffb396e3000 	C:\WINDOWS\System32\ADVAPI32.dll
0x00007ffb39c20000 - 0x00007ffb39cbe000 	C:\WINDOWS\System32\msvcrt.dll
0x00007ffb39df0000 - 0x00007ffb39e87000 	C:\WINDOWS\System32\sechost.dll
0x00007ffb393d0000 - 0x00007ffb394f0000 	C:\WINDOWS\System32\RPCRT4.dll
0x00007ffb38300000 - 0x00007ffb38494000 	C:\WINDOWS\System32\USER32.dll
0x00007ffb37f20000 - 0x00007ffb37f41000 	C:\WINDOWS\System32\win32u.dll
0x00007ffb39e90000 - 0x00007ffb39eb6000 	C:\WINDOWS\System32\GDI32.dll
0x00007ffb37150000 - 0x00007ffb372e4000 	C:\WINDOWS\System32\gdi32full.dll
0x00007ffb37370000 - 0x00007ffb3740e000 	C:\WINDOWS\System32\msvcp_win.dll
0x00007ffb37e20000 - 0x00007ffb37f1a000 	C:\WINDOWS\System32\ucrtbase.dll
0x00007ffb1d710000 - 0x00007ffb1d995000 	C:\WINDOWS\WinSxS\amd64_microsoft.windows.common-controls_6595b64144ccf1df_6.0.18362.476_none_e6c4b11b130f2595\COMCTL32.dll
0x00007ffb39090000 - 0x00007ffb393c6000 	C:\WINDOWS\System32\combase.dll
0x00007ffb372f0000 - 0x00007ffb37370000 	C:\WINDOWS\System32\bcryptPrimitives.dll
0x00007ffb382d0000 - 0x00007ffb382fe000 	C:\WINDOWS\System32\IMM32.DLL
0x0000000077290000 - 0x0000000077362000 	C:\Program Files\Android\Android Studio\jre\jre\bin\msvcr100.dll
0x0000000074960000 - 0x00000000751a6000 	C:\Program Files\Android\Android Studio\jre\jre\bin\server\jvm.dll
0x00007ffb3a020000 - 0x00007ffb3a028000 	C:\WINDOWS\System32\PSAPI.DLL
0x00007ffb35bb0000 - 0x00007ffb35bba000 	C:\WINDOWS\SYSTEM32\VERSION.dll
0x00007ffb338d0000 - 0x00007ffb338f4000 	C:\WINDOWS\SYSTEM32\WINMM.dll
0x00007ffb33890000 - 0x00007ffb338bd000 	C:\WINDOWS\SYSTEM32\winmmbase.dll
0x00007ffb38220000 - 0x00007ffb3826a000 	C:\WINDOWS\System32\cfgmgr32.dll
0x00007ffb0b6f0000 - 0x00007ffb0b6f9000 	C:\WINDOWS\SYSTEM32\WSOCK32.dll
0x00007ffb38d80000 - 0x00007ffb38def000 	C:\WINDOWS\System32\WS2_32.dll
0x00007ffb308c0000 - 0x00007ffb308cf000 	C:\Program Files\Android\Android Studio\jre\jre\bin\verify.dll
0x00007ffb0ceb0000 - 0x00007ffb0ced9000 	C:\Program Files\Android\Android Studio\jre\jre\bin\java.dll
0x00007ffb11ea0000 - 0x00007ffb11eb6000 	C:\Program Files\Android\Android Studio\jre\jre\bin\zip.dll
0x00007ffb38690000 - 0x00007ffb38d75000 	C:\WINDOWS\System32\SHELL32.dll
0x00007ffb384a0000 - 0x00007ffb38549000 	C:\WINDOWS\System32\shcore.dll
0x00007ffb376a0000 - 0x00007ffb37e1e000 	C:\WINDOWS\System32\windows.storage.dll
0x00007ffb370c0000 - 0x00007ffb370df000 	C:\WINDOWS\System32\profapi.dll
0x00007ffb370e0000 - 0x00007ffb3712a000 	C:\WINDOWS\System32\powrprof.dll
0x00007ffb37090000 - 0x00007ffb370a0000 	C:\WINDOWS\System32\UMPDC.dll
0x00007ffb39cc0000 - 0x00007ffb39d12000 	C:\WINDOWS\System32\shlwapi.dll
0x00007ffb370a0000 - 0x00007ffb370b1000 	C:\WINDOWS\System32\kernel.appcore.dll
0x00007ffb37f50000 - 0x00007ffb37f67000 	C:\WINDOWS\System32\cryptsp.dll
0x00007ffb0cdd0000 - 0x00007ffb0cdea000 	C:\Program Files\Android\Android Studio\jre\jre\bin\net.dll
0x00007ffb36900000 - 0x00007ffb36967000 	C:\WINDOWS\system32\mswsock.dll
0x00007ffb0cdb0000 - 0x00007ffb0cdc1000 	C:\Program Files\Android\Android Studio\jre\jre\bin\nio.dll
0x00007ffafb8a0000 - 0x00007ffafb8c6000 	C:\Users\slevi\.gradle\native\29\windows-amd64\native-platform.dll
0x00007ffb30880000 - 0x00007ffb3088d000 	C:\Program Files\Android\Android Studio\jre\jre\bin\management.dll
0x00007ffb36470000 - 0x00007ffb364a3000 	C:\WINDOWS\system32\rsaenh.dll
0x00007ffb37610000 - 0x00007ffb37636000 	C:\WINDOWS\System32\bcrypt.dll
0x00007ffb36f80000 - 0x00007ffb36fa5000 	C:\WINDOWS\SYSTEM32\USERENV.dll
0x00007ffb36ad0000 - 0x00007ffb36adc000 	C:\WINDOWS\SYSTEM32\CRYPTBASE.dll
0x00007ffb36610000 - 0x00007ffb3664a000 	C:\WINDOWS\SYSTEM32\IPHLPAPI.DLL
0x00007ffb3a170000 - 0x00007ffb3a178000 	C:\WINDOWS\System32\NSI.dll
0x00007ffb2b4a0000 - 0x00007ffb2b4b6000 	C:\WINDOWS\SYSTEM32\dhcpcsvc6.DLL
0x00007ffb2b640000 - 0x00007ffb2b65c000 	C:\WINDOWS\SYSTEM32\dhcpcsvc.DLL
0x00007ffb36650000 - 0x00007ffb3671a000 	C:\WINDOWS\SYSTEM32\DNSAPI.dll

VM Arguments:
jvm_args: -Xmx1536m -Dfile.encoding=windows-1251 -Duser.country=UA -Duser.language=uk -Duser.variant 
java_command: org.gradle.launcher.daemon.bootstrap.GradleDaemon 5.4.1
java_class_path (initial): C:\Users\slevi\.gradle\wrapper\dists\gradle-5.4.1-all\3221gyojl5jsh0helicew7rwx\gradle-5.4.1\lib\gradle-launcher-5.4.1.jar
Launcher Type: SUN_STANDARD

Environment Variables:
JAVA_HOME=C:\Program Files\Java\jdk-11.0.2
PATH=C:\Program Files (x86)\NVIDIA Corporation\PhysX\Common;C:\Program Files (x86)\Common Files\Oracle\Java\javapath;C:\WINDOWS\system32;C:\WINDOWS;C:\WINDOWS\System32\Wbem;C:\WINDOWS\System32\WindowsPowerShell\v1.0\;C:\WINDOWS\System32\OpenSSH\;C:\Users\slevi\apache-maven-3.6.1\bin;C:\Program Files\Java\jdk-11.0.2\bin;C:\Users\slevi\apache-tomcat-9.0.17\bin;C:\Program Files\nodejs\;C:\Program Files\Common Files\Autodesk Shared\;C:\Program Files\Microsoft SQL Server\120\Tools\Binn\;C:\Program Files\Microsoft SQL Server\Client SDK\ODBC\110\Tools\Binn\;C:\Program Files (x86)\Microsoft SQL Server\120\Tools\Binn\;C:\Program Files\Microsoft SQL Server\120\DTS\Binn\;C:\Program Files (x86)\Windows Kits\8.1\Windows Performance Toolkit\;C:\Program Files\Git\cmd;C:\Users\slevi\AppData\Local\Microsoft\WindowsApps;C:\Users\slevi\AppData\Roaming\npm;C:\Users\slevi\AppData\Local\Programs\Microsoft VS Code\bin;
USERNAME=slevi
OS=Windows_NT
PROCESSOR_IDENTIFIER=Intel64 Family 6 Model 142 Stepping 9, GenuineIntel



---------------  S Y S T E M  ---------------

OS: Windows 10.0 , 64 bit Build 18362 (10.0.18362.329)

CPU:total 4 (initial active 4) (2 cores per cpu, 2 threads per core) family 6 model 142 stepping 9, cmov, cx8, fxsr, mmx, sse, sse2, sse3, ssse3, sse4.1, sse4.2, popcnt, avx, avx2, aes, clmul, erms, 3dnowpref, lzcnt, ht, tsc, tscinvbit, bmi1, bmi2, adx

Memory: 4k page, physical 4059364k(197796k free), swap 12447972k(4660k free)

vm_info: OpenJDK 64-Bit Server VM (25.202-b03) for windows-amd64 JRE (1.8.0_202-release-1483-b03), built by "builder" with MS VC++ 10.0 (VS2010)

time: Sat Nov 23 12:02:22 2019
timezone: Фінляндія (зима)
elapsed time: 207 seconds (0d 0h 3m 27s)

