#
# There is insufficient memory for the Java Runtime Environment to continue.
# Native memory allocation (malloc) failed to allocate 1381776 bytes for Chunk::new
# Possible reasons:
#   The system is out of physical RAM or swap space
#   The process is running with CompressedOops enabled, and the Java Heap may be blocking the growth of the native heap
# Possible solutions:
#   Reduce memory load on the system
#   Increase physical memory or swap space
#   Check if swap backing store is full
#   Decrease Java heap size (-Xmx/-Xms)
#   Decrease number of Java threads
#   Decrease Java thread stack sizes (-Xss)
#   Set larger code cache with -XX:ReservedCodeCacheSize=
#   JVM is running with Unscaled Compressed Oops mode in which the Java heap is
#     placed in the first 4GB address space. The Java Heap base address is the
#     maximum limit for the native heap growth. Please use -XX:HeapBaseMinAddress
#     to set the Java Heap base and to place the Java Heap above 4GB virtual address.
# This output file may be truncated or incomplete.
#
#  Out of Memory Error (allocation.cpp:389), pid=17592, tid=0x0000000000002b70
#
# JRE version: OpenJDK Runtime Environment (8.0_202-b03) (build 1.8.0_202-release-1483-b03)
# Java VM: OpenJDK 64-Bit Server VM (25.202-b03 mixed mode windows-amd64 compressed oops)
# Failed to write core dump. Minidumps are not enabled by default on client versions of Windows
#

---------------  T H R E A D  ---------------

Current thread (0x000000001603b000):  JavaThread "C2 CompilerThread1" daemon [_thread_in_native, id=11120, stack(0x00000000177a0000,0x00000000178a0000)]

Stack: [0x00000000177a0000,0x00000000178a0000]
[error occurred during error reporting (printing stack bounds), id 0xc0000005]

Native frames: (J=compiled Java code, j=interpreted, Vv=VM code, C=native code)


Current CompileTask:
C2:3073372 15991       4       com.sun.tools.javac.jvm.ClassWriter::writeField (211 bytes)


---------------  P R O C E S S  ---------------

Java Threads: ( => current thread )
  0x000000001836f000 JavaThread "Cache worker for Java compile cache (C:\Users\slevi\AndroidStudioProjects\LosTrack\.gradle\5.4.1\javaCompile)" [_thread_blocked, id=11032, stack(0x0000000024800000,0x0000000024900000)]
  0x0000000018369000 JavaThread "WorkerExecutor Queue Thread 3" [_thread_blocked, id=13172, stack(0x0000000024700000,0x0000000024800000)]
  0x000000001836e000 JavaThread "WorkerExecutor Queue Thread 2" [_thread_blocked, id=18956, stack(0x0000000024600000,0x0000000024700000)]
  0x0000000018366800 JavaThread "stdout" [_thread_in_native, id=19004, stack(0x0000000024250000,0x0000000024350000)]
  0x000000001836d800 JavaThread "stderr" [_thread_in_native, id=14872, stack(0x0000000024150000,0x0000000024250000)]
  0x0000000018366000 JavaThread "pool-10-thread-1" [_thread_blocked, id=2492, stack(0x0000000024050000,0x0000000024150000)]
  0x0000000018369800 JavaThread "WorkerExecutor Queue" [_thread_blocked, id=15224, stack(0x0000000023f50000,0x0000000024050000)]
  0x000000001836c800 JavaThread "Cache worker for execution history cache (C:\Users\slevi\AndroidStudioProjects\LosTrack\.gradle\5.4.1\executionHistory)" [_thread_blocked, id=14320, stack(0x0000000023c50000,0x0000000023d50000)]
  0x000000001836b000 JavaThread "Execution worker for ':' Thread 3" [_thread_blocked, id=11568, stack(0x0000000023b50000,0x0000000023c50000)]
  0x0000000018368000 JavaThread "Execution worker for ':' Thread 2" [_thread_blocked, id=13724, stack(0x0000000023a50000,0x0000000023b50000)]
  0x000000001b059800 JavaThread "Execution worker for ':'" [_thread_in_native, id=18444, stack(0x0000000023450000,0x0000000023550000)]
  0x000000001b058800 JavaThread "Cache worker for file content cache (C:\Users\slevi\AndroidStudioProjects\LosTrack\.gradle\5.4.1\fileContent)" [_thread_blocked, id=16220, stack(0x0000000021ea0000,0x0000000021fa0000)]
  0x000000001b051000 JavaThread "Cache worker for Build Output Cleanup Cache (C:\Users\slevi\AndroidStudioProjects\LosTrack\.gradle\buildOutputCleanup)" [_thread_blocked, id=7076, stack(0x0000000020fc0000,0x00000000210c0000)]
  0x000000001b050000 JavaThread "pool-9-thread-1" [_thread_blocked, id=17608, stack(0x0000000020cc0000,0x0000000020dc0000)]
  0x000000001b051800 JavaThread "Build operations Thread 4" [_thread_blocked, id=14232, stack(0x00000000207c0000,0x00000000208c0000)]
  0x000000001b054800 JavaThread "Build operations Thread 3" [_thread_blocked, id=8216, stack(0x00000000206c0000,0x00000000207c0000)]
  0x000000001b054000 JavaThread "Build operations Thread 2" [_thread_blocked, id=13492, stack(0x00000000205c0000,0x00000000206c0000)]
  0x000000001b052800 JavaThread "Build operations" [_thread_blocked, id=15724, stack(0x00000000204c0000,0x00000000205c0000)]
  0x000000001b053000 JavaThread "Cache worker for cache directory md-rule (C:\Users\slevi\.gradle\caches\5.4.1\md-rule)" [_thread_blocked, id=15980, stack(0x000000001fcc0000,0x000000001fdc0000)]
  0x000000001b055800 JavaThread "Cache worker for cache directory md-supplier (C:\Users\slevi\.gradle\caches\5.4.1\md-supplier)" [_thread_blocked, id=15920, stack(0x000000001e310000,0x000000001e410000)]
  0x000000001b057000 JavaThread "Cache worker for file hash cache (C:\Users\slevi\AndroidStudioProjects\LosTrack\.gradle\5.4.1\fileHashes)" [_thread_blocked, id=13060, stack(0x000000001cf90000,0x000000001d090000)]
  0x000000001b04a000 JavaThread "Thread-104" [_thread_blocked, id=4124, stack(0x000000001a8f0000,0x000000001a9f0000)]
  0x000000001b04f800 JavaThread "Stdin handler" [_thread_blocked, id=17244, stack(0x000000001a5f0000,0x000000001a6f0000)]
  0x000000001b04d000 JavaThread "Asynchronous log dispatcher for DefaultDaemonConnection: socket connection from /127.0.0.1:54884 to /127.0.0.1:55808" [_thread_blocked, id=19088, stack(0x000000001a4f0000,0x000000001a5f0000)]
  0x000000001b04c800 JavaThread "Daemon worker Thread 5" [_thread_blocked, id=14484, stack(0x000000001a1f0000,0x000000001a2f0000)]
  0x000000001b04e000 JavaThread "Cancel handler" [_thread_blocked, id=18260, stack(0x000000001a0f0000,0x000000001a1f0000)]
  0x000000001b04b800 JavaThread "Handler for socket connection from /127.0.0.1:54884 to /127.0.0.1:55808" [_thread_in_native, id=13452, stack(0x0000000000b10000,0x0000000000c10000)]
  0x000000001b04b000 JavaThread "Daemon Thread 5" [_thread_blocked, id=18996, stack(0x0000000000a10000,0x0000000000b10000)]
  0x000000001b056000 JavaThread "Cache worker for Java compile cache (C:\Users\slevi\.gradle\caches\5.4.1\javaCompile)" [_thread_blocked, id=19356, stack(0x0000000024b00000,0x0000000024c00000)]
  0x0000000018372800 JavaThread "Cache worker for file content cache (C:\Users\slevi\.gradle\caches\5.4.1\fileContent)" [_thread_blocked, id=8720, stack(0x0000000023750000,0x0000000023850000)]
  0x0000000018367800 JavaThread "Memory manager" [_thread_blocked, id=17808, stack(0x00000000218c0000,0x00000000219c0000)]
  0x0000000018363800 JavaThread "Cache worker for execution history cache (C:\Users\slevi\.gradle\caches\5.4.1\executionHistory)" [_thread_blocked, id=9768, stack(0x00000000201c0000,0x00000000202c0000)]
  0x000000001922b800 JavaThread "Cache worker for journal cache (C:\Users\slevi\.gradle\caches\journal-1)" [_thread_blocked, id=3776, stack(0x000000001abf0000,0x000000001acf0000)]
  0x000000001922b000 JavaThread "File lock request listener" [_thread_in_native, id=11528, stack(0x000000001aaf0000,0x000000001abf0000)]
  0x000000001922e000 JavaThread "Cache worker for file hash cache (C:\Users\slevi\.gradle\caches\5.4.1\fileHashes)" [_thread_blocked, id=5816, stack(0x000000001a9f0000,0x000000001aaf0000)]
  0x000000001910f000 JavaThread "Daemon periodic checks" [_thread_blocked, id=10844, stack(0x0000000019ff0000,0x000000001a0f0000)]
  0x00000000190f8800 JavaThread "Incoming local TCP Connector on port 54884" [_thread_in_native, id=19252, stack(0x0000000019db0000,0x0000000019eb0000)]
  0x0000000019002800 JavaThread "Daemon health stats" [_thread_blocked, id=18916, stack(0x0000000019770000,0x0000000019870000)]
  0x000000001608d000 JavaThread "Service Thread" daemon [_thread_blocked, id=10120, stack(0x0000000017da0000,0x0000000017ea0000)]
  0x0000000016043000 JavaThread "C1 CompilerThread2" daemon [_thread_blocked, id=18904, stack(0x00000000178a0000,0x00000000179a0000)]
=>0x000000001603b000 JavaThread "C2 CompilerThread1" daemon [_thread_in_native, id=11120, stack(0x00000000177a0000,0x00000000178a0000)]
  0x0000000016037000 JavaThread "C2 CompilerThread0" daemon [_thread_blocked, id=18520, stack(0x00000000176a0000,0x00000000177a0000)]
  0x0000000016034800 JavaThread "Attach Listener" daemon [_thread_blocked, id=3104, stack(0x00000000175a0000,0x00000000176a0000)]
  0x0000000016033800 JavaThread "Signal Dispatcher" daemon [_thread_blocked, id=2500, stack(0x00000000174a0000,0x00000000175a0000)]
  0x00000000026bb000 JavaThread "Finalizer" daemon [_thread_blocked, id=3828, stack(0x00000000172a0000,0x00000000173a0000)]
  0x0000000016019000 JavaThread "Reference Handler" daemon [_thread_blocked, id=6740, stack(0x00000000171a0000,0x00000000172a0000)]
  0x00000000025be800 JavaThread "main" [_thread_blocked, id=18872, stack(0x0000000002480000,0x0000000002580000)]

Other Threads:
  0x0000000015ff6000 VMThread [stack: 0x00000000170a0000,0x00000000171a0000] [id=19196]
  0x000000001608d800 WatcherThread [stack: 0x0000000017ea0000,0x0000000017fa0000] [id=16756]

VM state:not at safepoint (normal execution)

VM Mutex/Monitor currently owned by a thread: None

heap address: 0x00000000a0000000, size: 1536 MB, Compressed Oops mode: 32-bit
Narrow klass base: 0x0000000000000000, Narrow klass shift: 3
Compressed class space size: 1073741824 Address: 0x0000000100000000

Heap:
 PSYoungGen      total 327168K, used 76746K [0x00000000e0000000, 0x00000000f6d00000, 0x0000000100000000)
  eden space 318464K, 21% used [0x00000000e0000000,0x00000000e4290d18,0x00000000f3700000)
  from space 8704K, 98% used [0x00000000f4680000,0x00000000f4ee1e88,0x00000000f4f00000)
  to   space 27648K, 0% used [0x00000000f5200000,0x00000000f5200000,0x00000000f6d00000)
 ParOldGen       total 82432K, used 44219K [0x00000000a0000000, 0x00000000a5080000, 0x00000000e0000000)
  object space 82432K, 53% used [0x00000000a0000000,0x00000000a2b2ec48,0x00000000a5080000)
 Metaspace       used 85818K, capacity 89220K, committed 89432K, reserved 1126400K
  class space    used 11205K, capacity 11893K, committed 11904K, reserved 1048576K

Card table byte_map: [0x0000000011a80000,0x0000000011d90000] byte_map_base: 0x0000000011580000

Marking Bits: (ParMarkBitMap*) 0x0000000058e89f30
 Begin Bits: [0x0000000012390000, 0x0000000013b90000)
 End Bits:   [0x0000000013b90000, 0x0000000015390000)

Polling page: 0x0000000000800000

CodeCache: size=245760Kb used=43538Kb max_used=43549Kb free=202221Kb
 bounds [0x00000000026c0000, 0x0000000005190000, 0x00000000116c0000]
 total_blobs=14006 nmethods=13147 adapters=770
 compilation: enabled

Compilation events (10 events):
Event: 3073.249 Thread 0x0000000016037000 16008       4       com.sun.tools.javac.comp.Flow$FlowAnalyzer::errorUncaught (195 bytes)
Event: 3073.252 Thread 0x0000000016037000 nmethod 16008 0x000000000517e1d0 code [0x000000000517e320, 0x000000000517e4d8]
Event: 3073.252 Thread 0x0000000016037000 15998       4       com.sun.tools.javac.jvm.ClassWriter::writeMemberAttrs (154 bytes)
Event: 3073.292 Thread 0x0000000016043000 16010       3       com.sun.tools.javac.code.Symbol$DelegatedSymbol::isConstructor (8 bytes)
Event: 3073.293 Thread 0x0000000016043000 nmethod 16010 0x000000000517dd90 code [0x000000000517df00, 0x000000000517e128]
Event: 3073.336 Thread 0x0000000016037000 nmethod 15998 0x0000000005185490 code [0x00000000051858c0, 0x0000000005187870]
Event: 3073.336 Thread 0x0000000016037000 16009       4       com.sun.tools.javac.tree.TreeTranslator::visitModifiers (18 bytes)
Event: 3073.339 Thread 0x0000000016037000 nmethod 16009 0x0000000005171f10 code [0x0000000005172060, 0x0000000005172248]
Event: 3073.355 Thread 0x0000000016043000 16011       3       com.sun.tools.javac.util.ListBuffer$1::next (39 bytes)
Event: 3073.356 Thread 0x0000000016043000 nmethod 16011 0x00000000051718d0 code [0x0000000005171a60, 0x0000000005171d98]

GC Heap History (10 events):
Event: 33.202 GC heap before
{Heap before GC invocations=12 (full 2):
 PSYoungGen      total 224768K, used 74439K [0x00000000e0000000, 0x00000000f3980000, 0x0000000100000000)
  eden space 210944K, 28% used [0x00000000e0000000,0x00000000e3b32b78,0x00000000ece00000)
  from space 13824K, 99% used [0x00000000ece00000,0x00000000edb7f3a0,0x00000000edb80000)
  to   space 20480K, 0% used [0x00000000f2580000,0x00000000f2580000,0x00000000f3980000)
 ParOldGen       total 54272K, used 29065K [0x00000000a0000000, 0x00000000a3500000, 0x00000000e0000000)
  object space 54272K, 53% used [0x00000000a0000000,0x00000000a1c627d8,0x00000000a3500000)
 Metaspace       used 57383K, capacity 59012K, committed 59028K, reserved 1099776K
  class space    used 7780K, capacity 8177K, committed 8192K, reserved 1048576K
Event: 33.282 GC heap after
Heap after GC invocations=12 (full 2):
 PSYoungGen      total 298496K, used 17135K [0x00000000e0000000, 0x00000000f4280000, 0x0000000100000000)
  eden space 278016K, 0% used [0x00000000e0000000,0x00000000e0000000,0x00000000f0f80000)
  from space 20480K, 83% used [0x00000000f2580000,0x00000000f363bf18,0x00000000f3980000)
  to   space 22528K, 0% used [0x00000000f0f80000,0x00000000f0f80000,0x00000000f2580000)
 ParOldGen       total 54272K, used 29073K [0x00000000a0000000, 0x00000000a3500000, 0x00000000e0000000)
  object space 54272K, 53% used [0x00000000a0000000,0x00000000a1c647d8,0x00000000a3500000)
 Metaspace       used 57383K, capacity 59012K, committed 59028K, reserved 1099776K
  class space    used 7780K, capacity 8177K, committed 8192K, reserved 1048576K
}
Event: 33.282 GC heap before
{Heap before GC invocations=13 (full 3):
 PSYoungGen      total 298496K, used 17135K [0x00000000e0000000, 0x00000000f4280000, 0x0000000100000000)
  eden space 278016K, 0% used [0x00000000e0000000,0x00000000e0000000,0x00000000f0f80000)
  from space 20480K, 83% used [0x00000000f2580000,0x00000000f363bf18,0x00000000f3980000)
  to   space 22528K, 0% used [0x00000000f0f80000,0x00000000f0f80000,0x00000000f2580000)
 ParOldGen       total 54272K, used 29073K [0x00000000a0000000, 0x00000000a3500000, 0x00000000e0000000)
  object space 54272K, 53% used [0x00000000a0000000,0x00000000a1c647d8,0x00000000a3500000)
 Metaspace       used 57383K, capacity 59012K, committed 59028K, reserved 1099776K
  class space    used 7780K, capacity 8177K, committed 8192K, reserved 1048576K
Event: 33.697 GC heap after
Heap after GC invocations=13 (full 3):
 PSYoungGen      total 298496K, used 0K [0x00000000e0000000, 0x00000000f4280000, 0x0000000100000000)
  eden space 278016K, 0% used [0x00000000e0000000,0x00000000e0000000,0x00000000f0f80000)
  from space 20480K, 0% used [0x00000000f2580000,0x00000000f2580000,0x00000000f3980000)
  to   space 22528K, 0% used [0x00000000f0f80000,0x00000000f0f80000,0x00000000f2580000)
 ParOldGen       total 82432K, used 31099K [0x00000000a0000000, 0x00000000a5080000, 0x00000000e0000000)
  object space 82432K, 37% used [0x00000000a0000000,0x00000000a1e5efd8,0x00000000a5080000)
 Metaspace       used 57363K, capacity 58956K, committed 59028K, reserved 1099776K
  class space    used 7774K, capacity 8167K, committed 8192K, reserved 1048576K
}
Event: 998.270 GC heap before
{Heap before GC invocations=14 (full 3):
 PSYoungGen      total 298496K, used 278016K [0x00000000e0000000, 0x00000000f4280000, 0x0000000100000000)
  eden space 278016K, 100% used [0x00000000e0000000,0x00000000f0f80000,0x00000000f0f80000)
  from space 20480K, 0% used [0x00000000f2580000,0x00000000f2580000,0x00000000f3980000)
  to   space 22528K, 0% used [0x00000000f0f80000,0x00000000f0f80000,0x00000000f2580000)
 ParOldGen       total 82432K, used 31099K [0x00000000a0000000, 0x00000000a5080000, 0x00000000e0000000)
  object space 82432K, 37% used [0x00000000a0000000,0x00000000a1e5efd8,0x00000000a5080000)
 Metaspace       used 67737K, capacity 69722K, committed 69976K, reserved 1110016K
  class space    used 8828K, capacity 9300K, committed 9344K, reserved 1048576K
Event: 1000.300 GC heap after
Heap after GC invocations=14 (full 3):
 PSYoungGen      total 300544K, used 18553K [0x00000000e0000000, 0x00000000f7e80000, 0x0000000100000000)
  eden space 278016K, 0% used [0x00000000e0000000,0x00000000e0000000,0x00000000f0f80000)
  from space 22528K, 82% used [0x00000000f0f80000,0x00000000f219e458,0x00000000f2580000)
  to   space 24576K, 0% used [0x00000000f6680000,0x00000000f6680000,0x00000000f7e80000)
 ParOldGen       total 82432K, used 31107K [0x00000000a0000000, 0x00000000a5080000, 0x00000000e0000000)
  object space 82432K, 37% used [0x00000000a0000000,0x00000000a1e60fd8,0x00000000a5080000)
 Metaspace       used 67737K, capacity 69722K, committed 69976K, reserved 1110016K
  class space    used 8828K, capacity 9300K, committed 9344K, reserved 1048576K
}
Event: 1932.913 GC heap before
{Heap before GC invocations=15 (full 3):
 PSYoungGen      total 300544K, used 296569K [0x00000000e0000000, 0x00000000f7e80000, 0x0000000100000000)
  eden space 278016K, 100% used [0x00000000e0000000,0x00000000f0f80000,0x00000000f0f80000)
  from space 22528K, 82% used [0x00000000f0f80000,0x00000000f219e458,0x00000000f2580000)
  to   space 24576K, 0% used [0x00000000f6680000,0x00000000f6680000,0x00000000f7e80000)
 ParOldGen       total 82432K, used 31107K [0x00000000a0000000, 0x00000000a5080000, 0x00000000e0000000)
  object space 82432K, 37% used [0x00000000a0000000,0x00000000a1e60fd8,0x00000000a5080000)
 Metaspace       used 84375K, capacity 87550K, committed 87896K, reserved 1126400K
  class space    used 11153K, capacity 11802K, committed 11904K, reserved 1048576K
Event: 1933.907 GC heap after
Heap after GC invocations=15 (full 3):
 PSYoungGen      total 357376K, used 24565K [0x00000000e0000000, 0x00000000f7e80000, 0x0000000100000000)
  eden space 332800K, 0% used [0x00000000e0000000,0x00000000e0000000,0x00000000f4500000)
  from space 24576K, 99% used [0x00000000f6680000,0x00000000f7e7d580,0x00000000f7e80000)
  to   space 28672K, 0% used [0x00000000f4680000,0x00000000f4680000,0x00000000f6280000)
 ParOldGen       total 82432K, used 32392K [0x00000000a0000000, 0x00000000a5080000, 0x00000000e0000000)
  object space 82432K, 39% used [0x00000000a0000000,0x00000000a1fa20b0,0x00000000a5080000)
 Metaspace       used 84375K, capacity 87550K, committed 87896K, reserved 1126400K
  class space    used 11153K, capacity 11802K, committed 11904K, reserved 1048576K
}
Event: 3053.807 GC heap before
{Heap before GC invocations=16 (full 3):
 PSYoungGen      total 357376K, used 357365K [0x00000000e0000000, 0x00000000f7e80000, 0x0000000100000000)
  eden space 332800K, 100% used [0x00000000e0000000,0x00000000f4500000,0x00000000f4500000)
  from space 24576K, 99% used [0x00000000f6680000,0x00000000f7e7d580,0x00000000f7e80000)
  to   space 28672K, 0% used [0x00000000f4680000,0x00000000f4680000,0x00000000f6280000)
 ParOldGen       total 82432K, used 32392K [0x00000000a0000000, 0x00000000a5080000, 0x00000000e0000000)
  object space 82432K, 39% used [0x00000000a0000000,0x00000000a1fa20b0,0x00000000a5080000)
 Metaspace       used 85613K, capacity 88946K, committed 89176K, reserved 1126400K
  class space    used 11204K, capacity 11890K, committed 11904K, reserved 1048576K
Event: 3054.322 GC heap after
Heap after GC invocations=16 (full 3):
 PSYoungGen      total 327168K, used 8583K [0x00000000e0000000, 0x00000000f6d00000, 0x0000000100000000)
  eden space 318464K, 0% used [0x00000000e0000000,0x00000000e0000000,0x00000000f3700000)
  from space 8704K, 98% used [0x00000000f4680000,0x00000000f4ee1e88,0x00000000f4f00000)
  to   space 27648K, 0% used [0x00000000f5200000,0x00000000f5200000,0x00000000f6d00000)
 ParOldGen       total 82432K, used 44219K [0x00000000a0000000, 0x00000000a5080000, 0x00000000e0000000)
  object space 82432K, 53% used [0x00000000a0000000,0x00000000a2b2ec48,0x00000000a5080000)
 Metaspace       used 85613K, capacity 88946K, committed 89176K, reserved 1126400K
  class space    used 11204K, capacity 11890K, committed 11904K, reserved 1048576K
}

Deoptimization events (10 events):
Event: 3071.157 Thread 0x000000001b059800 Uncommon trap: reason=array_check action=maybe_recompile pc=0x00000000050b4404 method=java.util.ComparableTimSort.mergeLo(IIII)V @ 81
Event: 3071.163 Thread 0x000000001b059800 Uncommon trap: reason=array_check action=maybe_recompile pc=0x00000000050b4404 method=java.util.ComparableTimSort.mergeLo(IIII)V @ 81
Event: 3071.163 Thread 0x000000001b059800 Uncommon trap: reason=array_check action=maybe_recompile pc=0x00000000050b4404 method=java.util.ComparableTimSort.mergeLo(IIII)V @ 81
Event: 3072.232 Thread 0x000000001b059800 Uncommon trap: reason=class_check action=maybe_recompile pc=0x00000000044797dc method=com.sun.tools.javac.code.Types.isAssignable(Lcom/sun/tools/javac/code/Type;Lcom/sun/tools/javac/code/Type;Lcom/sun/tools/javac/util/Warner;)Z @ 26
Event: 3072.233 Thread 0x000000001b059800 Uncommon trap: reason=class_check action=maybe_recompile pc=0x00000000044797dc method=com.sun.tools.javac.code.Types.isAssignable(Lcom/sun/tools/javac/code/Type;Lcom/sun/tools/javac/code/Type;Lcom/sun/tools/javac/util/Warner;)Z @ 26
Event: 3072.352 Thread 0x000000001b059800 Uncommon trap: reason=class_check action=maybe_recompile pc=0x000000000447806c method=com.sun.tools.javac.code.Types.isAssignable(Lcom/sun/tools/javac/code/Type;Lcom/sun/tools/javac/code/Type;Lcom/sun/tools/javac/util/Warner;)Z @ 26
Event: 3072.400 Thread 0x000000001b059800 Uncommon trap: reason=unstable_if action=reinterpret pc=0x00000000050d1f08 method=com.sun.tools.javac.code.Scope.remove(Lcom/sun/tools/javac/code/Symbol;)V @ 174
Event: 3072.412 Thread 0x000000001b059800 Uncommon trap: reason=unstable_if action=reinterpret pc=0x00000000044a677c method=com.sun.tools.javac.jvm.Code.emitop(I)V @ 4
Event: 3072.471 Thread 0x000000001b059800 Uncommon trap: reason=unstable_if action=reinterpret pc=0x0000000004365084 method=com.sun.tools.javac.jvm.Pool.makePoolValue(Ljava/lang/Object;)Ljava/lang/Object; @ 73
Event: 3072.696 Thread 0x000000001b059800 Uncommon trap: reason=bimorphic action=maybe_recompile pc=0x000000000327cabc method=com.sun.tools.javac.code.Types$19.visitClassType(Lcom/sun/tools/javac/code/Type$ClassType;Ljava/lang/Void;)Lcom/sun/tools/javac/util/List; @ 46

Classes redefined (0 events):
No events

Internal exceptions (10 events):
Event: 2091.459 Thread 0x000000001b04e000 Exception <a 'sun/nio/fs/WindowsException'> (0x00000000ebfe1dd0) thrown at [D:\src\AOSP-openjdk-cygwin\jdk8u\hotspot\src\share\vm\prims\jni.cpp, line 710]
Event: 2094.488 Thread 0x000000001b04e000 Exception <a 'sun/nio/fs/WindowsException'> (0x00000000ed4aedd0) thrown at [D:\src\AOSP-openjdk-cygwin\jdk8u\hotspot\src\share\vm\prims\jni.cpp, line 710]
Event: 3037.354 Thread 0x000000001b04c800 Exception <a 'java/lang/NoSuchMethodError': <clinit>> (0x00000000ee24c470) thrown at [D:\src\AOSP-openjdk-cygwin\jdk8u\hotspot\src\share\vm\prims\jni.cpp, line 1614]
Event: 3037.445 Thread 0x000000001b04c800 Exception <a 'java/lang/NoSuchMethodError': <clinit>> (0x00000000ee2993b0) thrown at [D:\src\AOSP-openjdk-cygwin\jdk8u\hotspot\src\share\vm\prims\jni.cpp, line 1614]
Event: 3037.588 Thread 0x000000001b04c800 Exception <a 'java/lang/NoSuchMethodError': <clinit>> (0x00000000ee3b3e28) thrown at [D:\src\AOSP-openjdk-cygwin\jdk8u\hotspot\src\share\vm\prims\jni.cpp, line 1614]
Event: 3037.589 Thread 0x000000001b04c800 Exception <a 'java/lang/NoSuchMethodError': <clinit>> (0x00000000ee3b7c88) thrown at [D:\src\AOSP-openjdk-cygwin\jdk8u\hotspot\src\share\vm\prims\jni.cpp, line 1614]
Event: 3037.591 Thread 0x000000001b04c800 Exception <a 'java/lang/NoSuchMethodError': <clinit>> (0x00000000ee3b9710) thrown at [D:\src\AOSP-openjdk-cygwin\jdk8u\hotspot\src\share\vm\prims\jni.cpp, line 1614]
Event: 3037.591 Thread 0x000000001b04c800 Exception <a 'java/lang/NoSuchMethodError': <clinit>> (0x00000000ee3bae60) thrown at [D:\src\AOSP-openjdk-cygwin\jdk8u\hotspot\src\share\vm\prims\jni.cpp, line 1614]
Event: 3037.591 Thread 0x000000001b04c800 Exception <a 'java/lang/NoSuchMethodError': <clinit>> (0x00000000ee3bc460) thrown at [D:\src\AOSP-openjdk-cygwin\jdk8u\hotspot\src\share\vm\prims\jni.cpp, line 1614]
Event: 3040.589 Thread 0x000000001b04c800 Exception <a 'sun/nio/fs/WindowsException'> (0x00000000eed65c78) thrown at [D:\src\AOSP-openjdk-cygwin\jdk8u\hotspot\src\share\vm\prims\jni.cpp, line 710]

Events (10 events):
Event: 3072.471 Thread 0x000000001b059800 DEOPT UNPACKING pc=0x000000000270557b sp=0x000000002354aab8 mode 2
Event: 3072.696 Thread 0x000000001b059800 Uncommon trap: trap_request=0xffffffc6 fr.pc=0x000000000327cabc
Event: 3072.696 Thread 0x000000001b059800 DEOPT PACKING pc=0x000000000327cabc sp=0x00000000235486e0
Event: 3072.698 Thread 0x000000001b059800 DEOPT UNPACKING pc=0x000000000270557b sp=0x0000000023548610 mode 2
Event: 3073.179 Thread 0x000000001b059800 DEOPT PACKING pc=0x000000000439f1e9 sp=0x000000002354a650
Event: 3073.180 Thread 0x000000001b059800 DEOPT UNPACKING pc=0x00000000027075d0 sp=0x000000002354a3f8 mode 0
Event: 3073.184 Thread 0x000000001b059800 DEOPT PACKING pc=0x000000000439f1e9 sp=0x000000002354a670
Event: 3073.184 Thread 0x000000001b059800 DEOPT UNPACKING pc=0x00000000027075d0 sp=0x000000002354a418 mode 0
Event: 3073.204 Thread 0x000000001b059800 DEOPT PACKING pc=0x000000000439f1e9 sp=0x000000002354a670
Event: 3073.204 Thread 0x000000001b059800 DEOPT UNPACKING pc=0x00000000027075d0 sp=0x000000002354a418 mode 0


Dynamic libraries:
0x00007ff7b9610000 - 0x00007ff7b9641000 	C:\Program Files\Android\Android Studio\jre\bin\java.exe
0x00007ffaea660000 - 0x00007ffaea850000 	C:\WINDOWS\SYSTEM32\ntdll.dll
0x00007ffae9960000 - 0x00007ffae9a12000 	C:\WINDOWS\System32\KERNEL32.DLL
0x00007ffae8380000 - 0x00007ffae8623000 	C:\WINDOWS\System32\KERNELBASE.dll
0x00007ffae8cd0000 - 0x00007ffae8d73000 	C:\WINDOWS\System32\ADVAPI32.dll
0x00007ffae98c0000 - 0x00007ffae995e000 	C:\WINDOWS\System32\msvcrt.dll
0x00007ffaea150000 - 0x00007ffaea1e7000 	C:\WINDOWS\System32\sechost.dll
0x00007ffaea500000 - 0x00007ffaea620000 	C:\WINDOWS\System32\RPCRT4.dll
0x00007ffae91e0000 - 0x00007ffae9374000 	C:\WINDOWS\System32\USER32.dll
0x00007ffae86b0000 - 0x00007ffae86d1000 	C:\WINDOWS\System32\win32u.dll
0x00007ffae8b90000 - 0x00007ffae8bb6000 	C:\WINDOWS\System32\GDI32.dll
0x00007ffae8020000 - 0x00007ffae81b4000 	C:\WINDOWS\System32\gdi32full.dll
0x00007ffae81c0000 - 0x00007ffae825e000 	C:\WINDOWS\System32\msvcp_win.dll
0x00007ffae7f20000 - 0x00007ffae801a000 	C:\WINDOWS\System32\ucrtbase.dll
0x00007ffae6a40000 - 0x00007ffae6cc5000 	C:\WINDOWS\WinSxS\amd64_microsoft.windows.common-controls_6595b64144ccf1df_6.0.18362.476_none_e6c4b11b130f2595\COMCTL32.dll
0x00007ffae8d80000 - 0x00007ffae90b6000 	C:\WINDOWS\System32\combase.dll
0x00007ffae8630000 - 0x00007ffae86b0000 	C:\WINDOWS\System32\bcryptPrimitives.dll
0x00007ffaea120000 - 0x00007ffaea14e000 	C:\WINDOWS\System32\IMM32.DLL
0x000000005a800000 - 0x000000005a8d2000 	C:\Program Files\Android\Android Studio\jre\jre\bin\msvcr100.dll
0x00000000586c0000 - 0x0000000058f06000 	C:\Program Files\Android\Android Studio\jre\jre\bin\server\jvm.dll
0x00007ffaea110000 - 0x00007ffaea118000 	C:\WINDOWS\System32\PSAPI.DLL
0x00007ffaba010000 - 0x00007ffaba019000 	C:\WINDOWS\SYSTEM32\WSOCK32.dll
0x00007ffae3280000 - 0x00007ffae32a4000 	C:\WINDOWS\SYSTEM32\WINMM.dll
0x00007ffae35d0000 - 0x00007ffae35da000 	C:\WINDOWS\SYSTEM32\VERSION.dll
0x00007ffae9690000 - 0x00007ffae96ff000 	C:\WINDOWS\System32\WS2_32.dll
0x00007ffae3250000 - 0x00007ffae327d000 	C:\WINDOWS\SYSTEM32\WINMMBASE.dll
0x00007ffae8330000 - 0x00007ffae837a000 	C:\WINDOWS\System32\cfgmgr32.dll
0x00007ffae6f90000 - 0x00007ffae6f9f000 	C:\Program Files\Android\Android Studio\jre\jre\bin\verify.dll
0x00007ffae1050000 - 0x00007ffae1079000 	C:\Program Files\Android\Android Studio\jre\jre\bin\java.dll
0x00007ffae2340000 - 0x00007ffae2356000 	C:\Program Files\Android\Android Studio\jre\jre\bin\zip.dll
0x00007ffae9a20000 - 0x00007ffaea105000 	C:\WINDOWS\System32\SHELL32.dll
0x00007ffae8bc0000 - 0x00007ffae8c69000 	C:\WINDOWS\System32\shcore.dll
0x00007ffae7650000 - 0x00007ffae7dce000 	C:\WINDOWS\System32\windows.storage.dll
0x00007ffae75b0000 - 0x00007ffae75cf000 	C:\WINDOWS\System32\profapi.dll
0x00007ffae7540000 - 0x00007ffae758a000 	C:\WINDOWS\System32\powrprof.dll
0x00007ffae7530000 - 0x00007ffae7540000 	C:\WINDOWS\System32\UMPDC.dll
0x00007ffae8c70000 - 0x00007ffae8cc2000 	C:\WINDOWS\System32\shlwapi.dll
0x00007ffae75d0000 - 0x00007ffae75e1000 	C:\WINDOWS\System32\kernel.appcore.dll
0x00007ffae8310000 - 0x00007ffae8327000 	C:\WINDOWS\System32\cryptsp.dll
0x00007ffae0fb0000 - 0x00007ffae0fca000 	C:\Program Files\Android\Android Studio\jre\jre\bin\net.dll
0x00007ffae6720000 - 0x00007ffae6787000 	C:\WINDOWS\system32\mswsock.dll
0x00007ffadf070000 - 0x00007ffadf081000 	C:\Program Files\Android\Android Studio\jre\jre\bin\nio.dll
0x00007ffac0bc0000 - 0x00007ffac0be6000 	C:\Users\slevi\.gradle\native\29\windows-amd64\native-platform.dll
0x00007ffae3560000 - 0x00007ffae356d000 	C:\Program Files\Android\Android Studio\jre\jre\bin\management.dll
0x00007ffae6290000 - 0x00007ffae62c3000 	C:\WINDOWS\system32\rsaenh.dll
0x00007ffae86e0000 - 0x00007ffae8706000 	C:\WINDOWS\System32\bcrypt.dll
0x00007ffae7450000 - 0x00007ffae7475000 	C:\WINDOWS\SYSTEM32\USERENV.dll
0x00007ffae68f0000 - 0x00007ffae68fc000 	C:\WINDOWS\SYSTEM32\CRYPTBASE.dll
0x00007ffae6430000 - 0x00007ffae646a000 	C:\WINDOWS\SYSTEM32\IPHLPAPI.DLL
0x00007ffae8b80000 - 0x00007ffae8b88000 	C:\WINDOWS\System32\NSI.dll
0x00007ffadb530000 - 0x00007ffadb546000 	C:\WINDOWS\SYSTEM32\dhcpcsvc6.DLL
0x00007ffadd920000 - 0x00007ffadd93c000 	C:\WINDOWS\SYSTEM32\dhcpcsvc.DLL
0x00007ffae6480000 - 0x00007ffae654a000 	C:\WINDOWS\SYSTEM32\DNSAPI.dll

VM Arguments:
jvm_args: -Xmx1536m -Dfile.encoding=windows-1251 -Duser.country=UA -Duser.language=uk -Duser.variant 
java_command: org.gradle.launcher.daemon.bootstrap.GradleDaemon 5.4.1
java_class_path (initial): C:\Users\slevi\.gradle\wrapper\dists\gradle-5.4.1-all\3221gyojl5jsh0helicew7rwx\gradle-5.4.1\lib\gradle-launcher-5.4.1.jar
Launcher Type: SUN_STANDARD

Environment Variables:
JAVA_HOME=C:\Program Files\Java\jdk-11.0.2
PATH=C:\Program Files (x86)\NVIDIA Corporation\PhysX\Common;C:\Program Files (x86)\Common Files\Oracle\Java\javapath;C:\WINDOWS\system32;C:\WINDOWS;C:\WINDOWS\System32\Wbem;C:\WINDOWS\System32\WindowsPowerShell\v1.0\;C:\WINDOWS\System32\OpenSSH\;C:\Users\slevi\apache-maven-3.6.1\bin;C:\Program Files\Java\jdk-11.0.2\bin;C:\Users\slevi\apache-tomcat-9.0.17\bin;C:\Program Files\nodejs\;C:\Program Files\Common Files\Autodesk Shared\;C:\Program Files\Microsoft SQL Server\120\Tools\Binn\;C:\Program Files\Microsoft SQL Server\Client SDK\ODBC\110\Tools\Binn\;C:\Program Files (x86)\Microsoft SQL Server\120\Tools\Binn\;C:\Program Files\Microsoft SQL Server\120\DTS\Binn\;C:\Program Files (x86)\Windows Kits\8.1\Windows Performance Toolkit\;C:\Program Files\Git\cmd;C:\Users\slevi\AppData\Local\Microsoft\WindowsApps;C:\Users\slevi\AppData\Roaming\npm;C:\Users\slevi\AppData\Local\Programs\Microsoft VS Code\bin;
USERNAME=slevi
OS=Windows_NT
PROCESSOR_IDENTIFIER=Intel64 Family 6 Model 142 Stepping 9, GenuineIntel



---------------  S Y S T E M  ---------------

OS: Windows 10.0 , 64 bit Build 18362 (10.0.18362.329)

CPU:total 4 (initial active 4) (2 cores per cpu, 2 threads per core) family 6 model 142 stepping 9, cmov, cx8, fxsr, mmx, sse, sse2, sse3, ssse3, sse4.1, sse4.2, popcnt, avx, avx2, aes, clmul, erms, 3dnowpref, lzcnt, ht, tsc, tscinvbit, bmi1, bmi2, adx

Memory: 4k page, physical 4059364k(273344k free), swap 12447972k(1268k free)

vm_info: OpenJDK 64-Bit Server VM (25.202-b03) for windows-amd64 JRE (1.8.0_202-release-1483-b03), built by "builder" with MS VC++ 10.0 (VS2010)

time: Mon Nov 18 23:16:46 2019
timezone: Фінляндія (зима)
elapsed time: 3073 seconds (0d 0h 51m 13s)

