#
# There is insufficient memory for the Java Runtime Environment to continue.
# Native memory allocation (malloc) failed to allocate 32744 bytes for ChunkPool::allocate
# Possible reasons:
#   The system is out of physical RAM or swap space
#   The process is running with CompressedOops enabled, and the Java Heap may be blocking the growth of the native heap
# Possible solutions:
#   Reduce memory load on the system
#   Increase physical memory or swap space
#   Check if swap backing store is full
#   Decrease Java heap size (-Xmx/-Xms)
#   Decrease number of Java threads
#   Decrease Java thread stack sizes (-Xss)
#   Set larger code cache with -XX:ReservedCodeCacheSize=
#   JVM is running with Unscaled Compressed Oops mode in which the Java heap is
#     placed in the first 4GB address space. The Java Heap base address is the
#     maximum limit for the native heap growth. Please use -XX:HeapBaseMinAddress
#     to set the Java Heap base and to place the Java Heap above 4GB virtual address.
# This output file may be truncated or incomplete.
#
#  Out of Memory Error (allocation.cpp:272), pid=12680, tid=0x0000000000001780
#
# JRE version: OpenJDK Runtime Environment (8.0_202-b03) (build 1.8.0_202-release-1483-b03)
# Java VM: OpenJDK 64-Bit Server VM (25.202-b03 mixed mode windows-amd64 compressed oops)
# Failed to write core dump. Minidumps are not enabled by default on client versions of Windows
#

---------------  T H R E A D  ---------------

Current thread (0x0000000019748000):  JavaThread "Daemon worker" [_thread_in_vm, id=6016, stack(0x000000001af30000,0x000000001b030000)]

Stack: [0x000000001af30000,0x000000001b030000]
[error occurred during error reporting (printing stack bounds), id 0xc0000005]

Native frames: (J=compiled Java code, j=interpreted, Vv=VM code, C=native code)

Java frames: (J=compiled Java code, j=interpreted, Vv=VM code)
j  kotlin.collections.SetsKt__SetsKt.setOf([Ljava/lang/Object;)Ljava/util/Set;+12
j  kotlin.reflect.jvm.internal.impl.builtins.KotlinBuiltIns.<clinit>()V+145
v  ~StubRoutines::call_stub
j  kotlin.reflect.jvm.internal.impl.builtins.functions.FunctionClassDescriptor$Kind.<clinit>()V+14
v  ~StubRoutines::call_stub
j  kotlin.reflect.jvm.internal.impl.builtins.jvm.JavaToKotlinClassMap.<clinit>()V+19
v  ~StubRoutines::call_stub
j  kotlin.reflect.jvm.internal.RuntimeTypeMapper.mapJvmClassToKotlinClassId(Ljava/lang/Class;)Lkotlin/reflect/jvm/internal/impl/name/ClassId;+123
j  kotlin.reflect.jvm.internal.KClassImpl.getClassId()Lkotlin/reflect/jvm/internal/impl/name/ClassId;+7
j  kotlin.reflect.jvm.internal.KClassImpl.access$getClassId$p(Lkotlin/reflect/jvm/internal/KClassImpl;)Lkotlin/reflect/jvm/internal/impl/name/ClassId;+1
j  kotlin.reflect.jvm.internal.KClassImpl$Data$qualifiedName$2.invoke()Ljava/lang/String;+25
j  kotlin.reflect.jvm.internal.KClassImpl$Data$qualifiedName$2.invoke()Ljava/lang/Object;+1
j  kotlin.reflect.jvm.internal.ReflectProperties$LazySoftVal.invoke()Ljava/lang/Object;+28
j  kotlin.reflect.jvm.internal.ReflectProperties$Val.getValue(Ljava/lang/Object;Ljava/lang/Object;)Ljava/lang/Object;+1
j  kotlin.reflect.jvm.internal.KClassImpl$Data.getQualifiedName()Ljava/lang/String;+10
j  kotlin.reflect.jvm.internal.KClassImpl.getQualifiedName()Ljava/lang/String;+10
j  com.android.build.gradle.internal.profile.ProfileAgent.<clinit>()V+23
v  ~StubRoutines::call_stub
j  com.android.build.gradle.BasePlugin.basePluginApply(Lorg/gradle/api/Project;)V+79
j  com.android.build.gradle.BasePlugin.lambda$apply$0(Lorg/gradle/api/Project;)V+2
j  com.android.build.gradle.BasePlugin$$Lambda$29.run()V+8
j  com.android.build.gradle.internal.crash.CrashReporting.runAction(Ljava/lang/Runnable;)V+8
j  com.android.build.gradle.BasePlugin.apply(Lorg/gradle/api/Project;)V+7
j  com.android.build.gradle.BasePlugin.apply(Ljava/lang/Object;)V+5
j  org.gradle.api.internal.plugins.ImperativeOnlyPluginTarget.applyImperative(Ljava/lang/String;Lorg/gradle/api/Plugin;)V+13
j  org.gradle.api.internal.plugins.RuleBasedPluginTarget.applyImperative(Ljava/lang/String;Lorg/gradle/api/Plugin;)V+6
j  org.gradle.api.internal.plugins.DefaultPluginManager.addPlugin(Ljava/lang/Runnable;Lorg/gradle/api/internal/plugins/PluginImplementation;Ljava/lang/String;Ljava/lang/Class;)V+52
j  org.gradle.api.internal.plugins.DefaultPluginManager.access$300(Lorg/gradle/api/internal/plugins/DefaultPluginManager;Ljava/lang/Runnable;Lorg/gradle/api/internal/plugins/PluginImplementation;Ljava/lang/String;Ljava/lang/Class;)V+6
j  org.gradle.api.internal.plugins.DefaultPluginManager$AddPluginBuildOperation.run(Lorg/gradle/internal/operations/BuildOperationContext;)V+20
j  org.gradle.internal.operations.DefaultBuildOperationExecutor$RunnableBuildOperationWorker.execute(Lorg/gradle/internal/operations/RunnableBuildOperation;Lorg/gradle/internal/operations/BuildOperationContext;)V+2
j  org.gradle.internal.operations.DefaultBuildOperationExecutor$RunnableBuildOperationWorker.execute(Lorg/gradle/internal/operations/BuildOperation;Lorg/gradle/internal/operations/BuildOperationContext;)V+6
j  org.gradle.internal.operations.DefaultBuildOperationExecutor$1.execute(Lorg/gradle/internal/operations/BuildOperationDescriptor;Lorg/gradle/internal/operations/DefaultBuildOperationExecutor$DefaultBuildOperationContext;Lorg/gradle/internal/operations/DefaultBuildOperationExecutor$BuildOperationExecutionListener;)Lorg/gradle/internal/operations/BuildOperation;+18
j  org.gradle.internal.operations.DefaultBuildOperationExecutor.execute(Lorg/gradle/internal/operations/BuildOperationDescriptor$Builder;Lorg/gradle/internal/operations/DefaultBuildOperationExecutor$BuildOperationState;Lorg/gradle/internal/operations/DefaultBuildOperationExecutor$BuildOperationExecution;)Lorg/gradle/internal/operations/BuildOperation;+105
j  org.gradle.internal.operations.DefaultBuildOperationExecutor.execute(Lorg/gradle/internal/operations/BuildOperation;Lorg/gradle/internal/operations/BuildOperationWorker;Lorg/gradle/internal/operations/DefaultBuildOperationExecutor$BuildOperationState;)V+22
j  org.gradle.internal.operations.DefaultBuildOperationExecutor.run(Lorg/gradle/internal/operations/RunnableBuildOperation;)V+10
j  org.gradle.internal.operations.DelegatingBuildOperationExecutor.run(Lorg/gradle/internal/operations/RunnableBuildOperation;)V+5
j  org.gradle.api.internal.plugins.DefaultPluginManager$2.execute(Lorg/gradle/configuration/internal/UserCodeApplicationId;)V+36
j  org.gradle.api.internal.plugins.DefaultPluginManager$2.execute(Ljava/lang/Object;)V+5
j  org.gradle.configuration.internal.DefaultUserCodeApplicationContext.apply(Lorg/gradle/api/Action;)V+19
j  org.gradle.api.internal.plugins.DefaultPluginManager.doApply(Lorg/gradle/api/internal/plugins/PluginImplementation;)V+128
j  org.gradle.api.internal.plugins.DefaultPluginManager.apply(Ljava/lang/String;)V+52
j  org.gradle.api.internal.plugins.DefaultObjectConfigurationAction.applyType(Ljava/lang/String;)V+43
j  org.gradle.api.internal.plugins.DefaultObjectConfigurationAction.access$200(Lorg/gradle/api/internal/plugins/DefaultObjectConfigurationAction;Ljava/lang/String;)V+2
j  org.gradle.api.internal.plugins.DefaultObjectConfigurationAction$3.run()V+8
j  org.gradle.api.internal.plugins.DefaultObjectConfigurationAction.execute()V+58
j  org.gradle.api.internal.project.AbstractPluginAware.apply(Ljava/util/Map;)V+12
j  org.gradle.api.internal.project.ProjectScript.apply(Ljava/util/Map;)V+5
j  org.gradle.api.Script$apply$0.callCurrent(Lgroovy/lang/GroovyObject;[Ljava/lang/Object;)Ljava/lang/Object;+19
j  org.codehaus.groovy.runtime.callsite.CallSiteArray.defaultCallCurrent(Lorg/codehaus/groovy/runtime/callsite/CallSite;Lgroovy/lang/GroovyObject;[Ljava/lang/Object;)Ljava/lang/Object;+17
j  org.codehaus.groovy.runtime.callsite.AbstractCallSite.callCurrent(Lgroovy/lang/GroovyObject;[Ljava/lang/Object;)Ljava/lang/Object;+3
j  org.codehaus.groovy.runtime.callsite.AbstractCallSite.callCurrent(Lgroovy/lang/GroovyObject;Ljava/lang/Object;)Ljava/lang/Object;+33
j  build_4kotmz9htqxgcrjjbebbnmw8t.run()Ljava/lang/Object;+26
j  org.gradle.groovy.scripts.internal.DefaultScriptRunnerFactory$ScriptRunnerImpl.run(Ljava/lang/Object;Lorg/gradle/internal/service/ServiceRegistry;)V+57
j  org.gradle.configuration.DefaultScriptPluginFactory$ScriptPluginImpl$2.run()V+12
j  org.gradle.configuration.ProjectScriptTarget.addConfiguration(Ljava/lang/Runnable;Z)V+18
j  org.gradle.configuration.DefaultScriptPluginFactory$ScriptPluginImpl.apply(Ljava/lang/Object;)V+649
j  org.gradle.configuration.BuildOperationScriptPlugin$1$1.run(Lorg/gradle/internal/operations/BuildOperationContext;)V+17
j  org.gradle.internal.operations.DefaultBuildOperationExecutor$RunnableBuildOperationWorker.execute(Lorg/gradle/internal/operations/RunnableBuildOperation;Lorg/gradle/internal/operations/BuildOperationContext;)V+2
j  org.gradle.internal.operations.DefaultBuildOperationExecutor$RunnableBuildOperationWorker.execute(Lorg/gradle/internal/operations/BuildOperation;Lorg/gradle/internal/operations/BuildOperationContext;)V+6
j  org.gradle.internal.operations.DefaultBuildOperationExecutor$1.execute(Lorg/gradle/internal/operations/BuildOperationDescriptor;Lorg/gradle/internal/operations/DefaultBuildOperationExecutor$DefaultBuildOperationContext;Lorg/gradle/internal/operations/DefaultBuildOperationExecutor$BuildOperationExecutionListener;)Lorg/gradle/internal/operations/BuildOperation;+18
j  org.gradle.internal.operations.DefaultBuildOperationExecutor.execute(Lorg/gradle/internal/operations/BuildOperationDescriptor$Builder;Lorg/gradle/internal/operations/DefaultBuildOperationExecutor$BuildOperationState;Lorg/gradle/internal/operations/DefaultBuildOperationExecutor$BuildOperationExecution;)Lorg/gradle/internal/operations/BuildOperation;+105
j  org.gradle.internal.operations.DefaultBuildOperationExecutor.execute(Lorg/gradle/internal/operations/BuildOperation;Lorg/gradle/internal/operations/BuildOperationWorker;Lorg/gradle/internal/operations/DefaultBuildOperationExecutor$BuildOperationState;)V+22
j  org.gradle.internal.operations.DefaultBuildOperationExecutor.run(Lorg/gradle/internal/operations/RunnableBuildOperation;)V+10
j  org.gradle.internal.operations.DelegatingBuildOperationExecutor.run(Lorg/gradle/internal/operations/RunnableBuildOperation;)V+5
j  org.gradle.configuration.BuildOperationScriptPlugin$1.execute(Lorg/gradle/configuration/internal/UserCodeApplicationId;)V+16
j  org.gradle.configuration.BuildOperationScriptPlugin$1.execute(Ljava/lang/Object;)V+5
j  org.gradle.configuration.internal.DefaultUserCodeApplicationContext.apply(Lorg/gradle/api/Action;)V+19
j  org.gradle.configuration.BuildOperationScriptPlugin.apply(Ljava/lang/Object;)V+54
j  org.gradle.configuration.project.BuildScriptProcessor$1.run()V+8
j  org.gradle.internal.Factories$1.create()Ljava/lang/Object;+4
j  org.gradle.api.internal.project.DefaultProjectStateRegistry$ProjectStateImpl.withMutableState(Lorg/gradle/internal/Factory;)Ljava/lang/Object;+59
j  org.gradle.api.internal.project.DefaultProjectStateRegistry$ProjectStateImpl.withMutableState(Ljava/lang/Runnable;)V+5
j  org.gradle.configuration.project.BuildScriptProcessor.execute(Lorg/gradle/api/internal/project/ProjectInternal;)V+88
j  org.gradle.configuration.project.BuildScriptProcessor.execute(Ljava/lang/Object;)V+5
j  org.gradle.configuration.project.ConfigureActionsProjectEvaluator.evaluate(Lorg/gradle/api/internal/project/ProjectInternal;Lorg/gradle/api/internal/project/ProjectStateInternal;)V+33
j  org.gradle.configuration.project.LifecycleProjectEvaluator$EvaluateProject$1.run()V+94
j  org.gradle.internal.Factories$1.create()Ljava/lang/Object;+4
j  org.gradle.internal.work.DefaultWorkerLeaseService.withLocks(Ljava/lang/Iterable;Lorg/gradle/internal/Factory;)Ljava/lang/Object;+26
j  org.gradle.internal.work.StopShieldingWorkerLeaseService.withLocks(Ljava/lang/Iterable;Lorg/gradle/internal/Factory;)Ljava/lang/Object;+6
j  org.gradle.api.internal.project.DefaultProjectStateRegistry$ProjectStateImpl.withProjectLock(Lorg/gradle/internal/resources/ResourceLock;Lorg/gradle/internal/Factory;)Ljava/lang/Object;+12
j  org.gradle.api.internal.project.DefaultProjectStateRegistry$ProjectStateImpl.withMutableState(Lorg/gradle/internal/Factory;)Ljava/lang/Object;+134
j  org.gradle.api.internal.project.DefaultProjectStateRegistry$ProjectStateImpl.withMutableState(Ljava/lang/Runnable;)V+5
j  org.gradle.configuration.project.LifecycleProjectEvaluator$EvaluateProject.run(Lorg/gradle/internal/operations/BuildOperationContext;)V+18
j  org.gradle.internal.operations.DefaultBuildOperationExecutor$RunnableBuildOperationWorker.execute(Lorg/gradle/internal/operations/RunnableBuildOperation;Lorg/gradle/internal/operations/BuildOperationContext;)V+2
j  org.gradle.internal.operations.DefaultBuildOperationExecutor$RunnableBuildOperationWorker.execute(Lorg/gradle/internal/operations/BuildOperation;Lorg/gradle/internal/operations/BuildOperationContext;)V+6
j  org.gradle.internal.operations.DefaultBuildOperationExecutor$1.execute(Lorg/gradle/internal/operations/BuildOperationDescriptor;Lorg/gradle/internal/operations/DefaultBuildOperationExecutor$DefaultBuildOperationContext;Lorg/gradle/internal/operations/DefaultBuildOperationExecutor$BuildOperationExecutionListener;)Lorg/gradle/internal/operations/BuildOperation;+18
j  org.gradle.internal.operations.DefaultBuildOperationExecutor.execute(Lorg/gradle/internal/operations/BuildOperationDescriptor$Builder;Lorg/gradle/internal/operations/DefaultBuildOperationExecutor$BuildOperationState;Lorg/gradle/internal/operations/DefaultBuildOperationExecutor$BuildOperationExecution;)Lorg/gradle/internal/operations/BuildOperation;+105
j  org.gradle.internal.operations.DefaultBuildOperationExecutor.execute(Lorg/gradle/internal/operations/BuildOperation;Lorg/gradle/internal/operations/BuildOperationWorker;Lorg/gradle/internal/operations/DefaultBuildOperationExecutor$BuildOperationState;)V+22
j  org.gradle.internal.operations.DefaultBuildOperationExecutor.run(Lorg/gradle/internal/operations/RunnableBuildOperation;)V+10
j  org.gradle.internal.operations.DelegatingBuildOperationExecutor.run(Lorg/gradle/internal/operations/RunnableBuildOperation;)V+5
j  org.gradle.configuration.project.LifecycleProjectEvaluator.evaluate(Lorg/gradle/api/internal/project/ProjectInternal;Lorg/gradle/api/internal/project/ProjectStateInternal;)V+22
j  org.gradle.api.internal.project.DefaultProject.evaluate()Lorg/gradle/api/internal/project/DefaultProject;+9
j  org.gradle.api.internal.project.DefaultProject.evaluate()Lorg/gradle/api/Project;+1
j  org.gradle.execution.TaskPathProjectEvaluator.configure(Lorg/gradle/api/internal/project/ProjectInternal;)V+21
j  org.gradle.execution.TaskPathProjectEvaluator.configureHierarchy(Lorg/gradle/api/internal/project/ProjectInternal;)V+41
j  org.gradle.configuration.DefaultBuildConfigurer.configure(Lorg/gradle/api/internal/GradleInternal;)V+63
j  org.gradle.initialization.DefaultGradleLauncher$ConfigureBuild.run(Lorg/gradle/internal/operations/BuildOperationContext;)V+40
j  org.gradle.internal.operations.DefaultBuildOperationExecutor$RunnableBuildOperationWorker.execute(Lorg/gradle/internal/operations/RunnableBuildOperation;Lorg/gradle/internal/operations/BuildOperationContext;)V+2
j  org.gradle.internal.operations.DefaultBuildOperationExecutor$RunnableBuildOperationWorker.execute(Lorg/gradle/internal/operations/BuildOperation;Lorg/gradle/internal/operations/BuildOperationContext;)V+6
j  org.gradle.internal.operations.DefaultBuildOperationExecutor$1.execute(Lorg/gradle/internal/operations/BuildOperationDescriptor;Lorg/gradle/internal/operations/DefaultBuildOperationExecutor$DefaultBuildOperationContext;Lorg/gradle/internal/operations/DefaultBuildOperationExecutor$BuildOperationExecutionListener;)Lorg/gradle/internal/operations/BuildOperation;+18
j  org.gradle.internal.operations.DefaultBuildOperationExecutor.execute(Lorg/gradle/internal/operations/BuildOperationDescriptor$Builder;Lorg/gradle/internal/operations/DefaultBuildOperationExecutor$BuildOperationState;Lorg/gradle/internal/operations/DefaultBuildOperationExecutor$BuildOperationExecution;)Lorg/gradle/internal/operations/BuildOperation;+105
j  org.gradle.internal.operations.DefaultBuildOperationExecutor.execute(Lorg/gradle/internal/operations/BuildOperation;Lorg/gradle/internal/operations/BuildOperationWorker;Lorg/gradle/internal/operations/DefaultBuildOperationExecutor$BuildOperationState;)V+22
j  org.gradle.internal.operations.DefaultBuildOperationExecutor.run(Lorg/gradle/internal/operations/RunnableBuildOperation;)V+10
j  org.gradle.internal.operations.DelegatingBuildOperationExecutor.run(Lorg/gradle/internal/operations/RunnableBuildOperation;)V+5
j  org.gradle.initialization.DefaultGradleLauncher.configureBuild()V+23
j  org.gradle.initialization.DefaultGradleLauncher.doBuildStages(Lorg/gradle/initialization/DefaultGradleLauncher$Stage;)V+13
j  org.gradle.initialization.DefaultGradleLauncher.executeTasks()Lorg/gradle/api/internal/GradleInternal;+4
j  org.gradle.internal.invocation.GradleBuildController$1.execute(Lorg/gradle/initialization/GradleLauncher;)V+1
j  org.gradle.internal.invocation.GradleBuildController$1.execute(Ljava/lang/Object;)V+5
j  org.gradle.internal.invocation.GradleBuildController$3.create()Lorg/gradle/api/internal/GradleInternal;+31
j  org.gradle.internal.invocation.GradleBuildController$3.create()Ljava/lang/Object;+1
j  org.gradle.internal.work.DefaultWorkerLeaseService.withLocks(Ljava/lang/Iterable;Lorg/gradle/internal/Factory;)Ljava/lang/Object;+26
j  org.gradle.internal.work.StopShieldingWorkerLeaseService.withLocks(Ljava/lang/Iterable;Lorg/gradle/internal/Factory;)Ljava/lang/Object;+6
j  org.gradle.internal.invocation.GradleBuildController.doBuild(Lorg/gradle/api/internal/GradleInternal$BuildType;Lorg/gradle/api/Action;)Lorg/gradle/api/internal/GradleInternal;+26
j  org.gradle.internal.invocation.GradleBuildController.run()Lorg/gradle/api/internal/GradleInternal;+12
j  org.gradle.tooling.internal.provider.runner.ClientProvidedBuildActionRunner.run(Lorg/gradle/internal/invocation/BuildAction;Lorg/gradle/internal/invocation/BuildController;)Lorg/gradle/internal/invocation/BuildActionRunner$Result;+89
j  org.gradle.launcher.exec.ChainingBuildActionRunner.run(Lorg/gradle/internal/invocation/BuildAction;Lorg/gradle/internal/invocation/BuildController;)Lorg/gradle/internal/invocation/BuildActionRunner$Result;+34
j  org.gradle.launcher.exec.ChainingBuildActionRunner.run(Lorg/gradle/internal/invocation/BuildAction;Lorg/gradle/internal/invocation/BuildController;)Lorg/gradle/internal/invocation/BuildActionRunner$Result;+34
j  org.gradle.launcher.exec.BuildOutcomeReportingBuildActionRunner.run(Lorg/gradle/internal/invocation/BuildAction;Lorg/gradle/internal/invocation/BuildController;)Lorg/gradle/internal/invocation/BuildActionRunner$Result;+143
j  org.gradle.tooling.internal.provider.ValidatingBuildActionRunner.run(Lorg/gradle/internal/invocation/BuildAction;Lorg/gradle/internal/invocation/BuildController;)Lorg/gradle/internal/invocation/BuildActionRunner$Result;+6
j  org.gradle.launcher.exec.BuildCompletionNotifyingBuildActionRunner.run(Lorg/gradle/internal/invocation/BuildAction;Lorg/gradle/internal/invocation/BuildController;)Lorg/gradle/internal/invocation/BuildActionRunner$Result;+28
j  org.gradle.launcher.exec.RunAsBuildOperationBuildActionRunner$3.call(Lorg/gradle/internal/operations/BuildOperationContext;)Lorg/gradle/internal/invocation/BuildActionRunner$Result;+95
j  org.gradle.launcher.exec.RunAsBuildOperationBuildActionRunner$3.call(Lorg/gradle/internal/operations/BuildOperationContext;)Ljava/lang/Object;+2
j  org.gradle.internal.operations.DefaultBuildOperationExecutor$CallableBuildOperationWorker.execute(Lorg/gradle/internal/operations/CallableBuildOperation;Lorg/gradle/internal/operations/BuildOperationContext;)V+3
j  org.gradle.internal.operations.DefaultBuildOperationExecutor$CallableBuildOperationWorker.execute(Lorg/gradle/internal/operations/BuildOperation;Lorg/gradle/internal/operations/BuildOperationContext;)V+6
j  org.gradle.internal.operations.DefaultBuildOperationExecutor$1.execute(Lorg/gradle/internal/operations/BuildOperationDescriptor;Lorg/gradle/internal/operations/DefaultBuildOperationExecutor$DefaultBuildOperationContext;Lorg/gradle/internal/operations/DefaultBuildOperationExecutor$BuildOperationExecutionListener;)Lorg/gradle/internal/operations/BuildOperation;+18
j  org.gradle.internal.operations.DefaultBuildOperationExecutor.execute(Lorg/gradle/internal/operations/BuildOperationDescriptor$Builder;Lorg/gradle/internal/operations/DefaultBuildOperationExecutor$BuildOperationState;Lorg/gradle/internal/operations/DefaultBuildOperationExecutor$BuildOperationExecution;)Lorg/gradle/internal/operations/BuildOperation;+105
j  org.gradle.internal.operations.DefaultBuildOperationExecutor.execute(Lorg/gradle/internal/operations/BuildOperation;Lorg/gradle/internal/operations/BuildOperationWorker;Lorg/gradle/internal/operations/DefaultBuildOperationExecutor$BuildOperationState;)V+22
j  org.gradle.internal.operations.DefaultBuildOperationExecutor.call(Lorg/gradle/internal/operations/CallableBuildOperation;)Ljava/lang/Object;+16
j  org.gradle.internal.operations.DelegatingBuildOperationExecutor.call(Lorg/gradle/internal/operations/CallableBuildOperation;)Ljava/lang/Object;+5
j  org.gradle.launcher.exec.RunAsBuildOperationBuildActionRunner.run(Lorg/gradle/internal/invocation/BuildAction;Lorg/gradle/internal/invocation/BuildController;)Lorg/gradle/internal/invocation/BuildActionRunner$Result;+33
j  org.gradle.launcher.exec.InProcessBuildActionExecuter$1.transform(Lorg/gradle/internal/invocation/BuildController;)Lorg/gradle/launcher/exec/BuildActionResult;+12
j  org.gradle.launcher.exec.InProcessBuildActionExecuter$1.transform(Ljava/lang/Object;)Ljava/lang/Object;+5
j  org.gradle.composite.internal.DefaultRootBuildState.run(Lorg/gradle/api/Transformer;)Ljava/lang/Object;+35
j  org.gradle.launcher.exec.InProcessBuildActionExecuter.execute(Lorg/gradle/internal/invocation/BuildAction;Lorg/gradle/initialization/BuildRequestContext;Lorg/gradle/launcher/exec/BuildActionParameters;Lorg/gradle/internal/service/ServiceRegistry;)Lorg/gradle/launcher/exec/BuildActionResult;+82
j  org.gradle.launcher.exec.InProcessBuildActionExecuter.execute(Lorg/gradle/internal/invocation/BuildAction;Lorg/gradle/initialization/BuildRequestContext;Ljava/lang/Object;Lorg/gradle/internal/service/ServiceRegistry;)Lorg/gradle/launcher/exec/BuildActionResult;+9
j  org.gradle.launcher.exec.BuildTreeScopeBuildActionExecuter.execute(Lorg/gradle/internal/invocation/BuildAction;Lorg/gradle/initialization/BuildRequestContext;Lorg/gradle/launcher/exec/BuildActionParameters;Lorg/gradle/internal/service/ServiceRegistry;)Lorg/gradle/launcher/exec/BuildActionResult;+38
j  org.gradle.launcher.exec.BuildTreeScopeBuildActionExecuter.execute(Lorg/gradle/internal/invocation/BuildAction;Lorg/gradle/initialization/BuildRequestContext;Ljava/lang/Object;Lorg/gradle/internal/service/ServiceRegistry;)Lorg/gradle/launcher/exec/BuildActionResult;+9
j  org.gradle.tooling.internal.provider.ContinuousBuildActionExecuter.execute(Lorg/gradle/internal/invocation/BuildAction;Lorg/gradle/initialization/BuildRequestContext;Lorg/gradle/launcher/exec/BuildActionParameters;Lorg/gradle/internal/service/ServiceRegistry;)Lorg/gradle/launcher/exec/BuildActionResult;+58
j  org.gradle.tooling.internal.provider.ContinuousBuildActionExecuter.execute(Lorg/gradle/internal/invocation/BuildAction;Lorg/gradle/initialization/BuildRequestContext;Ljava/lang/Object;Lorg/gradle/internal/service/ServiceRegistry;)Lorg/gradle/launcher/exec/BuildActionResult;+9
j  org.gradle.tooling.internal.provider.SubscribableBuildActionExecuter.execute(Lorg/gradle/internal/invocation/BuildAction;Lorg/gradle/initialization/BuildRequestContext;Lorg/gradle/launcher/exec/BuildActionParameters;Lorg/gradle/internal/service/ServiceRegistry;)Lorg/gradle/launcher/exec/BuildActionResult;+45
j  org.gradle.tooling.internal.provider.SubscribableBuildActionExecuter.execute(Lorg/gradle/internal/invocation/BuildAction;Lorg/gradle/initialization/BuildRequestContext;Ljava/lang/Object;Lorg/gradle/internal/service/ServiceRegistry;)Lorg/gradle/launcher/exec/BuildActionResult;+9
j  org.gradle.tooling.internal.provider.SessionScopeBuildActionExecuter.execute(Lorg/gradle/internal/invocation/BuildAction;Lorg/gradle/initialization/BuildRequestContext;Lorg/gradle/launcher/exec/BuildActionParameters;Lorg/gradle/internal/service/ServiceRegistry;)Lorg/gradle/launcher/exec/BuildActionResult;+117
j  org.gradle.tooling.internal.provider.SessionScopeBuildActionExecuter.execute(Lorg/gradle/internal/invocation/BuildAction;Lorg/gradle/initialization/BuildRequestContext;Ljava/lang/Object;Lorg/gradle/internal/service/ServiceRegistry;)Lorg/gradle/launcher/exec/BuildActionResult;+9
j  org.gradle.tooling.internal.provider.GradleThreadBuildActionExecuter.execute(Lorg/gradle/internal/invocation/BuildAction;Lorg/gradle/initialization/BuildRequestContext;Lorg/gradle/launcher/exec/BuildActionParameters;Lorg/gradle/internal/service/ServiceRegistry;)Lorg/gradle/launcher/exec/BuildActionResult;+12
j  org.gradle.tooling.internal.provider.GradleThreadBuildActionExecuter.execute(Lorg/gradle/internal/invocation/BuildAction;Lorg/gradle/initialization/BuildRequestContext;Ljava/lang/Object;Lorg/gradle/internal/service/ServiceRegistry;)Lorg/gradle/launcher/exec/BuildActionResult;+9
j  org.gradle.tooling.internal.provider.ParallelismConfigurationBuildActionExecuter.execute(Lorg/gradle/internal/invocation/BuildAction;Lorg/gradle/initialization/BuildRequestContext;Lorg/gradle/launcher/exec/BuildActionParameters;Lorg/gradle/internal/service/ServiceRegistry;)Lorg/gradle/launcher/exec/BuildActionResult;+43
j  org.gradle.tooling.internal.provider.ParallelismConfigurationBuildActionExecuter.execute(Lorg/gradle/internal/invocation/BuildAction;Lorg/gradle/initialization/BuildRequestContext;Ljava/lang/Object;Lorg/gradle/internal/service/ServiceRegistry;)Lorg/gradle/launcher/exec/BuildActionResult;+9
j  org.gradle.tooling.internal.provider.StartParamsValidatingActionExecuter.execute(Lorg/gradle/internal/invocation/BuildAction;Lorg/gradle/initialization/BuildRequestContext;Lorg/gradle/launcher/exec/BuildActionParameters;Lorg/gradle/internal/service/ServiceRegistry;)Lorg/gradle/launcher/exec/BuildActionResult;+177
j  org.gradle.tooling.internal.provider.StartParamsValidatingActionExecuter.execute(Lorg/gradle/internal/invocation/BuildAction;Lorg/gradle/initialization/BuildRequestContext;Ljava/lang/Object;Lorg/gradle/internal/service/ServiceRegistry;)Lorg/gradle/launcher/exec/BuildActionResult;+9
j  org.gradle.tooling.internal.provider.SessionFailureReportingActionExecuter.execute(Lorg/gradle/internal/invocation/BuildAction;Lorg/gradle/initialization/BuildRequestContext;Lorg/gradle/launcher/exec/BuildActionParameters;Lorg/gradle/internal/service/ServiceRegistry;)Lorg/gradle/launcher/exec/BuildActionResult;+9
j  org.gradle.tooling.internal.provider.SessionFailureReportingActionExecuter.execute(Lorg/gradle/internal/invocation/BuildAction;Lorg/gradle/initialization/BuildRequestContext;Ljava/lang/Object;Lorg/gradle/internal/service/ServiceRegistry;)Lorg/gradle/launcher/exec/BuildActionResult;+9
j  org.gradle.tooling.internal.provider.SetupLoggingActionExecuter.execute(Lorg/gradle/internal/invocation/BuildAction;Lorg/gradle/initialization/BuildRequestContext;Lorg/gradle/launcher/exec/BuildActionParameters;Lorg/gradle/internal/service/ServiceRegistry;)Lorg/gradle/launcher/exec/BuildActionResult;+52
j  org.gradle.tooling.internal.provider.SetupLoggingActionExecuter.execute(Lorg/gradle/internal/invocation/BuildAction;Lorg/gradle/initialization/BuildRequestContext;Ljava/lang/Object;Lorg/gradle/internal/service/ServiceRegistry;)Lorg/gradle/launcher/exec/BuildActionResult;+9
j  org.gradle.launcher.daemon.server.exec.ExecuteBuild.doBuild(Lorg/gradle/launcher/daemon/server/api/DaemonCommandExecution;Lorg/gradle/launcher/daemon/protocol/Build;)V+118
j  org.gradle.launcher.daemon.server.exec.BuildCommandOnly.execute(Lorg/gradle/launcher/daemon/server/api/DaemonCommandExecution;)V+49
j  org.gradle.launcher.daemon.server.api.DaemonCommandExecution.proceed()Z+28
j  org.gradle.launcher.daemon.server.exec.WatchForDisconnection.execute(Lorg/gradle/launcher/daemon/server/api/DaemonCommandExecution;)V+19
j  org.gradle.launcher.daemon.server.api.DaemonCommandExecution.proceed()Z+28
j  org.gradle.launcher.daemon.server.exec.ResetDeprecationLogger.execute(Lorg/gradle/launcher/daemon/server/api/DaemonCommandExecution;)V+4
j  org.gradle.launcher.daemon.server.api.DaemonCommandExecution.proceed()Z+28
j  org.gradle.launcher.daemon.server.exec.RequestStopIfSingleUsedDaemon.execute(Lorg/gradle/launcher/daemon/server/api/DaemonCommandExecution;)V+33
j  org.gradle.launcher.daemon.server.api.DaemonCommandExecution.proceed()Z+28
j  org.gradle.launcher.daemon.server.exec.ForwardClientInput$2.call()Ljava/lang/Void;+4
j  org.gradle.launcher.daemon.server.exec.ForwardClientInput$2.call()Ljava/lang/Object;+1
j  org.gradle.util.Swapper.swap(Ljava/lang/Object;Ljava/util/concurrent/Callable;)Ljava/lang/Object;+21
j  org.gradle.launcher.daemon.server.exec.ForwardClientInput.execute(Lorg/gradle/launcher/daemon/server/api/DaemonCommandExecution;)V+63
j  org.gradle.launcher.daemon.server.api.DaemonCommandExecution.proceed()Z+28
j  org.gradle.launcher.daemon.server.exec.LogAndCheckHealth.execute(Lorg/gradle/launcher/daemon/server/api/DaemonCommandExecution;)V+28
j  org.gradle.launcher.daemon.server.api.DaemonCommandExecution.proceed()Z+28
j  org.gradle.launcher.daemon.server.exec.LogToClient.doBuild(Lorg/gradle/launcher/daemon/server/api/DaemonCommandExecution;Lorg/gradle/launcher/daemon/protocol/Build;)V+87
j  org.gradle.launcher.daemon.server.exec.BuildCommandOnly.execute(Lorg/gradle/launcher/daemon/server/api/DaemonCommandExecution;)V+49
j  org.gradle.launcher.daemon.server.api.DaemonCommandExecution.proceed()Z+28
j  org.gradle.launcher.daemon.server.exec.EstablishBuildEnvironment.doBuild(Lorg/gradle/launcher/daemon/server/api/DaemonCommandExecution;Lorg/gradle/launcher/daemon/protocol/Build;)V+351
j  org.gradle.launcher.daemon.server.exec.BuildCommandOnly.execute(Lorg/gradle/launcher/daemon/server/api/DaemonCommandExecution;)V+49
j  org.gradle.launcher.daemon.server.api.DaemonCommandExecution.proceed()Z+28
j  org.gradle.launcher.daemon.server.exec.StartBuildOrRespondWithBusy$1.run()V+44
j  org.gradle.launcher.daemon.server.DaemonStateCoordinator$1.run()V+4
j  org.gradle.internal.concurrent.ExecutorPolicy$CatchAndRecordFailures.onExecute(Ljava/lang/Runnable;)V+1
j  org.gradle.internal.concurrent.ManagedExecutorImpl$1.run()V+25
j  java.util.concurrent.ThreadPoolExecutor.runWorker(Ljava/util/concurrent/ThreadPoolExecutor$Worker;)V+95
j  java.util.concurrent.ThreadPoolExecutor$Worker.run()V+5
j  org.gradle.internal.concurrent.ThreadFactoryImpl$ManagedThreadRunnable.run()V+7
j  java.lang.Thread.run()V+11
v  ~StubRoutines::call_stub

---------------  P R O C E S S  ---------------

Java Threads: ( => current thread )
  0x000000001d0d6000 JavaThread "pool-1-thread-1" [_thread_blocked, id=4776, stack(0x00000000215c0000,0x00000000216c0000)]
  0x000000001d0ce800 JavaThread "Build operations Thread 4" [_thread_blocked, id=13740, stack(0x00000000210c0000,0x00000000211c0000)]
  0x000000001d0d4800 JavaThread "Build operations Thread 3" [_thread_blocked, id=13340, stack(0x0000000020fc0000,0x00000000210c0000)]
  0x000000001d0cf000 JavaThread "Build operations Thread 2" [_thread_blocked, id=14304, stack(0x0000000020b40000,0x0000000020c40000)]
  0x000000001d0cd800 JavaThread "Build operations" [_thread_blocked, id=11492, stack(0x0000000020820000,0x0000000020920000)]
  0x000000001d0d0800 JavaThread "Cache worker for execution history cache (C:\Users\slevi\.gradle\caches\5.4.1\executionHistory)" [_thread_blocked, id=12032, stack(0x0000000020720000,0x0000000020820000)]
  0x000000001d0d3000 JavaThread "Cache worker for cache directory md-rule (C:\Users\slevi\.gradle\caches\5.4.1\md-rule)" [_thread_blocked, id=1244, stack(0x0000000020cc0000,0x0000000020dc0000)]
  0x000000001d0d2000 JavaThread "Cache worker for cache directory md-supplier (C:\Users\slevi\.gradle\caches\5.4.1\md-supplier)" [_thread_blocked, id=13488, stack(0x000000001eba0000,0x000000001eca0000)]
  0x00000000190fd800 JavaThread "Cache worker for file hash cache (C:\Users\slevi\AndroidStudioProjects\LosTrack\.gradle\5.4.1\fileHashes)" [_thread_blocked, id=1600, stack(0x000000001e8a0000,0x000000001e9a0000)]
  0x00000000190f8800 JavaThread "Cache worker for journal cache (C:\Users\slevi\.gradle\caches\journal-1)" [_thread_blocked, id=13352, stack(0x000000001b530000,0x000000001b630000)]
  0x00000000190f9000 JavaThread "File lock request listener" [_thread_in_native, id=10316, stack(0x000000001b430000,0x000000001b530000)]
  0x00000000190fc000 JavaThread "Cache worker for file hash cache (C:\Users\slevi\.gradle\caches\5.4.1\fileHashes)" [_thread_blocked, id=4440, stack(0x000000001b330000,0x000000001b430000)]
  0x00000000185c2800 JavaThread "Thread-9" [_thread_blocked, id=3740, stack(0x000000001b230000,0x000000001b330000)]
  0x00000000169c6000 JavaThread "Stdin handler" [_thread_blocked, id=10744, stack(0x000000001b130000,0x000000001b230000)]
  0x0000000018419800 JavaThread "Asynchronous log dispatcher for DefaultDaemonConnection: socket connection from /127.0.0.1:59403 to /127.0.0.1:59404" [_thread_blocked, id=9644, stack(0x000000001b030000,0x000000001b130000)]
=>0x0000000019748000 JavaThread "Daemon worker" [_thread_in_vm, id=6016, stack(0x000000001af30000,0x000000001b030000)]
  0x0000000019747800 JavaThread "Cancel handler" [_thread_blocked, id=6420, stack(0x000000001ae30000,0x000000001af30000)]
  0x0000000019bb1000 JavaThread "Handler for socket connection from /127.0.0.1:59403 to /127.0.0.1:59404" [_thread_in_native, id=13836, stack(0x000000001ab30000,0x000000001ac30000)]
  0x0000000019bae800 JavaThread "Daemon" [_thread_blocked, id=9404, stack(0x000000001aa30000,0x000000001ab30000)]
  0x0000000019b9c800 JavaThread "Daemon periodic checks" [_thread_blocked, id=1224, stack(0x000000001a930000,0x000000001aa30000)]
  0x0000000019b96000 JavaThread "Incoming local TCP Connector on port 59403" [_thread_in_native, id=7864, stack(0x000000001a6f0000,0x000000001a7f0000)]
  0x0000000019500000 JavaThread "Daemon health stats" [_thread_blocked, id=13448, stack(0x000000001a0b0000,0x000000001a1b0000)]
  0x0000000018311800 JavaThread "Service Thread" daemon [_thread_blocked, id=13288, stack(0x00000000186e0000,0x00000000187e0000)]
  0x00000000169a5000 JavaThread "C1 CompilerThread2" daemon [_thread_blocked, id=13320, stack(0x00000000181e0000,0x00000000182e0000)]
  0x000000001699d800 JavaThread "C2 CompilerThread1" daemon [_thread_blocked, id=2212, stack(0x00000000180e0000,0x00000000181e0000)]
  0x0000000016998800 JavaThread "C2 CompilerThread0" daemon [_thread_blocked, id=7608, stack(0x0000000017fe0000,0x00000000180e0000)]
  0x0000000016995800 JavaThread "Attach Listener" daemon [_thread_blocked, id=4632, stack(0x0000000017ee0000,0x0000000017fe0000)]
  0x0000000016994800 JavaThread "Signal Dispatcher" daemon [_thread_blocked, id=7276, stack(0x0000000017de0000,0x0000000017ee0000)]
  0x000000000301b000 JavaThread "Finalizer" daemon [_thread_blocked, id=8184, stack(0x0000000017be0000,0x0000000017ce0000)]
  0x0000000016979000 JavaThread "Reference Handler" daemon [_thread_blocked, id=1744, stack(0x0000000017ae0000,0x0000000017be0000)]
  0x000000000153e800 JavaThread "main" [_thread_blocked, id=8496, stack(0x0000000002d90000,0x0000000002e90000)]

Other Threads:
  0x0000000016956800 VMThread [stack: 0x00000000179e0000,0x0000000017ae0000] [id=10476]
  0x0000000018312000 WatcherThread [stack: 0x00000000187e0000,0x00000000188e0000] [id=6076]

VM state:not at safepoint (normal execution)

VM Mutex/Monitor currently owned by a thread: None

heap address: 0x00000000a0000000, size: 1536 MB, Compressed Oops mode: 32-bit
Narrow klass base: 0x0000000000000000, Narrow klass shift: 3
Compressed class space size: 1073741824 Address: 0x0000000100000000

Heap:
 PSYoungGen      total 79360K, used 35638K [0x00000000e0000000, 0x00000000e7300000, 0x0000000100000000)
  eden space 73216K, 48% used [0x00000000e0000000,0x00000000e22cdbf8,0x00000000e4780000)
  from space 6144K, 0% used [0x00000000e4780000,0x00000000e4780000,0x00000000e4d80000)
  to   space 7680K, 0% used [0x00000000e6b80000,0x00000000e6b80000,0x00000000e7300000)
 ParOldGen       total 48128K, used 17934K [0x00000000a0000000, 0x00000000a2f00000, 0x00000000e0000000)
  object space 48128K, 37% used [0x00000000a0000000,0x00000000a1183a20,0x00000000a2f00000)
 Metaspace       used 39525K, capacity 40366K, committed 40576K, reserved 1083392K
  class space    used 5384K, capacity 5647K, committed 5760K, reserved 1048576K

Card table byte_map: [0x00000000123e0000,0x00000000126f0000] byte_map_base: 0x0000000011ee0000

Marking Bits: (ParMarkBitMap*) 0x0000000066d49f30
 Begin Bits: [0x0000000012cf0000, 0x00000000144f0000)
 End Bits:   [0x00000000144f0000, 0x0000000015cf0000)

Polling page: 0x0000000000bf0000

CodeCache: size=245760Kb used=11101Kb max_used=11101Kb free=234658Kb
 bounds [0x0000000003020000, 0x0000000003b10000, 0x0000000012020000]
 total_blobs=3990 nmethods=3256 adapters=646
 compilation: enabled

Compilation events (10 events):
Event: 20.624 Thread 0x00000000169a5000 3490       3       com.google.common.collect.MapMakerInternalMap$Segment::copyEntry (19 bytes)
Event: 20.624 Thread 0x00000000169a5000 nmethod 3490 0x0000000003afef50 code [0x0000000003aff0c0, 0x0000000003aff3b8]
Event: 20.625 Thread 0x00000000169a5000 3491       3       com.google.common.collect.MapMakerInternalMap$StrongKeyWeakValueEntry::getValue (10 bytes)
Event: 20.625 Thread 0x00000000169a5000 nmethod 3491 0x0000000003afeb10 code [0x0000000003afec80, 0x0000000003afeea8]
Event: 20.652 Thread 0x00000000169a5000 3492       3       kotlin.jvm.internal.Intrinsics::checkParameterIsNotNull (9 bytes)
Event: 20.653 Thread 0x00000000169a5000 nmethod 3492 0x0000000003afe750 code [0x0000000003afe8c0, 0x0000000003afea68]
Event: 20.679 Thread 0x00000000169a5000 3493       3       kotlin.jvm.internal.Lambda::<init> (10 bytes)
Event: 20.679 Thread 0x00000000169a5000 nmethod 3493 0x0000000003afe390 code [0x0000000003afe4e0, 0x0000000003afe690]
Event: 20.706 Thread 0x00000000169a5000 3494       3       kotlin.jvm.internal.Intrinsics::checkExpressionValueIsNotNull (38 bytes)
Event: 20.706 Thread 0x00000000169a5000 nmethod 3494 0x0000000003b01110 code [0x0000000003b01300, 0x0000000003b01b48]

GC Heap History (10 events):
Event: 9.171 GC heap before
{Heap before GC invocations=11 (full 1):
 PSYoungGen      total 55808K, used 3697K [0x00000000e0000000, 0x00000000e3c00000, 0x0000000100000000)
  eden space 51200K, 0% used [0x00000000e0000000,0x00000000e0000000,0x00000000e3200000)
  from space 4608K, 80% used [0x00000000e3780000,0x00000000e3b1c690,0x00000000e3c00000)
  to   space 5120K, 0% used [0x00000000e3200000,0x00000000e3200000,0x00000000e3700000)
 ParOldGen       total 42496K, used 8339K [0x00000000a0000000, 0x00000000a2980000, 0x00000000e0000000)
  object space 42496K, 19% used [0x00000000a0000000,0x00000000a0824c70,0x00000000a2980000)
 Metaspace       used 20705K, capacity 21150K, committed 21296K, reserved 1067008K
  class space    used 2953K, capacity 3123K, committed 3200K, reserved 1048576K
Event: 9.276 GC heap after
Heap after GC invocations=11 (full 1):
 PSYoungGen      total 55808K, used 0K [0x00000000e0000000, 0x00000000e3c00000, 0x0000000100000000)
  eden space 51200K, 0% used [0x00000000e0000000,0x00000000e0000000,0x00000000e3200000)
  from space 4608K, 0% used [0x00000000e3780000,0x00000000e3780000,0x00000000e3c00000)
  to   space 5120K, 0% used [0x00000000e3200000,0x00000000e3200000,0x00000000e3700000)
 ParOldGen       total 30720K, used 8668K [0x00000000a0000000, 0x00000000a1e00000, 0x00000000e0000000)
  object space 30720K, 28% used [0x00000000a0000000,0x00000000a0877340,0x00000000a1e00000)
 Metaspace       used 20705K, capacity 21150K, committed 21296K, reserved 1067008K
  class space    used 2953K, capacity 3123K, committed 3200K, reserved 1048576K
}
Event: 11.318 GC heap before
{Heap before GC invocations=12 (full 1):
 PSYoungGen      total 55808K, used 51200K [0x00000000e0000000, 0x00000000e3c00000, 0x0000000100000000)
  eden space 51200K, 100% used [0x00000000e0000000,0x00000000e3200000,0x00000000e3200000)
  from space 4608K, 0% used [0x00000000e3780000,0x00000000e3780000,0x00000000e3c00000)
  to   space 5120K, 0% used [0x00000000e3200000,0x00000000e3200000,0x00000000e3700000)
 ParOldGen       total 30720K, used 8668K [0x00000000a0000000, 0x00000000a1e00000, 0x00000000e0000000)
  object space 30720K, 28% used [0x00000000a0000000,0x00000000a0877340,0x00000000a1e00000)
 Metaspace       used 27605K, capacity 28124K, committed 28288K, reserved 1073152K
  class space    used 3777K, capacity 3967K, committed 3968K, reserved 1048576K
Event: 11.332 GC heap after
Heap after GC invocations=12 (full 1):
 PSYoungGen      total 56320K, used 5118K [0x00000000e0000000, 0x00000000e5380000, 0x0000000100000000)
  eden space 51200K, 0% used [0x00000000e0000000,0x00000000e0000000,0x00000000e3200000)
  from space 5120K, 99% used [0x00000000e3200000,0x00000000e36ffbf8,0x00000000e3700000)
  to   space 6144K, 0% used [0x00000000e4d80000,0x00000000e4d80000,0x00000000e5380000)
 ParOldGen       total 30720K, used 10474K [0x00000000a0000000, 0x00000000a1e00000, 0x00000000e0000000)
  object space 30720K, 34% used [0x00000000a0000000,0x00000000a0a3a860,0x00000000a1e00000)
 Metaspace       used 27605K, capacity 28124K, committed 28288K, reserved 1073152K
  class space    used 3777K, capacity 3967K, committed 3968K, reserved 1048576K
}
Event: 13.623 GC heap before
{Heap before GC invocations=13 (full 1):
 PSYoungGen      total 56320K, used 56318K [0x00000000e0000000, 0x00000000e5380000, 0x0000000100000000)
  eden space 51200K, 100% used [0x00000000e0000000,0x00000000e3200000,0x00000000e3200000)
  from space 5120K, 99% used [0x00000000e3200000,0x00000000e36ffbf8,0x00000000e3700000)
  to   space 6144K, 0% used [0x00000000e4d80000,0x00000000e4d80000,0x00000000e5380000)
 ParOldGen       total 30720K, used 10474K [0x00000000a0000000, 0x00000000a1e00000, 0x00000000e0000000)
  object space 30720K, 34% used [0x00000000a0000000,0x00000000a0a3a860,0x00000000a1e00000)
 Metaspace       used 30890K, capacity 31382K, committed 31616K, reserved 1077248K
  class space    used 4202K, capacity 4368K, committed 4480K, reserved 1048576K
Event: 13.673 GC heap after
Heap after GC invocations=13 (full 1):
 PSYoungGen      total 79360K, used 4242K [0x00000000e0000000, 0x00000000e5380000, 0x0000000100000000)
  eden space 73216K, 0% used [0x00000000e0000000,0x00000000e0000000,0x00000000e4780000)
  from space 6144K, 69% used [0x00000000e4d80000,0x00000000e51a49e8,0x00000000e5380000)
  to   space 6144K, 0% used [0x00000000e4780000,0x00000000e4780000,0x00000000e4d80000)
 ParOldGen       total 30720K, used 13490K [0x00000000a0000000, 0x00000000a1e00000, 0x00000000e0000000)
  object space 30720K, 43% used [0x00000000a0000000,0x00000000a0d2c870,0x00000000a1e00000)
 Metaspace       used 30890K, capacity 31382K, committed 31616K, reserved 1077248K
  class space    used 4202K, capacity 4368K, committed 4480K, reserved 1048576K
}
Event: 18.602 GC heap before
{Heap before GC invocations=14 (full 1):
 PSYoungGen      total 79360K, used 76050K [0x00000000e0000000, 0x00000000e5380000, 0x0000000100000000)
  eden space 73216K, 98% used [0x00000000e0000000,0x00000000e46201a0,0x00000000e4780000)
  from space 6144K, 69% used [0x00000000e4d80000,0x00000000e51a49e8,0x00000000e5380000)
  to   space 6144K, 0% used [0x00000000e4780000,0x00000000e4780000,0x00000000e4d80000)
 ParOldGen       total 30720K, used 13490K [0x00000000a0000000, 0x00000000a1e00000, 0x00000000e0000000)
  object space 30720K, 43% used [0x00000000a0000000,0x00000000a0d2c870,0x00000000a1e00000)
 Metaspace       used 34710K, capacity 35372K, committed 35456K, reserved 1079296K
  class space    used 4768K, capacity 4981K, committed 4992K, reserved 1048576K
Event: 18.632 GC heap after
Heap after GC invocations=14 (full 1):
 PSYoungGen      total 79360K, used 6126K [0x00000000e0000000, 0x00000000e7300000, 0x0000000100000000)
  eden space 73216K, 0% used [0x00000000e0000000,0x00000000e0000000,0x00000000e4780000)
  from space 6144K, 99% used [0x00000000e4780000,0x00000000e4d7b868,0x00000000e4d80000)
  to   space 7680K, 0% used [0x00000000e6b80000,0x00000000e6b80000,0x00000000e7300000)
 ParOldGen       total 30720K, used 15559K [0x00000000a0000000, 0x00000000a1e00000, 0x00000000e0000000)
  object space 30720K, 50% used [0x00000000a0000000,0x00000000a0f31fc0,0x00000000a1e00000)
 Metaspace       used 34710K, capacity 35372K, committed 35456K, reserved 1079296K
  class space    used 4768K, capacity 4981K, committed 4992K, reserved 1048576K
}
Event: 18.632 GC heap before
{Heap before GC invocations=15 (full 2):
 PSYoungGen      total 79360K, used 6126K [0x00000000e0000000, 0x00000000e7300000, 0x0000000100000000)
  eden space 73216K, 0% used [0x00000000e0000000,0x00000000e0000000,0x00000000e4780000)
  from space 6144K, 99% used [0x00000000e4780000,0x00000000e4d7b868,0x00000000e4d80000)
  to   space 7680K, 0% used [0x00000000e6b80000,0x00000000e6b80000,0x00000000e7300000)
 ParOldGen       total 30720K, used 15559K [0x00000000a0000000, 0x00000000a1e00000, 0x00000000e0000000)
  object space 30720K, 50% used [0x00000000a0000000,0x00000000a0f31fc0,0x00000000a1e00000)
 Metaspace       used 34710K, capacity 35372K, committed 35456K, reserved 1079296K
  class space    used 4768K, capacity 4981K, committed 4992K, reserved 1048576K
Event: 18.750 GC heap after
Heap after GC invocations=15 (full 2):
 PSYoungGen      total 79360K, used 0K [0x00000000e0000000, 0x00000000e7300000, 0x0000000100000000)
  eden space 73216K, 0% used [0x00000000e0000000,0x00000000e0000000,0x00000000e4780000)
  from space 6144K, 0% used [0x00000000e4780000,0x00000000e4780000,0x00000000e4d80000)
  to   space 7680K, 0% used [0x00000000e6b80000,0x00000000e6b80000,0x00000000e7300000)
 ParOldGen       total 48128K, used 17934K [0x00000000a0000000, 0x00000000a2f00000, 0x00000000e0000000)
  object space 48128K, 37% used [0x00000000a0000000,0x00000000a1183a20,0x00000000a2f00000)
 Metaspace       used 34710K, capacity 35372K, committed 35456K, reserved 1079296K
  class space    used 4768K, capacity 4981K, committed 4992K, reserved 1048576K
}

Deoptimization events (10 events):
Event: 11.909 Thread 0x0000000019748000 Uncommon trap: reason=class_check action=maybe_recompile pc=0x000000000316ab98 method=java.util.regex.Pattern$BmpCharProperty.match(Ljava/util/regex/Matcher;ILjava/lang/CharSequence;)Z @ 11
Event: 11.951 Thread 0x0000000019748000 Uncommon trap: reason=unstable_if action=reinterpret pc=0x00000000032babcc method=java.io.WinNTFileSystem.resolve(Ljava/lang/String;Ljava/lang/String;)Ljava/lang/String; @ 49
Event: 12.036 Thread 0x0000000019748000 Uncommon trap: reason=unstable_if action=reinterpret pc=0x000000000380a738 method=org.codehaus.groovy.runtime.metaclass.MetaMethodIndex.addMethodToList(Ljava/lang/Object;Lgroovy/lang/MetaMethod;)Ljava/lang/Object; @ 226
Event: 14.226 Thread 0x0000000019748000 Uncommon trap: reason=unstable_if action=reinterpret pc=0x00000000031bce20 method=java.net.URI.match(CJJ)Z @ 45
Event: 16.468 Thread 0x0000000019748000 Uncommon trap: reason=unstable_if action=reinterpret pc=0x0000000003939188 method=java.util.concurrent.ConcurrentHashMap.get(Ljava/lang/Object;)Ljava/lang/Object; @ 76
Event: 16.469 Thread 0x0000000019748000 Uncommon trap: reason=class_check action=maybe_recompile pc=0x0000000003546020 method=java.util.concurrent.ConcurrentHashMap.putVal(Ljava/lang/Object;Ljava/lang/Object;Z)Ljava/lang/Object; @ 192
Event: 17.050 Thread 0x000000001d0cd800 Uncommon trap: reason=class_check action=maybe_recompile pc=0x0000000003546020 method=java.util.concurrent.ConcurrentHashMap.putVal(Ljava/lang/Object;Ljava/lang/Object;Z)Ljava/lang/Object; @ 192
Event: 18.572 Thread 0x0000000019748000 Uncommon trap: reason=range_check action=make_not_entrant pc=0x00000000038f8ddc method=java.lang.String.charAt(I)C @ 27
Event: 19.815 Thread 0x0000000019748000 Uncommon trap: reason=unstable_if action=reinterpret pc=0x00000000035c3ce4 method=java.lang.Integer.valueOf(I)Ljava/lang/Integer; @ 3
Event: 19.936 Thread 0x0000000019748000 Uncommon trap: reason=unstable_if action=reinterpret pc=0x0000000003931db8 method=java.security.CodeSource.hashCode()I @ 4

Classes redefined (0 events):
No events

Internal exceptions (10 events):
Event: 18.782 Thread 0x0000000019748000 Exception <a 'java/lang/ClassNotFoundException': org/gradle/api/DefaultTaskCustomizer> (0x00000000e0271ca0) thrown at [D:\src\AOSP-openjdk-cygwin\jdk8u\hotspot\src\share\vm\classfile\systemDictionary.cpp, line 210]
Event: 18.783 Thread 0x0000000019748000 Exception <a 'java/lang/ClassNotFoundException': org/gradle/api/internal/ConventionTaskCustomizer> (0x00000000e02b0140) thrown at [D:\src\AOSP-openjdk-cygwin\jdk8u\hotspot\src\share\vm\classfile\systemDictionary.cpp, line 210]
Event: 18.786 Thread 0x0000000019748000 Exception <a 'java/lang/ClassNotFoundException': org/gradle/api/tasks/DeleteCustomizer> (0x00000000e02ebb20) thrown at [D:\src\AOSP-openjdk-cygwin\jdk8u\hotspot\src\share\vm\classfile\systemDictionary.cpp, line 210]
Event: 18.789 Thread 0x0000000019748000 Exception <a 'java/lang/ClassNotFoundException': org/gradle/api/tasks/Delete_DecoratedCustomizer> (0x00000000e03345d0) thrown at [D:\src\AOSP-openjdk-cygwin\jdk8u\hotspot\src\share\vm\classfile\systemDictionary.cpp, line 210]
Event: 18.852 Thread 0x0000000019748000 Exception <a 'java/lang/ClassNotFoundException': build_4kotmz9htqxgcrjjbebbnmw8tBeanInfo> (0x00000000e0426c90) thrown at [D:\src\AOSP-openjdk-cygwin\jdk8u\hotspot\src\share\vm\classfile\systemDictionary.cpp, line 210]
Event: 18.852 Thread 0x0000000019748000 Exception <a 'java/lang/ClassNotFoundException': build_4kotmz9htqxgcrjjbebbnmw8tCustomizer> (0x00000000e0432870) thrown at [D:\src\AOSP-openjdk-cygwin\jdk8u\hotspot\src\share\vm\classfile\systemDictionary.cpp, line 210]
Event: 18.870 Thread 0x0000000019748000 Exception <a 'java/lang/ClassNotFoundException': org/gradle/api/internal/plugins/DefaultObjectConfigurationActionBeanInfo> (0x00000000e04a1708) thrown at [D:\src\AOSP-openjdk-cygwin\jdk8u\hotspot\src\share\vm\classfile\systemDictionary.cpp, line 210]
Event: 18.872 Thread 0x0000000019748000 Exception <a 'java/lang/ClassNotFoundException': org/gradle/api/internal/plugins/DefaultObjectConfigurationActionCustomizer> (0x00000000e04de8a8) thrown at [D:\src\AOSP-openjdk-cygwin\jdk8u\hotspot\src\share\vm\classfile\systemDictionary.cpp, line 210]
Event: 19.936 Thread 0x0000000019748000 Implicit null exception at 0x00000000039300ac to 0x0000000003931d61
Event: 20.283 Thread 0x0000000019748000 Exception <a 'sun/nio/fs/WindowsException'> (0x00000000e15e0970) thrown at [D:\src\AOSP-openjdk-cygwin\jdk8u\hotspot\src\share\vm\prims\jni.cpp, line 710]

Events (10 events):
Event: 20.891 loading class kotlin/reflect/jvm/internal/impl/types/UnwrappedType
Event: 20.891 loading class kotlin/reflect/jvm/internal/impl/types/UnwrappedType done
Event: 20.892 loading class kotlin/reflect/jvm/internal/impl/descriptors/deserialization/AdditionalClassPartsProvider
Event: 20.892 loading class kotlin/reflect/jvm/internal/impl/descriptors/deserialization/AdditionalClassPartsProvider done
Event: 20.894 loading class kotlin/reflect/jvm/internal/impl/builtins/ReflectionTypesKt
Event: 20.894 loading class kotlin/reflect/jvm/internal/impl/builtins/ReflectionTypesKt done
Event: 20.894 loading class kotlin/reflect/jvm/internal/impl/resolve/DescriptorUtils
Event: 20.894 loading class kotlin/reflect/jvm/internal/impl/resolve/DescriptorUtils done
Event: 20.901 loading class kotlin/reflect/jvm/internal/impl/descriptors/DeclarationDescriptorWithVisibility
Event: 20.901 loading class kotlin/reflect/jvm/internal/impl/descriptors/DeclarationDescriptorWithVisibility done


Dynamic libraries:
0x00007ff6d8d10000 - 0x00007ff6d8d41000 	C:\Program Files\Android\Android Studio\jre\bin\java.exe
0x00007ffc42ea0000 - 0x00007ffc43090000 	C:\WINDOWS\SYSTEM32\ntdll.dll
0x00007ffc42c40000 - 0x00007ffc42cf2000 	C:\WINDOWS\System32\KERNEL32.DLL
0x00007ffc40170000 - 0x00007ffc40413000 	C:\WINDOWS\System32\KERNELBASE.dll
0x00007ffc41a00000 - 0x00007ffc41aa3000 	C:\WINDOWS\System32\ADVAPI32.dll
0x00007ffc41ae0000 - 0x00007ffc41b7e000 	C:\WINDOWS\System32\msvcrt.dll
0x00007ffc42510000 - 0x00007ffc425a7000 	C:\WINDOWS\System32\sechost.dll
0x00007ffc417a0000 - 0x00007ffc418c0000 	C:\WINDOWS\System32\RPCRT4.dll
0x00007ffc425b0000 - 0x00007ffc42744000 	C:\WINDOWS\System32\USER32.dll
0x00007ffc40f20000 - 0x00007ffc40f41000 	C:\WINDOWS\System32\win32u.dll
0x00007ffc41ab0000 - 0x00007ffc41ad6000 	C:\WINDOWS\System32\GDI32.dll
0x00007ffc40d00000 - 0x00007ffc40e94000 	C:\WINDOWS\System32\gdi32full.dll
0x00007ffc3fe30000 - 0x00007ffc3fece000 	C:\WINDOWS\System32\msvcp_win.dll
0x00007ffc40040000 - 0x00007ffc4013a000 	C:\WINDOWS\System32\ucrtbase.dll
0x00007ffc25c20000 - 0x00007ffc25ea5000 	C:\WINDOWS\WinSxS\amd64_microsoft.windows.common-controls_6595b64144ccf1df_6.0.18362.476_none_e6c4b11b130f2595\COMCTL32.dll
0x00007ffc428a0000 - 0x00007ffc42bd6000 	C:\WINDOWS\System32\combase.dll
0x00007ffc40ea0000 - 0x00007ffc40f20000 	C:\WINDOWS\System32\bcryptPrimitives.dll
0x00007ffc41770000 - 0x00007ffc4179e000 	C:\WINDOWS\System32\IMM32.DLL
0x0000000068640000 - 0x0000000068712000 	C:\Program Files\Android\Android Studio\jre\jre\bin\msvcr100.dll
0x0000000066580000 - 0x0000000066dc6000 	C:\Program Files\Android\Android Studio\jre\jre\bin\server\jvm.dll
0x00007ffc42360000 - 0x00007ffc42368000 	C:\WINDOWS\System32\PSAPI.DLL
0x00007ffc3c390000 - 0x00007ffc3c3b4000 	C:\WINDOWS\SYSTEM32\WINMM.dll
0x00007ffc3c360000 - 0x00007ffc3c38d000 	C:\WINDOWS\SYSTEM32\WINMMBASE.dll
0x00007ffc33ac0000 - 0x00007ffc33aca000 	C:\WINDOWS\SYSTEM32\VERSION.dll
0x00007ffc40cb0000 - 0x00007ffc40cfa000 	C:\WINDOWS\System32\cfgmgr32.dll
0x00007ffc18cd0000 - 0x00007ffc18cd9000 	C:\WINDOWS\SYSTEM32\WSOCK32.dll
0x00007ffc42370000 - 0x00007ffc423df000 	C:\WINDOWS\System32\ws2_32.DLL
0x00007ffc27100000 - 0x00007ffc2710f000 	C:\Program Files\Android\Android Studio\jre\jre\bin\verify.dll
0x00007ffc270d0000 - 0x00007ffc270f9000 	C:\Program Files\Android\Android Studio\jre\jre\bin\java.dll
0x00007ffc270b0000 - 0x00007ffc270c6000 	C:\Program Files\Android\Android Studio\jre\jre\bin\zip.dll
0x00007ffc41b80000 - 0x00007ffc42265000 	C:\WINDOWS\System32\SHELL32.dll
0x00007ffc415d0000 - 0x00007ffc41679000 	C:\WINDOWS\System32\shcore.dll
0x00007ffc40530000 - 0x00007ffc40cae000 	C:\WINDOWS\System32\windows.storage.dll
0x00007ffc3fdc0000 - 0x00007ffc3fddf000 	C:\WINDOWS\System32\profapi.dll
0x00007ffc3fde0000 - 0x00007ffc3fe2a000 	C:\WINDOWS\System32\powrprof.dll
0x00007ffc3fd70000 - 0x00007ffc3fd80000 	C:\WINDOWS\System32\UMPDC.dll
0x00007ffc42be0000 - 0x00007ffc42c32000 	C:\WINDOWS\System32\shlwapi.dll
0x00007ffc3fd80000 - 0x00007ffc3fd91000 	C:\WINDOWS\System32\kernel.appcore.dll
0x00007ffc40020000 - 0x00007ffc40037000 	C:\WINDOWS\System32\cryptsp.dll
0x00007ffc27090000 - 0x00007ffc270aa000 	C:\Program Files\Android\Android Studio\jre\jre\bin\net.dll
0x00007ffc3f5e0000 - 0x00007ffc3f647000 	C:\WINDOWS\system32\mswsock.dll
0x00007ffc27070000 - 0x00007ffc27081000 	C:\Program Files\Android\Android Studio\jre\jre\bin\nio.dll
0x00007ffc27030000 - 0x00007ffc27056000 	C:\Users\slevi\.gradle\native\29\windows-amd64\native-platform.dll
0x00007ffc27060000 - 0x00007ffc2706d000 	C:\Program Files\Android\Android Studio\jre\jre\bin\management.dll
0x00007ffc3f150000 - 0x00007ffc3f183000 	C:\WINDOWS\system32\rsaenh.dll
0x00007ffc40140000 - 0x00007ffc40166000 	C:\WINDOWS\System32\bcrypt.dll
0x00007ffc3fc60000 - 0x00007ffc3fc85000 	C:\WINDOWS\SYSTEM32\USERENV.dll
0x00007ffc3f7b0000 - 0x00007ffc3f7bc000 	C:\WINDOWS\SYSTEM32\CRYPTBASE.dll
0x00007ffc3f2f0000 - 0x00007ffc3f32a000 	C:\WINDOWS\SYSTEM32\IPHLPAPI.DLL
0x00007ffc42750000 - 0x00007ffc42758000 	C:\WINDOWS\System32\NSI.dll
0x00007ffc38f10000 - 0x00007ffc38f26000 	C:\WINDOWS\SYSTEM32\dhcpcsvc6.DLL
0x00007ffc3a520000 - 0x00007ffc3a53c000 	C:\WINDOWS\SYSTEM32\dhcpcsvc.DLL
0x00007ffc3f330000 - 0x00007ffc3f3fa000 	C:\WINDOWS\SYSTEM32\DNSAPI.dll

VM Arguments:
jvm_args: -Xmx1536m -Dfile.encoding=windows-1251 -Duser.country=UA -Duser.language=uk -Duser.variant 
java_command: org.gradle.launcher.daemon.bootstrap.GradleDaemon 5.4.1
java_class_path (initial): C:\Users\slevi\.gradle\wrapper\dists\gradle-5.4.1-all\3221gyojl5jsh0helicew7rwx\gradle-5.4.1\lib\gradle-launcher-5.4.1.jar
Launcher Type: SUN_STANDARD

Environment Variables:
JAVA_HOME=C:\Program Files\Java\jdk-11.0.2
PATH=C:\Program Files (x86)\NVIDIA Corporation\PhysX\Common;C:\Program Files (x86)\Common Files\Oracle\Java\javapath;C:\WINDOWS\system32;C:\WINDOWS;C:\WINDOWS\System32\Wbem;C:\WINDOWS\System32\WindowsPowerShell\v1.0\;C:\Program Files\Git\cmd;C:\WINDOWS\System32\OpenSSH\;C:\Users\slevi\apache-maven-3.6.1\bin;C:\Program Files\Java\jdk-11.0.2\bin;C:\Users\slevi\apache-tomcat-9.0.17\bin;C:\Program Files\nodejs\;C:\Program Files\Common Files\Autodesk Shared\;C:\Program Files\Microsoft SQL Server\120\Tools\Binn\;C:\Program Files\Microsoft SQL Server\Client SDK\ODBC\110\Tools\Binn\;C:\Program Files (x86)\Microsoft SQL Server\120\Tools\Binn\;C:\Program Files\Microsoft SQL Server\120\DTS\Binn\;C:\Program Files (x86)\Windows Kits\8.1\Windows Performance Toolkit\;C:\Users\slevi\AppData\Local\Microsoft\WindowsApps;C:\Users\slevi\AppData\Roaming\npm;C:\Users\slevi\AppData\Local\Programs\Microsoft VS Code\bin;
USERNAME=slevi
OS=Windows_NT
PROCESSOR_IDENTIFIER=Intel64 Family 6 Model 142 Stepping 9, GenuineIntel



---------------  S Y S T E M  ---------------

OS: Windows 10.0 , 64 bit Build 18362 (10.0.18362.329)

CPU:total 4 (initial active 4) (2 cores per cpu, 2 threads per core) family 6 model 142 stepping 9, cmov, cx8, fxsr, mmx, sse, sse2, sse3, ssse3, sse4.1, sse4.2, popcnt, avx, avx2, aes, clmul, erms, 3dnowpref, lzcnt, ht, tsc, tscinvbit, bmi1, bmi2, adx

Memory: 4k page, physical 4059364k(55628k free), swap 12447972k(0k free)

vm_info: OpenJDK 64-Bit Server VM (25.202-b03) for windows-amd64 JRE (1.8.0_202-release-1483-b03), built by "builder" with MS VC++ 10.0 (VS2010)

time: Sun Nov 17 11:47:03 2019
timezone:  ()
elapsed time: 20 seconds (0d 0h 0m 20s)

